#
# A fatal error has been detected by the Java Runtime Environment:
#
#  EXCEPTION_ACCESS_VIOLATION (0xc0000005) at pc=0x00007fff4469c1b6, pid=15608, tid=17040
#
# JRE version: OpenJDK Runtime Environment Temurin-21.0.2+13 (21.0.2+13) (build 21.0.2+13-LTS)
# Java VM: OpenJDK 64-Bit Server VM Temurin-21.0.2+13 (21.0.2+13-LTS, mixed mode, emulated-client, sharing, tiered, compressed oops, compressed class ptrs, g1 gc, windows-amd64)
# Problematic frame:
# V  [jvm.dll+0xc1b6]
#
# No core dump will be written. Minidumps are not enabled by default on client versions of Windows
#
# If you would like to submit a bug report, please visit:
#   https://github.com/adoptium/adoptium-support/issues
#

---------------  S U M M A R Y ------------

Command Line: -XX:+ShowCodeDetailsInExceptionMessages -agentlib:jdwp=transport=dt_socket,suspend=y,address=localhost:52590 -Dcom.sun.management.jmxremote -Dcom.sun.management.jmxremote.port=52589 -Dcom.sun.management.jmxremote.authenticate=false -Dcom.sun.management.jmxremote.ssl=false -Djava.rmi.server.hostname=localhost -Dspring.jmx.enabled=true -Dmanagement.endpoints.jmx.exposure.include=* -Dspring.application.admin.enabled=true -XX:TieredStopAtLevel=1 -Dspring.boot.project.name=myportfolio -javaagent:C:\pleiades\2024-03\eclipse\configuration\org.eclipse.osgi\251\0\.cp\lib\javaagent-shaded.jar -Dfile.encoding=UTF-8 -Dstdout.encoding=UTF-8 -Dstderr.encoding=UTF-8 com.example.demo.MyportfolioApplication --spring.output.ansi.enabled=always

Host: Intel(R) Core(TM) i7-8700 CPU @ 3.20GHz, 12 cores, 31G,  Windows 11 , 64 bit Build 22621 (10.0.22621.3672)
Time: Fri Jul 19 15:55:38 2024  Windows 11 , 64 bit Build 22621 (10.0.22621.3672) elapsed time: 941.792878 seconds (0d 0h 15m 41s)

---------------  T H R E A D  ---------------

Current thread (0x000001c0c5cb3870):  WorkerThread "GC Thread#9"    [id=17040, stack(0x0000005a4d600000,0x0000005a4d700000) (1024K)]

Stack: [0x0000005a4d600000,0x0000005a4d700000],  sp=0x0000005a4d6fe1e8,  free space=1016k
Native frames: (J=compiled Java code, j=interpreted, Vv=VM code, C=native code)
V  [jvm.dll+0xc1b6]

JavaThread 0x000001c0c514f900 (nid = 23592) was being processed
Java frames: (J=compiled Java code, j=interpreted, Vv=VM code)
j  java.lang.invoke.DirectMethodHandle$Holder.newInvokeSpecial(Ljava/lang/Object;Ljava/lang/Object;)Ljava/lang/Object;+16 java.base@21.0.2
J 2664 c1 java.lang.invoke.LambdaForm$MH+0x000001c081001c00.invoke(Ljava/lang/Object;Ljava/lang/Object;)Ljava/lang/Object; java.base@21.0.2 (35 bytes) @ 0x000001c0ec46a7ec [0x000001c0ec46a6e0+0x000000000000010c]
J 908 c1 jdk.internal.reflect.DirectConstructorHandleAccessor.newInstance([Ljava/lang/Object;)Ljava/lang/Object; java.base@21.0.2 (130 bytes) @ 0x000001c0ec16b4a4 [0x000001c0ec16b260+0x0000000000000244]
J 907 c1 java.lang.reflect.Constructor.newInstanceWithCaller([Ljava/lang/Object;ZLjava/lang/Class;)Ljava/lang/Object; java.base@21.0.2 (51 bytes) @ 0x000001c0ec1674bc [0x000001c0ec1673e0+0x00000000000000dc]
J 3405 c1 org.springframework.beans.BeanUtils.instantiateClass(Ljava/lang/reflect/Constructor;[Ljava/lang/Object;)Ljava/lang/Object; (208 bytes) @ 0x000001c0ec5dd68c [0x000001c0ec5dd180+0x000000000000050c]
j  org.springframework.beans.factory.support.SimpleInstantiationStrategy.instantiate(Lorg/springframework/beans/factory/support/RootBeanDefinition;Ljava/lang/String;Lorg/springframework/beans/factory/BeanFactory;Ljava/lang/reflect/Constructor;[Ljava/lang/Object;)Ljava/lang/Object;+11
j  org.springframework.beans.factory.support.ConstructorResolver.instantiate(Ljava/lang/String;Lorg/springframework/beans/factory/support/RootBeanDefinition;Ljava/lang/reflect/Constructor;[Ljava/lang/Object;)Ljava/lang/Object;+20
j  org.springframework.beans.factory.support.ConstructorResolver.autowireConstructor(Ljava/lang/String;Lorg/springframework/beans/factory/support/RootBeanDefinition;[Ljava/lang/reflect/Constructor;[Ljava/lang/Object;)Lorg/springframework/beans/BeanWrapper;+900
j  org.springframework.beans.factory.support.AbstractAutowireCapableBeanFactory.autowireConstructor(Ljava/lang/String;Lorg/springframework/beans/factory/support/RootBeanDefinition;[Ljava/lang/reflect/Constructor;[Ljava/lang/Object;)Lorg/springframework/beans/BeanWrapper;+13
j  org.springframework.beans.factory.support.AbstractAutowireCapableBeanFactory.createBeanInstance(Ljava/lang/String;Lorg/springframework/beans/factory/support/RootBeanDefinition;[Ljava/lang/Object;)Lorg/springframework/beans/BeanWrapper;+213
j  org.springframework.beans.factory.support.AbstractAutowireCapableBeanFactory.doCreateBean(Ljava/lang/String;Lorg/springframework/beans/factory/support/RootBeanDefinition;[Ljava/lang/Object;)Ljava/lang/Object;+34
j  org.springframework.beans.factory.support.AbstractAutowireCapableBeanFactory.createBean(Ljava/lang/String;Lorg/springframework/beans/factory/support/RootBeanDefinition;[Ljava/lang/Object;)Ljava/lang/Object;+153
j  org.springframework.beans.factory.support.AbstractBeanFactory.lambda$doGetBean$0(Ljava/lang/String;Lorg/springframework/beans/factory/support/RootBeanDefinition;[Ljava/lang/Object;)Ljava/lang/Object;+4
j  org.springframework.beans.factory.support.AbstractBeanFactory$$Lambda+0x000001c0812533f0.getObject()Ljava/lang/Object;+16
j  org.springframework.beans.factory.support.DefaultSingletonBeanRegistry.getSingleton(Ljava/lang/String;Lorg/springframework/beans/factory/ObjectFactory;)Ljava/lang/Object;+114
J 3254 c1 org.springframework.beans.factory.support.AbstractBeanFactory.doGetBean(Ljava/lang/String;Ljava/lang/Class;[Ljava/lang/Object;Z)Ljava/lang/Object; (787 bytes) @ 0x000001c0ec59a534 [0x000001c0ec599ec0+0x0000000000000674]
j  org.springframework.beans.factory.support.AbstractBeanFactory.getBean(Ljava/lang/String;)Ljava/lang/Object;+5
j  org.springframework.beans.factory.config.DependencyDescriptor.resolveCandidate(Ljava/lang/String;Ljava/lang/Class;Lorg/springframework/beans/factory/BeanFactory;)Ljava/lang/Object;+2
j  org.springframework.beans.factory.support.DefaultListableBeanFactory.doResolveDependency(Lorg/springframework/beans/factory/config/DependencyDescriptor;Ljava/lang/String;Ljava/util/Set;Lorg/springframework/beans/TypeConverter;)Ljava/lang/Object;+473
j  org.springframework.beans.factory.support.DefaultListableBeanFactory.resolveDependency(Lorg/springframework/beans/factory/config/DependencyDescriptor;Ljava/lang/String;Ljava/util/Set;Lorg/springframework/beans/TypeConverter;)Ljava/lang/Object;+117
j  org.springframework.beans.factory.support.ConstructorResolver.resolveAutowiredArgument(Lorg/springframework/beans/factory/config/DependencyDescriptor;Ljava/lang/Class;Ljava/lang/String;Ljava/util/Set;Lorg/springframework/beans/TypeConverter;Z)Ljava/lang/Object;+53
j  org.springframework.beans.factory.support.ConstructorResolver.createArgumentArray(Ljava/lang/String;Lorg/springframework/beans/factory/support/RootBeanDefinition;Lorg/springframework/beans/factory/config/ConstructorArgumentValues;Lorg/springframework/beans/BeanWrapper;[Ljava/lang/Class;[Ljava/lang/String;Ljava/lang/reflect/Executable;ZZ)Lorg/springframework/beans/factory/support/ConstructorResolver$ArgumentsHolder;+420
j  org.springframework.beans.factory.support.ConstructorResolver.autowireConstructor(Ljava/lang/String;Lorg/springframework/beans/factory/support/RootBeanDefinition;[Ljava/lang/reflect/Constructor;[Ljava/lang/Object;)Lorg/springframework/beans/BeanWrapper;+530
j  org.springframework.beans.factory.support.AbstractAutowireCapableBeanFactory.autowireConstructor(Ljava/lang/String;Lorg/springframework/beans/factory/support/RootBeanDefinition;[Ljava/lang/reflect/Constructor;[Ljava/lang/Object;)Lorg/springframework/beans/BeanWrapper;+13
j  org.springframework.beans.factory.support.AbstractAutowireCapableBeanFactory.createBeanInstance(Ljava/lang/String;Lorg/springframework/beans/factory/support/RootBeanDefinition;[Ljava/lang/Object;)Lorg/springframework/beans/BeanWrapper;+213
j  org.springframework.beans.factory.support.AbstractAutowireCapableBeanFactory.doCreateBean(Ljava/lang/String;Lorg/springframework/beans/factory/support/RootBeanDefinition;[Ljava/lang/Object;)Ljava/lang/Object;+34
j  org.springframework.beans.factory.support.AbstractAutowireCapableBeanFactory.createBean(Ljava/lang/String;Lorg/springframework/beans/factory/support/RootBeanDefinition;[Ljava/lang/Object;)Ljava/lang/Object;+153
j  org.springframework.beans.factory.support.AbstractBeanFactory.lambda$doGetBean$0(Ljava/lang/String;Lorg/springframework/beans/factory/support/RootBeanDefinition;[Ljava/lang/Object;)Ljava/lang/Object;+4
j  org.springframework.beans.factory.support.AbstractBeanFactory$$Lambda+0x000001c0812533f0.getObject()Ljava/lang/Object;+16
j  org.springframework.beans.factory.support.DefaultSingletonBeanRegistry.getSingleton(Ljava/lang/String;Lorg/springframework/beans/factory/ObjectFactory;)Ljava/lang/Object;+114
J 3254 c1 org.springframework.beans.factory.support.AbstractBeanFactory.doGetBean(Ljava/lang/String;Ljava/lang/Class;[Ljava/lang/Object;Z)Ljava/lang/Object; (787 bytes) @ 0x000001c0ec59a534 [0x000001c0ec599ec0+0x0000000000000674]
j  org.springframework.beans.factory.support.AbstractBeanFactory.getBean(Ljava/lang/String;)Ljava/lang/Object;+5
j  org.springframework.beans.factory.support.DefaultListableBeanFactory.preInstantiateSingletons()V+152
j  org.springframework.context.support.AbstractApplicationContext.finishBeanFactoryInitialization(Lorg/springframework/beans/factory/config/ConfigurableListableBeanFactory;)V+135
j  org.springframework.context.support.AbstractApplicationContext.refresh()V+94
j  org.springframework.boot.web.servlet.context.ServletWebServerApplicationContext.refresh()V+1
j  org.springframework.boot.SpringApplication.refresh(Lorg/springframework/context/ConfigurableApplicationContext;)V+1
j  org.springframework.boot.SpringApplication.refreshContext(Lorg/springframework/context/ConfigurableApplicationContext;)V+16
j  org.springframework.boot.SpringApplication.run([Ljava/lang/String;)Lorg/springframework/context/ConfigurableApplicationContext;+110
j  org.springframework.boot.SpringApplication.run([Ljava/lang/Class;[Ljava/lang/String;)Lorg/springframework/context/ConfigurableApplicationContext;+9
j  org.springframework.boot.SpringApplication.run(Ljava/lang/Class;[Ljava/lang/String;)Lorg/springframework/context/ConfigurableApplicationContext;+9
j  com.example.demo.MyportfolioApplication.main([Ljava/lang/String;)V+3
j  java.lang.invoke.LambdaForm$DMH+0x000001c081004c00.invokeStatic(Ljava/lang/Object;Ljava/lang/Object;)V+10 java.base@21.0.2
j  java.lang.invoke.LambdaForm$MH+0x000001c081138800.invoke(Ljava/lang/Object;Ljava/lang/Object;Ljava/lang/Object;)Ljava/lang/Object;+33 java.base@21.0.2
j  java.lang.invoke.Invokers$Holder.invokeExact_MT(Ljava/lang/Object;Ljava/lang/Object;Ljava/lang/Object;Ljava/lang/Object;)Ljava/lang/Object;+20 java.base@21.0.2
j  jdk.internal.reflect.DirectMethodHandleAccessor.invokeImpl(Ljava/lang/Object;[Ljava/lang/Object;)Ljava/lang/Object;+55 java.base@21.0.2
j  jdk.internal.reflect.DirectMethodHandleAccessor.invoke(Ljava/lang/Object;[Ljava/lang/Object;)Ljava/lang/Object;+23 java.base@21.0.2
j  java.lang.reflect.Method.invoke(Ljava/lang/Object;[Ljava/lang/Object;)Ljava/lang/Object;+102 java.base@21.0.2
j  org.springframework.boot.devtools.restart.RestartLauncher.run()V+47
v  ~StubRoutines::call_stub 0x000001c0ebd3100d

siginfo: EXCEPTION_ACCESS_VIOLATION (0xc0000005), reading address 0x000001c10072d0b8


Registers:
RAX=0x0000000000000000, RBX=0x0000000000000000, RCX=0x0000005a4dbfce28, RDX=0x0000005a4dbfce28
RSP=0x0000005a4d6fe1e8, RBP=0x0000005a4d6fe3c0, RSI=0x0000005a4d6fe590, RDI=0x0000005a4dbfce28
R8 =0x000001c10072d0b0, R9 =0x0000005a4dbfce28, R10=0x000001c0ebd30000, R11=0x0000005a4d6fe438
R12=0x000001c0805447e8, R13=0x0000005a4dbfce28, R14=0x000001c0c6314b60, R15=0x000001c10072d0b0
RIP=0x00007fff4469c1b6, EFLAGS=0x0000000000010202


Register to memory mapping:

RAX=0x0 is null
RBX=0x0 is null
RCX=0x0000005a4dbfce28 is pointing into the stack for thread: 0x000001c0c514f900
RDX=0x0000005a4dbfce28 is pointing into the stack for thread: 0x000001c0c514f900
RSP=0x0000005a4d6fe1e8 points into unknown readable memory: 0x00007fff449e59db | db 59 9e 44 ff 7f 00 00
RBP=0x0000005a4d6fe3c0 points into unknown readable memory: 0x0000000000000000 | 00 00 00 00 00 00 00 00
RSI=0x0000005a4d6fe590 points into unknown readable memory: 0x0000005a4dbfce18 | 18 ce bf 4d 5a 00 00 00
RDI=0x0000005a4dbfce28 is pointing into the stack for thread: 0x000001c0c514f900
R8 =0x000001c10072d0b0 is an unknown value
R9 =0x0000005a4dbfce28 is pointing into the stack for thread: 0x000001c0c514f900
R10=0x000001c0ebd30000 points into unknown readable memory: 0x0000000000000006 | 06 00 00 00 00 00 00 00
R11=0x0000005a4d6fe438 points into unknown readable memory: 0x00007fff449a3f7d | 7d 3f 9a 44 ff 7f 00 00
R12=0x000001c0805447e8 is pointing into metadata
R13=0x0000005a4dbfce28 is pointing into the stack for thread: 0x000001c0c514f900
R14=0x000001c0c6314b60 points into unknown readable memory: 0x00007fff450b27d8 | d8 27 0b 45 ff 7f 00 00
R15=0x000001c10072d0b0 is an unknown value

Top of Stack: (sp=0x0000005a4d6fe1e8)
0x0000005a4d6fe1e8:   00007fff449e59db 0000000000000000
0x0000005a4d6fe1f8:   000001c0c79f6ca0 000000000000012f
0x0000005a4d6fe208:   00007fff44d4814f 000000000000012f
0x0000005a4d6fe218:   0000000000000013 000001c0c5157f08
0x0000005a4d6fe228:   00007fff44e22111 0000000000000009
0x0000005a4d6fe238:   0000000000000008 000001c0c799d4c8
0x0000005a4d6fe248:   0000000000000000 000001c0c5c19fe0
0x0000005a4d6fe258:   000001c0c5157b20 000001c0805447e8
0x0000005a4d6fe268:   0000005a4dbfce28 0000005a4d6fe590
0x0000005a4d6fe278:   0000005a4d6fe3c0 000001c0c7c49338
0x0000005a4d6fe288:   00007fff449f3fe4 0000005a4d6fe350
0x0000005a4d6fe298:   0000005a4d6fe590 000001c080480090
0x0000005a4d6fe2a8:   0000000000000000 000001c0c7c49338
0x0000005a4d6fe2b8:   00007fff449a452b 0000000000000002
0x0000005a4d6fe2c8:   000001c0800b6488 000001c0c7c49338
0x0000005a4d6fe2d8:   0000005a4d6fe590 0000001000000001
0x0000005a4d6fe2e8:   000001c0800b6488 000001c0c5cb3870
0x0000005a4d6fe2f8:   000001c000000004 00000000000003d8
0x0000005a4d6fe308:   000001c0c5157b30 000001c0c5157f08
0x0000005a4d6fe318:   000001c08072d0b0 00000000000000b8
0x0000005a4d6fe328:   000001c0800b6488 00007fff450a9f00
0x0000005a4d6fe338:   0000005a4d6fe590 000001c0c799d4c8
0x0000005a4d6fe348:   0000000400000003 000001c0805447e8
0x0000005a4d6fe358:   0000001300000001 0000000000000044
0x0000005a4d6fe368:   000000010000000c 000001c080480090
0x0000005a4d6fe378:   0000000000000000 0000000000000000
0x0000005a4d6fe388:   0000000000000000 0000000000000000
0x0000005a4d6fe398:   0000000000000000 0000000000000000
0x0000005a4d6fe3a8:   0000000000000000 000001c080017600
0x0000005a4d6fe3b8:   0000000600000013 0000000000000000
0x0000005a4d6fe3c8:   0000000000000015 000001c0c799d4c8
0x0000005a4d6fe3d8:   00007fff449f403e 0000000000000000 

Instructions: (pc=0x00007fff4469c1b6)
0x00007fff4469c0b6:   48 8b 05 33 43 cc 00 48 8b 48 60 48 8b 04 d1 48
0x00007fff4469c0c6:   85 c0 75 08 48 8b 05 27 43 cc 00 c3 48 8b 05 17
0x00007fff4469c0d6:   43 cc 00 c3 cc cc cc cc cc cc 8b 05 d2 1e c1 00
0x00007fff4469c0e6:   c3 cc cc cc cc cc cc cc cc cc 0f b6 05 23 35 c1
0x00007fff4469c0f6:   00 48 8b d1 84 c0 74 16 44 8b 41 08 8b 0d b0 1e
0x00007fff4469c106:   c1 00 49 d3 e0 4c 03 05 9e 1e c1 00 eb 04 4c 8b
0x00007fff4469c116:   41 08 45 8b 48 08 45 85 c9 7e 0e 41 f6 c1 01 75
0x00007fff4469c126:   53 41 c1 f9 03 49 63 c1 c3 79 49 84 c0 41 b8 0c
0x00007fff4469c136:   00 00 00 8b 05 e9 2f c1 00 b9 10 00 00 00 41 0f
0x00007fff4469c146:   45 c8 ff c8 4c 63 c0 41 8b c1 48 c1 f8 10 0f b6
0x00007fff4469c156:   c0 48 63 14 11 41 8b c9 83 e1 3f 48 d3 e2 49 8d
0x00007fff4469c166:   0c 10 49 f7 d0 48 03 c1 49 c1 e8 03 48 c1 e8 03
0x00007fff4469c176:   49 23 c0 c3 49 8b 00 49 8b c8 48 ff a0 00 01 00
0x00007fff4469c186:   00 cc cc cc cc cc cc cc cc cc 8b 44 24 30 45 03
0x00007fff4469c196:   c9 44 2b 4c 24 28 83 c0 0b 44 03 ca 45 03 c8 41
0x00007fff4469c1a6:   03 c1 c3 cc cc cc cc cc cc cc 4c 8b c2 48 8b d1
0x00007fff4469c1b6:   45 8b 48 08 45 85 c9 7e 0e 41 f6 c1 01 75 56 41
0x00007fff4469c1c6:   c1 f9 03 49 63 c1 c3 79 4c 80 3d 44 34 c1 00 00
0x00007fff4469c1d6:   b8 0c 00 00 00 b9 10 00 00 00 0f 45 c8 8b 05 3f
0x00007fff4469c1e6:   2f c1 00 ff c8 4c 63 c0 41 8b c1 48 c1 f8 10 48
0x00007fff4469c1f6:   63 14 11 41 8b c9 83 e1 3f 0f b6 c0 48 d3 e2 49
0x00007fff4469c206:   8d 0c 10 49 f7 d0 48 03 c1 49 c1 e8 03 48 c1 e8
0x00007fff4469c216:   03 49 23 c0 c3 49 8b 00 49 8b c8 48 ff a0 00 01
0x00007fff4469c226:   00 00 cc cc cc cc cc cc cc cc 48 8b 41 08 0f b7
0x00007fff4469c236:   48 2c 0f b7 40 2a 83 c0 48 03 c1 c3 cc cc cc cc
0x00007fff4469c246:   cc cc cc cc cc cc cc cc cc cc 48 89 5c 24 08 57
0x00007fff4469c256:   48 83 ec 20 0f b6 05 df 2a cc 00 48 8b fa 48 8b
0x00007fff4469c266:   d9 84 c0 74 4f 48 85 15 86 22 cc 00 74 38 48 8b
0x00007fff4469c276:   ca e8 84 84 8c 00 48 8b d0 48 85 db 74 25 48 85
0x00007fff4469c286:   c0 74 20 48 8b c7 f0 48 0f b1 13 74 16 48 85 05
0x00007fff4469c296:   5e 22 cc 00 74 0d 48 8b c8 f0 48 0f b1 13 48 3b
0x00007fff4469c2a6:   c1 75 ea 48 8b fa 48 8b c7 48 8b 5c 24 30 48 83 


Stack slot to memory mapping:

stack at sp + 0 slots: 0x00007fff449e59db jvm.dll
stack at sp + 1 slots: 0x0 is null
stack at sp + 2 slots: 0x000001c0c79f6ca0 points into unknown readable memory: 0x000001c0c6c85598 | 98 55 c8 c6 c0 01 00 00
stack at sp + 3 slots: 0x000000000000012f is an unknown value
stack at sp + 4 slots: 0x00007fff44d4814f jvm.dll
stack at sp + 5 slots: 0x000000000000012f is an unknown value
stack at sp + 6 slots: 0x0000000000000013 is an unknown value
stack at sp + 7 slots: 0x000001c0c5157f08 points into unknown readable memory: 0x880008007e4403aa | aa 03 44 7e 00 08 00 88


---------------  P R O C E S S  ---------------

Threads class SMR info:
_java_thread_list=0x000001c0c6322200, length=36, elements={
0x000001c0e14c0100, 0x000001c0c501c8a0, 0x000001c0c501d560, 0x000001c0c501f7f0,
0x000001c0c5022700, 0x000001c0c5045e80, 0x000001c0c5048360, 0x000001c0c5059b20,
0x000001c0c514ebe0, 0x000001c0c51ee680, 0x000001c0c51f7560, 0x000001c0c51f9b60,
0x000001c0c514c480, 0x000001c0c514d830, 0x000001c0c514dec0, 0x000001c0c514f270,
0x000001c0c514e550, 0x000001c0c514f900, 0x000001c0c514d1a0, 0x000001c0c63c8f10,
0x000001c0c63c6e40, 0x000001c0c63c9c30, 0x000001c0c63c95a0, 0x000001c0c63c7b60,
0x000001c0c63c74d0, 0x000001c0c63c46e0, 0x000001c0c63c5400, 0x000001c0c63ca2c0,
0x000001c0c63ca950, 0x000001c0c63c39c0, 0x000001c0c63c8880, 0x000001c0c63cafe0,
0x000001c0c63c81f0, 0x000001c0c63c4050, 0x000001c0c63c4d70, 0x000001c0c63c5a90
}

Java Threads: ( => current thread )
  0x000001c0e14c0100 JavaThread "main"                              [_thread_blocked, id=5868, stack(0x0000005a4b700000,0x0000005a4b800000) (1024K)]
  0x000001c0c501c8a0 JavaThread "Reference Handler"          daemon [_thread_blocked, id=17756, stack(0x0000005a4bf00000,0x0000005a4c000000) (1024K)]
  0x000001c0c501d560 JavaThread "Finalizer"                  daemon [_thread_blocked, id=25760, stack(0x0000005a4c000000,0x0000005a4c100000) (1024K)]
  0x000001c0c501f7f0 JavaThread "Signal Dispatcher"          daemon [_thread_blocked, id=20760, stack(0x0000005a4c100000,0x0000005a4c200000) (1024K)]
  0x000001c0c5022700 JavaThread "Attach Listener"            daemon [_thread_blocked, id=24100, stack(0x0000005a4c200000,0x0000005a4c300000) (1024K)]
  0x000001c0c5045e80 JavaThread "Service Thread"             daemon [_thread_blocked, id=10828, stack(0x0000005a4c300000,0x0000005a4c400000) (1024K)]
  0x000001c0c5048360 JavaThread "Monitor Deflation Thread"   daemon [_thread_blocked, id=3980, stack(0x0000005a4c400000,0x0000005a4c500000) (1024K)]
  0x000001c0c5059b20 JavaThread "C1 CompilerThread0"         daemon [_thread_blocked, id=5100, stack(0x0000005a4c500000,0x0000005a4c600000) (1024K)]
  0x000001c0c514ebe0 JavaThread "Common-Cleaner"             daemon [_thread_blocked, id=26352, stack(0x0000005a4c600000,0x0000005a4c700000) (1024K)]
  0x000001c0c51ee680 JavaThread "JDWP Transport Listener: dt_socket" daemon [_thread_blocked, id=9708, stack(0x0000005a4ca00000,0x0000005a4cb00000) (1024K)]
  0x000001c0c51f7560 JavaThread "JDWP Event Helper Thread"   daemon [_thread_blocked, id=23792, stack(0x0000005a4cb00000,0x0000005a4cc00000) (1024K)]
  0x000001c0c51f9b60 JavaThread "JDWP Command Reader"        daemon [_thread_in_native, id=16280, stack(0x0000005a4cc00000,0x0000005a4cd00000) (1024K)]
  0x000001c0c514c480 JavaThread "Notification Thread"        daemon [_thread_blocked, id=2284, stack(0x0000005a4cd00000,0x0000005a4ce00000) (1024K)]
  0x000001c0c514d830 JavaThread "RMI TCP Accept-0"           daemon [_thread_in_native, id=16396, stack(0x0000005a4d700000,0x0000005a4d800000) (1024K)]
  0x000001c0c514dec0 JavaThread "RMI TCP Accept-52589"       daemon [_thread_in_native, id=27600, stack(0x0000005a4d800000,0x0000005a4d900000) (1024K)]
  0x000001c0c514f270 JavaThread "RMI TCP Accept-0"           daemon [_thread_in_native, id=21916, stack(0x0000005a4d900000,0x0000005a4da00000) (1024K)]
  0x000001c0c514e550 JavaThread "Thread-0"                          [_thread_blocked, id=1692, stack(0x0000005a4da00000,0x0000005a4db00000) (1024K)]
  0x000001c0c514f900 JavaThread "restartedMain"                     [_thread_blocked, id=23592, stack(0x0000005a4db00000,0x0000005a4dc00000) (1024K)]
  0x000001c0c514d1a0 JavaThread "RMI TCP Connection(2)-127.0.0.1" daemon [_thread_blocked, id=25844, stack(0x0000005a4dd00000,0x0000005a4de00000) (1024K)]
  0x000001c0c63c8f10 JavaThread "RMI Scheduler(0)"           daemon [_thread_blocked, id=28004, stack(0x0000005a4de00000,0x0000005a4df00000) (1024K)]
  0x000001c0c63c6e40 JavaThread "JMX server connection timeout 43" daemon [_thread_blocked, id=12552, stack(0x0000005a4df00000,0x0000005a4e000000) (1024K)]
  0x000001c0c63c9c30 JavaThread "mysql-cj-abandoned-connection-cleanup" daemon [_thread_blocked, id=17136, stack(0x0000005a4e000000,0x0000005a4e100000) (1024K)]
  0x000001c0c63c95a0 JavaThread "HikariPool-1 housekeeper"   daemon [_thread_blocked, id=12824, stack(0x0000005a4e400000,0x0000005a4e500000) (1024K)]
  0x000001c0c63c7b60 JavaThread "Catalina-utility-1"                [_thread_blocked, id=28576, stack(0x0000005a4e500000,0x0000005a4e600000) (1024K)]
  0x000001c0c63c74d0 JavaThread "Catalina-utility-2"                [_thread_blocked, id=15716, stack(0x0000005a4e600000,0x0000005a4e700000) (1024K)]
  0x000001c0c63c46e0 JavaThread "http-nio-8080-exec-1"       daemon [_thread_blocked, id=23124, stack(0x0000005a4e700000,0x0000005a4e800000) (1024K)]
  0x000001c0c63c5400 JavaThread "http-nio-8080-exec-2"       daemon [_thread_blocked, id=18284, stack(0x0000005a4e800000,0x0000005a4e900000) (1024K)]
  0x000001c0c63ca2c0 JavaThread "http-nio-8080-exec-3"       daemon [_thread_blocked, id=26528, stack(0x0000005a4e900000,0x0000005a4ea00000) (1024K)]
  0x000001c0c63ca950 JavaThread "http-nio-8080-exec-4"       daemon [_thread_blocked, id=25184, stack(0x0000005a4ea00000,0x0000005a4eb00000) (1024K)]
  0x000001c0c63c39c0 JavaThread "http-nio-8080-exec-5"       daemon [_thread_blocked, id=20672, stack(0x0000005a4eb00000,0x0000005a4ec00000) (1024K)]
  0x000001c0c63c8880 JavaThread "http-nio-8080-exec-6"       daemon [_thread_blocked, id=24164, stack(0x0000005a4ec00000,0x0000005a4ed00000) (1024K)]
  0x000001c0c63cafe0 JavaThread "http-nio-8080-exec-7"       daemon [_thread_blocked, id=11880, stack(0x0000005a4ed00000,0x0000005a4ee00000) (1024K)]
  0x000001c0c63c81f0 JavaThread "http-nio-8080-exec-8"       daemon [_thread_blocked, id=23468, stack(0x0000005a4ee00000,0x0000005a4ef00000) (1024K)]
  0x000001c0c63c4050 JavaThread "http-nio-8080-exec-9"       daemon [_thread_blocked, id=11760, stack(0x0000005a4ef00000,0x0000005a4f000000) (1024K)]
  0x000001c0c63c4d70 JavaThread "http-nio-8080-exec-10"      daemon [_thread_blocked, id=23748, stack(0x0000005a4f000000,0x0000005a4f100000) (1024K)]
  0x000001c0c63c5a90 JavaThread "container-0"                       [_thread_blocked, id=10128, stack(0x0000005a4f100000,0x0000005a4f200000) (1024K)]
Total: 36

Other Threads:
  0x000001c0f923a250 VMThread "VM Thread"                           [id=8052, stack(0x0000005a4be00000,0x0000005a4bf00000) (1024K)]
  0x000001c0f9228970 WatcherThread "VM Periodic Task Thread"        [id=21280, stack(0x0000005a4bd00000,0x0000005a4be00000) (1024K)]
  0x000001c0e36d9850 WorkerThread "GC Thread#0"                     [id=21616, stack(0x0000005a4b800000,0x0000005a4b900000) (1024K)]
  0x000001c0c5c7e1f0 WorkerThread "GC Thread#1"                     [id=18576, stack(0x0000005a4ce00000,0x0000005a4cf00000) (1024K)]
  0x000001c0c5cab0a0 WorkerThread "GC Thread#2"                     [id=13840, stack(0x0000005a4cf00000,0x0000005a4d000000) (1024K)]
  0x000001c0c5cab440 WorkerThread "GC Thread#3"                     [id=12452, stack(0x0000005a4d000000,0x0000005a4d100000) (1024K)]
  0x000001c0c5cad7f0 WorkerThread "GC Thread#4"                     [id=10532, stack(0x0000005a4d100000,0x0000005a4d200000) (1024K)]
  0x000001c0c5cadb90 WorkerThread "GC Thread#5"                     [id=12376, stack(0x0000005a4d200000,0x0000005a4d300000) (1024K)]
  0x000001c0c5cb0760 WorkerThread "GC Thread#6"                     [id=11788, stack(0x0000005a4d300000,0x0000005a4d400000) (1024K)]
  0x000001c0c5cb0f10 WorkerThread "GC Thread#7"                     [id=21692, stack(0x0000005a4d400000,0x0000005a4d500000) (1024K)]
  0x000001c0c5cb3130 WorkerThread "GC Thread#8"                     [id=24660, stack(0x0000005a4d500000,0x0000005a4d600000) (1024K)]
=>0x000001c0c5cb3870 WorkerThread "GC Thread#9"                     [id=17040, stack(0x0000005a4d600000,0x0000005a4d700000) (1024K)]
  0x000001c0e36e6950 ConcurrentGCThread "G1 Main Marker"            [id=23140, stack(0x0000005a4b900000,0x0000005a4ba00000) (1024K)]
  0x000001c0e36e9cc0 WorkerThread "G1 Conc#0"                       [id=8652, stack(0x0000005a4ba00000,0x0000005a4bb00000) (1024K)]
  0x000001c0c5cb22b0 WorkerThread "G1 Conc#1"                       [id=13232, stack(0x0000005a4e100000,0x0000005a4e200000) (1024K)]
  0x000001c0c5cb34d0 WorkerThread "G1 Conc#2"                       [id=15344, stack(0x0000005a4e200000,0x0000005a4e300000) (1024K)]
  0x000001c0f90e63f0 ConcurrentGCThread "G1 Refine#0"               [id=23520, stack(0x0000005a4bb00000,0x0000005a4bc00000) (1024K)]
  0x000001c0f90e6f60 ConcurrentGCThread "G1 Service"                [id=6364, stack(0x0000005a4bc00000,0x0000005a4bd00000) (1024K)]
Total: 18

Threads with active compile tasks:
Total: 0

VM state: at safepoint (normal execution)

VM Mutex/Monitor currently owned by a thread:  ([mutex/lock_event])
[0x00007fff45333198] Threads_lock - owner thread: 0x000001c0f923a250
[0x00007fff45333298] Heap_lock - owner thread: 0x000001c0c514d1a0

Heap address: 0x0000000602400000, size: 8156 MB, Compressed Oops mode: Zero based, Oop shift amount: 3

CDS archive(s) mapped at: [0x000001c080000000-0x000001c080c90000-0x000001c080c90000), size 13172736, SharedBaseAddress: 0x000001c080000000, ArchiveRelocationMode: 1.
Compressed class space mapped at: 0x000001c081000000-0x000001c0c1000000, reserved size: 1073741824
Narrow klass base: 0x000001c080000000, Narrow klass shift: 0, Narrow klass range: 0x100000000

GC Precious Log:
 CardTable entry size: 512
 Card Set container configuration: InlinePtr #cards 4 size 8 Array Of Cards #cards 32 size 80 Howl #buckets 8 coarsen threshold 7372 Howl Bitmap #cards 1024 size 144 coarsen threshold 921 Card regions per heap region 1 cards per card region 8192
 CPUs: 12 total, 12 available
 Memory: 32616M
 Large Page Support: Disabled
 NUMA Support: Disabled
 Compressed Oops: Enabled (Zero based)
 Heap Region Size: 4M
 Heap Min Capacity: 8M
 Heap Initial Capacity: 512M
 Heap Max Capacity: 8156M
 Pre-touch: Disabled
 Parallel Workers: 10
 Concurrent Workers: 3
 Concurrent Refinement Workers: 10
 Periodic GC: Disabled

Heap:
 garbage-first heap   total 81920K, used 62404K [0x0000000602400000, 0x0000000800000000)
  region size 4096K, 12 young (49152K), 2 survivors (8192K)
 Metaspace       used 43615K, committed 44160K, reserved 1114112K
  class space    used 5740K, committed 5952K, reserved 1048576K

Heap Regions: E=young(eden), S=young(survivor), O=old, HS=humongous(starts), HC=humongous(continues), CS=collection set, F=free, TAMS=top-at-mark-start, PB=parsable bottom
|   0|0x0000000602400000, 0x0000000602800000, 0x0000000602800000|100%| O|  |TAMS 0x0000000602400000| PB 0x0000000602400000| Untracked 
|   1|0x0000000602800000, 0x0000000602c00000, 0x0000000602c00000|100%| O|  |TAMS 0x0000000602800000| PB 0x0000000602800000| Untracked 
|   2|0x0000000602c00000, 0x0000000603000000, 0x0000000603000000|100%| O|  |TAMS 0x0000000602c00000| PB 0x0000000602c00000| Untracked 
|   3|0x0000000603000000, 0x0000000603000000, 0x0000000603400000|  0%| F|  |TAMS 0x0000000603000000| PB 0x0000000603000000| Untracked 
|   4|0x0000000603400000, 0x0000000603800000, 0x0000000603800000|100%| O|  |TAMS 0x0000000603400000| PB 0x0000000603400000| Untracked 
|   5|0x0000000603800000, 0x00000006038a43a0, 0x0000000603c00000| 16%| O|  |TAMS 0x0000000603800000| PB 0x0000000603800000| Untracked 
|   6|0x0000000603c00000, 0x0000000603c433f8, 0x0000000604000000|  6%| S|  |TAMS 0x0000000603c00000| PB 0x0000000603c00000| Complete 
|   7|0x0000000604000000, 0x0000000604400000, 0x0000000604400000|100%| S|  |TAMS 0x0000000604000000| PB 0x0000000604000000| Complete 
|   8|0x0000000604400000, 0x000000060444cf68, 0x0000000604800000|  7%| E|CS|TAMS 0x0000000604400000| PB 0x0000000604400000| Complete 
|   9|0x0000000604800000, 0x0000000604c00000, 0x0000000604c00000|100%| E|CS|TAMS 0x0000000604800000| PB 0x0000000604800000| Complete 
|  10|0x0000000604c00000, 0x0000000605000000, 0x0000000605000000|100%| E|CS|TAMS 0x0000000604c00000| PB 0x0000000604c00000| Complete 
|  11|0x0000000605000000, 0x0000000605400000, 0x0000000605400000|100%| E|CS|TAMS 0x0000000605000000| PB 0x0000000605000000| Complete 
|  12|0x0000000605400000, 0x0000000605800000, 0x0000000605800000|100%| E|CS|TAMS 0x0000000605400000| PB 0x0000000605400000| Complete 
|  13|0x0000000605800000, 0x0000000605c00000, 0x0000000605c00000|100%| E|CS|TAMS 0x0000000605800000| PB 0x0000000605800000| Complete 
|  14|0x0000000605c00000, 0x0000000606000000, 0x0000000606000000|100%| E|CS|TAMS 0x0000000605c00000| PB 0x0000000605c00000| Complete 
|  15|0x0000000606000000, 0x0000000606400000, 0x0000000606400000|100%| E|CS|TAMS 0x0000000606000000| PB 0x0000000606000000| Complete 
|  16|0x0000000606400000, 0x0000000606800000, 0x0000000606800000|100%| E|CS|TAMS 0x0000000606400000| PB 0x0000000606400000| Complete 
|  51|0x000000060f000000, 0x000000060f400000, 0x000000060f400000|100%| E|CS|TAMS 0x000000060f000000| PB 0x000000060f000000| Complete 
|  52|0x000000060f400000, 0x000000060f800000, 0x000000060f800000|100%| E|CS|TAMS 0x000000060f400000| PB 0x000000060f400000| Complete 
| 127|0x0000000622000000, 0x0000000622400000, 0x0000000622400000|100%| E|CS|TAMS 0x0000000622000000| PB 0x0000000622000000| Complete 

Card table byte_map: [0x000001c0f0050000,0x000001c0f1040000] _byte_map_base: 0x000001c0ed03e000

Marking Bits: (CMBitMap*) 0x000001c0e36d9d60
 Bits: [0x000001c0f1040000, 0x000001c0f8fb0000)

Polling page: 0x000001c0e2e20000

Metaspace:

Usage:
  Non-class:     36.99 MB used.
      Class:      5.61 MB used.
       Both:     42.59 MB used.

Virtual space:
  Non-class space:       64.00 MB reserved,      37.31 MB ( 58%) committed,  1 nodes.
      Class space:        1.00 GB reserved,       5.81 MB ( <1%) committed,  1 nodes.
             Both:        1.06 GB reserved,      43.12 MB (  4%) committed. 

Chunk freelists:
   Non-Class:  10.40 MB
       Class:  10.14 MB
        Both:  20.54 MB

MaxMetaspaceSize: unlimited
CompressedClassSpaceSize: 1.00 GB
Initial GC threshold: 21.00 MB
Current GC threshold: 52.44 MB
CDS: on
 - commit_granule_bytes: 65536.
 - commit_granule_words: 8192.
 - virtual_space_node_default_size: 8388608.
 - enlarge_chunks_in_place: 1.
 - use_allocation_guard: 0.


Internal statistics:

num_allocs_failed_limit: 3.
num_arena_births: 764.
num_arena_deaths: 0.
num_vsnodes_births: 2.
num_vsnodes_deaths: 0.
num_space_committed: 690.
num_space_uncommitted: 0.
num_chunks_returned_to_freelist: 3.
num_chunks_taken_from_freelist: 2087.
num_chunk_merges: 3.
num_chunk_splits: 1437.
num_chunks_enlarged: 1028.
num_inconsistent_stats: 0.

CodeCache: size=49152Kb used=10776Kb max_used=12347Kb free=38375Kb
 bounds [0x000001c0ebd30000, 0x000001c0ec9b0000, 0x000001c0eed30000]
 total_blobs=6009 nmethods=5370 adapters=563
 compilation: enabled
              stopped_count=0, restarted_count=0
 full_count=0

Compilation events (20 events):
Event: 893.856 Thread 0x000001c0c5059b20 5405   !   1       java.util.concurrent.ThreadPoolExecutor::getTask (177 bytes)
Event: 893.857 Thread 0x000001c0c5059b20 nmethod 5405 0x000001c0ebeced90 code [0x000001c0ebecefa0, 0x000001c0ebecf4e8]
Event: 903.156 Thread 0x000001c0c5059b20 5406       1       java.util.concurrent.ThreadPoolExecutor$Worker::lock (6 bytes)
Event: 903.156 Thread 0x000001c0c5059b20 nmethod 5406 0x000001c0ebece910 code [0x000001c0ebeceac0, 0x000001c0ebececa0]
Event: 903.156 Thread 0x000001c0c5059b20 5407       1       java.util.concurrent.ThreadPoolExecutor$Worker::tryAcquire (20 bytes)
Event: 903.156 Thread 0x000001c0c5059b20 nmethod 5407 0x000001c0ebece510 code [0x000001c0ebece6c0, 0x000001c0ebece840]
Event: 903.156 Thread 0x000001c0c5059b20 5408       1       java.util.concurrent.ThreadPoolExecutor::beforeExecute (1 bytes)
Event: 903.156 Thread 0x000001c0c5059b20 nmethod 5408 0x000001c0ebece210 code [0x000001c0ebece3a0, 0x000001c0ebece468]
Event: 903.249 Thread 0x000001c0c5059b20 5409       1       java.util.concurrent.ScheduledThreadPoolExecutor$DelayedWorkQueue::siftUp (64 bytes)
Event: 903.250 Thread 0x000001c0c5059b20 nmethod 5409 0x000001c0ebecd790 code [0x000001c0ebecd980, 0x000001c0ebecdec8]
Event: 903.250 Thread 0x000001c0c5059b20 5410       1       java.util.concurrent.ThreadPoolExecutor::afterExecute (1 bytes)
Event: 903.250 Thread 0x000001c0c5059b20 nmethod 5410 0x000001c0ebecd490 code [0x000001c0ebecd620, 0x000001c0ebecd6e8]
Event: 923.869 Thread 0x000001c0c5059b20 5412   !   1       java.util.concurrent.ScheduledThreadPoolExecutor$DelayedWorkQueue::take (203 bytes)
Event: 923.870 Thread 0x000001c0c5059b20 nmethod 5412 0x000001c0ebecbb10 code [0x000001c0ebecbe40, 0x000001c0ebecca00]
Event: 923.870 Thread 0x000001c0c5059b20 5411       1       java.util.concurrent.ScheduledThreadPoolExecutor$DelayedWorkQueue::take (5 bytes)
Event: 923.870 Thread 0x000001c0c5059b20 nmethod 5411 0x000001c0ebecb790 code [0x000001c0ebecb940, 0x000001c0ebecba30]
Event: 933.871 Thread 0x000001c0c5059b20 5413       1       java.util.TreeSet::<init> (10 bytes)
Event: 933.871 Thread 0x000001c0c5059b20 nmethod 5413 0x000001c0ebecb410 code [0x000001c0ebecb5a0, 0x000001c0ebecb6b8]
Event: 933.871 Thread 0x000001c0c5059b20 5414       1       java.util.TreeSet::iterator (15 bytes)
Event: 933.872 Thread 0x000001c0c5059b20 nmethod 5414 0x000001c0ebecb090 code [0x000001c0ebecb240, 0x000001c0ebecb370]

GC Heap History (20 events):
Event: 0.653 GC heap after
{Heap after GC invocations=1 (full 0):
 garbage-first heap   total 524288K, used 6490K [0x0000000602400000, 0x0000000800000000)
  region size 4096K, 1 young (4096K), 1 survivors (4096K)
 Metaspace       used 5988K, committed 6208K, reserved 1114112K
  class space    used 664K, committed 768K, reserved 1048576K
}
Event: 0.906 GC heap before
{Heap before GC invocations=1 (full 0):
 garbage-first heap   total 524288K, used 26970K [0x0000000602400000, 0x0000000800000000)
  region size 4096K, 6 young (24576K), 1 survivors (4096K)
 Metaspace       used 9258K, committed 9600K, reserved 1114112K
  class space    used 1072K, committed 1216K, reserved 1048576K
}
Event: 0.909 GC heap after
{Heap after GC invocations=2 (full 0):
 garbage-first heap   total 524288K, used 7684K [0x0000000602400000, 0x0000000800000000)
  region size 4096K, 1 young (4096K), 1 survivors (4096K)
 Metaspace       used 9258K, committed 9600K, reserved 1114112K
  class space    used 1072K, committed 1216K, reserved 1048576K
}
Event: 1.484 GC heap before
{Heap before GC invocations=2 (full 0):
 garbage-first heap   total 524288K, used 85508K [0x0000000602400000, 0x0000000800000000)
  region size 4096K, 21 young (86016K), 1 survivors (4096K)
 Metaspace       used 16993K, committed 17344K, reserved 1114112K
  class space    used 2288K, committed 2432K, reserved 1048576K
}
Event: 1.488 GC heap after
{Heap after GC invocations=3 (full 0):
 garbage-first heap   total 524288K, used 10214K [0x0000000602400000, 0x0000000800000000)
  region size 4096K, 1 young (4096K), 1 survivors (4096K)
 Metaspace       used 16993K, committed 17344K, reserved 1114112K
  class space    used 2288K, committed 2432K, reserved 1048576K
}
Event: 1.554 GC heap before
{Heap before GC invocations=3 (full 0):
 garbage-first heap   total 524288K, used 26598K [0x0000000602400000, 0x0000000800000000)
  region size 4096K, 6 young (24576K), 1 survivors (4096K)
 Metaspace       used 18771K, committed 19136K, reserved 1114112K
  class space    used 2518K, committed 2688K, reserved 1048576K
}
Event: 1.557 GC heap after
{Heap after GC invocations=4 (full 0):
 garbage-first heap   total 524288K, used 10542K [0x0000000602400000, 0x0000000800000000)
  region size 4096K, 1 young (4096K), 1 survivors (4096K)
 Metaspace       used 18771K, committed 19136K, reserved 1114112K
  class space    used 2518K, committed 2688K, reserved 1048576K
}
Event: 1.720 GC heap before
{Heap before GC invocations=5 (full 0):
 garbage-first heap   total 57344K, used 55598K [0x0000000602400000, 0x0000000800000000)
  region size 4096K, 12 young (49152K), 1 survivors (4096K)
 Metaspace       used 22065K, committed 22400K, reserved 1114112K
  class space    used 2876K, committed 3008K, reserved 1048576K
}
Event: 1.724 GC heap after
{Heap after GC invocations=6 (full 0):
 garbage-first heap   total 65536K, used 12436K [0x0000000602400000, 0x0000000800000000)
  region size 4096K, 2 young (8192K), 2 survivors (8192K)
 Metaspace       used 22065K, committed 22400K, reserved 1114112K
  class space    used 2876K, committed 3008K, reserved 1048576K
}
Event: 1.816 GC heap before
{Heap before GC invocations=6 (full 0):
 garbage-first heap   total 65536K, used 41108K [0x0000000602400000, 0x0000000800000000)
  region size 4096K, 9 young (36864K), 2 survivors (8192K)
 Metaspace       used 23502K, committed 23872K, reserved 1114112K
  class space    used 3084K, committed 3264K, reserved 1048576K
}
Event: 1.819 GC heap after
{Heap after GC invocations=7 (full 0):
 garbage-first heap   total 65536K, used 12800K [0x0000000602400000, 0x0000000800000000)
  region size 4096K, 1 young (4096K), 1 survivors (4096K)
 Metaspace       used 23502K, committed 23872K, reserved 1114112K
  class space    used 3084K, committed 3264K, reserved 1048576K
}
Event: 2.039 GC heap before
{Heap before GC invocations=7 (full 0):
 garbage-first heap   total 65536K, used 45568K [0x0000000602400000, 0x0000000800000000)
  region size 4096K, 9 young (36864K), 1 survivors (4096K)
 Metaspace       used 25453K, committed 25920K, reserved 1114112K
  class space    used 3373K, committed 3584K, reserved 1048576K
}
Event: 2.042 GC heap after
{Heap after GC invocations=8 (full 0):
 garbage-first heap   total 294912K, used 14021K [0x0000000602400000, 0x0000000800000000)
  region size 4096K, 2 young (8192K), 2 survivors (8192K)
 Metaspace       used 25453K, committed 25920K, reserved 1114112K
  class space    used 3373K, committed 3584K, reserved 1048576K
}
Event: 2.651 GC heap before
{Heap before GC invocations=8 (full 0):
 garbage-first heap   total 294912K, used 87749K [0x0000000602400000, 0x0000000800000000)
  region size 4096K, 21 young (86016K), 2 survivors (8192K)
 Metaspace       used 31553K, committed 32000K, reserved 1114112K
  class space    used 4272K, committed 4480K, reserved 1048576K
}
Event: 2.656 GC heap after
{Heap after GC invocations=9 (full 0):
 garbage-first heap   total 294912K, used 17548K [0x0000000602400000, 0x0000000800000000)
  region size 4096K, 2 young (8192K), 2 survivors (8192K)
 Metaspace       used 31553K, committed 32000K, reserved 1114112K
  class space    used 4272K, committed 4480K, reserved 1048576K
}
Event: 2.896 GC heap before
{Heap before GC invocations=10 (full 0):
 garbage-first heap   total 81920K, used 58508K [0x0000000602400000, 0x0000000800000000)
  region size 4096K, 12 young (49152K), 2 survivors (8192K)
 Metaspace       used 34915K, committed 35456K, reserved 1114112K
  class space    used 4637K, committed 4864K, reserved 1048576K
}
Event: 2.901 GC heap after
{Heap after GC invocations=11 (full 0):
 garbage-first heap   total 81920K, used 19164K [0x0000000602400000, 0x0000000800000000)
  region size 4096K, 2 young (8192K), 2 survivors (8192K)
 Metaspace       used 34915K, committed 35456K, reserved 1114112K
  class space    used 4637K, committed 4864K, reserved 1048576K
}
Event: 3.311 GC heap before
{Heap before GC invocations=11 (full 0):
 garbage-first heap   total 81920K, used 60124K [0x0000000602400000, 0x0000000800000000)
  region size 4096K, 12 young (49152K), 2 survivors (8192K)
 Metaspace       used 42943K, committed 43456K, reserved 1114112K
  class space    used 5651K, committed 5888K, reserved 1048576K
}
Event: 3.316 GC heap after
{Heap after GC invocations=12 (full 0):
 garbage-first heap   total 81920K, used 21444K [0x0000000602400000, 0x0000000800000000)
  region size 4096K, 2 young (8192K), 2 survivors (8192K)
 Metaspace       used 42943K, committed 43456K, reserved 1114112K
  class space    used 5651K, committed 5888K, reserved 1048576K
}
Event: 941.768 GC heap before
{Heap before GC invocations=12 (full 0):
 garbage-first heap   total 81920K, used 62404K [0x0000000602400000, 0x0000000800000000)
  region size 4096K, 12 young (49152K), 2 survivors (8192K)
 Metaspace       used 43615K, committed 44160K, reserved 1114112K
  class space    used 5740K, committed 5952K, reserved 1048576K
}

Dll operation events (12 events):
Event: 0.006 Loaded shared library C:\pleiades\2024-03\java\21\bin\java.dll
Event: 0.221 Loaded shared library C:\pleiades\2024-03\java\21\bin\zip.dll
Event: 0.227 Loaded shared library C:\pleiades\2024-03\java\21\bin\instrument.dll
Event: 0.232 Loaded shared library C:\pleiades\2024-03\java\21\bin\net.dll
Event: 0.232 Loaded shared library C:\pleiades\2024-03\java\21\bin\nio.dll
Event: 0.239 Loaded shared library C:\pleiades\2024-03\java\21\bin\zip.dll
Event: 0.361 Loaded shared library C:\pleiades\2024-03\java\21\bin\jimage.dll
Event: 0.406 Loaded shared library C:\pleiades\2024-03\java\21\bin\management.dll
Event: 0.414 Loaded shared library C:\pleiades\2024-03\java\21\bin\management_ext.dll
Event: 0.589 Loaded shared library C:\pleiades\2024-03\java\21\bin\verify.dll
Event: 0.671 Loaded shared library C:\pleiades\2024-03\java\21\bin\extnet.dll
Event: 1.872 Loaded shared library C:\pleiades\2024-03\java\21\bin\sunmscapi.dll

Deoptimization events (20 events):
Event: 941.265 Thread 0x000001c0c514d1a0 DEOPT PACKING pc=0x000001c0ec7c9f14 sp=0x0000005a4ddfe560
Event: 941.265 Thread 0x000001c0c514d1a0 DEOPT UNPACKING pc=0x000001c0ebd84e42 sp=0x0000005a4ddfda60 mode 1
Event: 941.265 Thread 0x000001c0c514d1a0 DEOPT PACKING pc=0x000001c0ebf07d8c sp=0x0000005a4ddfe710
Event: 941.265 Thread 0x000001c0c514d1a0 DEOPT UNPACKING pc=0x000001c0ebd84e42 sp=0x0000005a4ddfdc98 mode 1
Event: 941.767 Thread 0x000001c0c514d1a0 DEOPT PACKING pc=0x000001c0ebeef02c sp=0x0000005a4ddfdf00
Event: 941.767 Thread 0x000001c0c514d1a0 DEOPT UNPACKING pc=0x000001c0ebd84e42 sp=0x0000005a4ddfd400 mode 1
Event: 941.767 Thread 0x000001c0c514d1a0 DEOPT PACKING pc=0x000001c0ebeed8c4 sp=0x0000005a4ddfdfb0
Event: 941.767 Thread 0x000001c0c514d1a0 DEOPT UNPACKING pc=0x000001c0ebd84e42 sp=0x0000005a4ddfd520 mode 1
Event: 941.767 Thread 0x000001c0c514d1a0 DEOPT PACKING pc=0x000001c0ebeefd94 sp=0x0000005a4ddfe0e0
Event: 941.767 Thread 0x000001c0c514d1a0 DEOPT UNPACKING pc=0x000001c0ebd84e42 sp=0x0000005a4ddfd610 mode 1
Event: 941.767 Thread 0x000001c0c514d1a0 DEOPT PACKING pc=0x000001c0ebfa78b4 sp=0x0000005a4ddfe1c0
Event: 941.767 Thread 0x000001c0c514d1a0 DEOPT UNPACKING pc=0x000001c0ebd84e42 sp=0x0000005a4ddfd690 mode 1
Event: 941.767 Thread 0x000001c0c514d1a0 DEOPT PACKING pc=0x000001c0ebfaa734 sp=0x0000005a4ddfe240
Event: 941.767 Thread 0x000001c0c514d1a0 DEOPT UNPACKING pc=0x000001c0ebd84e42 sp=0x0000005a4ddfd738 mode 1
Event: 941.767 Thread 0x000001c0c514d1a0 DEOPT PACKING pc=0x000001c0ebef21f4 sp=0x0000005a4ddfe370
Event: 941.767 Thread 0x000001c0c514d1a0 DEOPT UNPACKING pc=0x000001c0ebd84e42 sp=0x0000005a4ddfd898 mode 1
Event: 941.768 Thread 0x000001c0c514d1a0 DEOPT PACKING pc=0x000001c0ebef3ddc sp=0x0000005a4ddfe460
Event: 941.768 Thread 0x000001c0c514d1a0 DEOPT UNPACKING pc=0x000001c0ebd84e42 sp=0x0000005a4ddfd8c8 mode 1
Event: 941.768 Thread 0x000001c0c514d1a0 DEOPT PACKING pc=0x000001c0ec7c9f14 sp=0x0000005a4ddfe560
Event: 941.768 Thread 0x000001c0c514d1a0 DEOPT UNPACKING pc=0x000001c0ebd84e42 sp=0x0000005a4ddfda60 mode 1

Classes loaded (20 events):
Event: 3.304 Loading class com/sun/org/apache/xml/internal/dtm/ref/DTMNodeListBase done
Event: 3.304 Loading class com/sun/org/apache/xml/internal/dtm/ref/DTMNodeList done
Event: 3.304 Loading class com/sun/org/apache/xpath/internal/axes/NodeSequence$IteratorCache
Event: 3.304 Loading class com/sun/org/apache/xpath/internal/axes/NodeSequence$IteratorCache done
Event: 3.306 Loading class com/sun/org/apache/xpath/internal/axes/UnionPathIterator
Event: 3.307 Loading class com/sun/org/apache/xpath/internal/axes/UnionPathIterator done
Event: 3.307 Loading class com/sun/org/apache/xpath/internal/axes/HasPositionalPredChecker
Event: 3.307 Loading class com/sun/org/apache/xpath/internal/XPathVisitor
Event: 3.307 Loading class com/sun/org/apache/xpath/internal/XPathVisitor done
Event: 3.307 Loading class com/sun/org/apache/xpath/internal/axes/HasPositionalPredChecker done
Event: 3.308 Loading class com/sun/org/apache/xpath/internal/axes/UnionChildIterator
Event: 3.308 Loading class com/sun/org/apache/xpath/internal/axes/UnionChildIterator done
Event: 3.325 Loading class java/io/Console
Event: 3.325 Loading class java/io/Console done
Event: 3.352 Loading class sun/reflect/annotation/AnnotationSupport
Event: 3.352 Loading class sun/reflect/annotation/AnnotationSupport done
Event: 3.357 Loading class java/lang/foreign/ValueLayout
Event: 3.357 Loading class java/lang/foreign/MemoryLayout
Event: 3.357 Loading class java/lang/foreign/MemoryLayout done
Event: 3.357 Loading class java/lang/foreign/ValueLayout done

Classes unloaded (0 events):
No events

Classes redefined (2 events):
Event: 86.917 Thread 0x000001c0f923a250 redefined class name=com.example.demo.dao.LearningDataMapper, count=1
Event: 86.917 Thread 0x000001c0f923a250 redefined class name=com.example.demo.service.LearningDataService, count=1

Internal exceptions (20 events):
Event: 2.533 Thread 0x000001c0c514f900 Exception <a 'java/lang/NoSuchMethodError'{0x0000000610465718}: 'java.lang.reflect.Field[] java.lang.Class.getDeclaredFields(java.lang.Class)'> (0x0000000610465718) 
thrown [s\src\hotspot\share\interpreter\linkResolver.cpp, line 773]
Event: 2.551 Thread 0x000001c0c514f900 Exception <a 'java/lang/NoSuchMethodError'{0x00000006105b1ab0}: 'java.lang.Object java.lang.invoke.DirectMethodHandle$Holder.invokeVirtual(java.lang.Object, java.lang.Object, java.lang.Object, java.lang.Object, java.lang.Object, java.lang.Object)'> (0x00000006105b1ab0) 
thrown [s\src\hotspot\share\interpreter\linkResolver.cpp, line 773]
Event: 2.571 Thread 0x000001c0c514f900 Exception <a 'java/lang/NoSuchMethodError'{0x0000000610775838}: 'void java.lang.invoke.DirectMethodHandle$Holder.invokeInterface(java.lang.Object, java.lang.Object, int)'> (0x0000000610775838) 
thrown [s\src\hotspot\share\interpreter\linkResolver.cpp, line 773]
Event: 2.574 Thread 0x000001c0c514f900 Exception <a 'java/lang/IncompatibleClassChangeError'{0x00000006107b79d0}: Found class java.lang.Object, but interface was expected> (0x00000006107b79d0) 
thrown [s\src\hotspot\share\interpreter\linkResolver.cpp, line 840]
Event: 2.575 Thread 0x000001c0c514f900 Exception <a 'java/lang/NoSuchMethodError'{0x00000006107d5230}: 'void java.lang.invoke.DirectMethodHandle$Holder.invokeStatic(java.lang.Object, int, java.lang.Object)'> (0x00000006107d5230) 
thrown [s\src\hotspot\share\interpreter\linkResolver.cpp, line 773]
Event: 2.579 Thread 0x000001c0c514f900 Exception <a 'java/lang/NoSuchMethodError'{0x000000061005d9c0}: 'void java.lang.invoke.DirectMethodHandle$Holder.invokeStatic(java.lang.Object, java.lang.Object, java.lang.Object, int, java.lang.Object)'> (0x000000061005d9c0) 
thrown [s\src\hotspot\share\interpreter\linkResolver.cpp, line 773]
Event: 2.579 Thread 0x000001c0c514f900 Exception <a 'java/lang/NoSuchMethodError'{0x0000000610064178}: 'java.lang.Object java.lang.invoke.DirectMethodHandle$Holder.newInvokeSpecial(java.lang.Object, java.lang.Object, java.lang.Object, int)'> (0x0000000610064178) 
thrown [s\src\hotspot\share\interpreter\linkResolver.cpp, line 773]
Event: 2.579 Thread 0x000001c0c514f900 Exception <a 'java/lang/NoSuchMethodError'{0x0000000610067f68}: 'java.lang.Object java.lang.invoke.DirectMethodHandle$Holder.invokeSpecial(java.lang.Object, java.lang.Object, java.lang.Object, java.lang.Object, int)'> (0x0000000610067f68) 
thrown [s\src\hotspot\share\interpreter\linkResolver.cpp, line 773]
Event: 2.579 Thread 0x000001c0c514f900 Exception <a 'java/lang/NoSuchMethodError'{0x000000061006b3f0}: 'java.lang.Object java.lang.invoke.Invokers$Holder.linkToTargetMethod(java.lang.Object, java.lang.Object, int, java.lang.Object)'> (0x000000061006b3f0) 
thrown [s\src\hotspot\share\interpreter\linkResolver.cpp, line 773]
Event: 2.718 Thread 0x000001c0c514f900 Exception <a 'java/lang/NoSuchMethodError'{0x000000060609e290}: 'int java.lang.invoke.DirectMethodHandle$Holder.invokeVirtual(java.lang.Object, java.lang.Object, java.lang.Object, java.lang.Object)'> (0x000000060609e290) 
thrown [s\src\hotspot\share\interpreter\linkResolver.cpp, line 773]
Event: 2.719 Thread 0x000001c0c514f900 Exception <a 'java/lang/NoSuchMethodError'{0x00000006060a1b10}: 'int java.lang.invoke.DelegatingMethodHandle$Holder.reinvoke_L(java.lang.Object, java.lang.Object, java.lang.Object, java.lang.Object)'> (0x00000006060a1b10) 
thrown [s\src\hotspot\share\interpreter\linkResolver.cpp, line 773]
Event: 2.755 Thread 0x000001c0c514f900 Exception <a 'java/io/FileNotFoundException'{0x0000000605df89c8}> (0x0000000605df89c8) 
thrown [s\src\hotspot\share\prims\jni.cpp, line 520]
Event: 2.769 Thread 0x000001c0c514f900 Exception <a 'java/lang/NoSuchMethodError'{0x0000000605846700}: 'int java.lang.invoke.DirectMethodHandle$Holder.invokeInterface(java.lang.Object, java.lang.Object, java.lang.Object, java.lang.Object)'> (0x0000000605846700) 
thrown [s\src\hotspot\share\interpreter\linkResolver.cpp, line 773]
Event: 2.934 Thread 0x000001c0c514f900 Exception <a 'sun/nio/fs/WindowsException'{0x000000060f4c9bf0}> (0x000000060f4c9bf0) 
thrown [s\src\hotspot\share\prims\jni.cpp, line 520]
Event: 3.092 Thread 0x000001c0c514f900 Exception <a 'java/lang/NoSuchMethodError'{0x00000006066d4d40}: 'java.lang.Object java.lang.invoke.DirectMethodHandle$Holder.invokeStaticInit(java.lang.Object, java.lang.Object, java.lang.Object, java.lang.Object)'> (0x00000006066d4d40) 
thrown [s\src\hotspot\share\interpreter\linkResolver.cpp, line 773]
Event: 3.130 Thread 0x000001c0c514f900 Exception <a 'java/lang/NoSuchMethodError'{0x0000000606308300}: 'long java.lang.invoke.DirectMethodHandle$Holder.invokeVirtual(java.lang.Object, java.lang.Object)'> (0x0000000606308300) 
thrown [s\src\hotspot\share\interpreter\linkResolver.cpp, line 773]
Event: 3.133 Thread 0x000001c0c514f900 Exception <a 'java/io/FileNotFoundException'{0x000000060637ff60}> (0x000000060637ff60) 
thrown [s\src\hotspot\share\prims\jni.cpp, line 520]
Event: 3.147 Thread 0x000001c0c514f900 Exception <a 'java/lang/NoSuchMethodError'{0x0000000605e44e68}: 'void java.lang.invoke.Invokers$Holder.invokeExact_MT(java.lang.Object, java.lang.Object, java.lang.Object, java.lang.Object)'> (0x0000000605e44e68) 
thrown [s\src\hotspot\share\interpreter\linkResolver.cpp, line 773]
Event: 3.170 Thread 0x000001c0c514f900 Exception <a 'java/lang/NoSuchMethodError'{0x00000006059a87c0}: 'java.lang.Object java.lang.invoke.DirectMethodHandle$Holder.newInvokeSpecial(java.lang.Object, java.lang.Object, java.lang.Object, java.lang.Object, java.lang.Object, java.lang.Object, java.lang.Object, java.lang.Object, java.lang.Object)'> (0x00000006059a87c0) 
thrown [s\src\hotspot\share\interpreter\linkResolver.cpp, line 773]
Event: 3.224 Thread 0x000001c0c514f900 Exception <a 'java/lang/IncompatibleClassChangeError'{0x00000006050432c0}: Found class java.lang.Object, but interface was expected> (0x00000006050432c0) 
thrown [s\src\hotspot\share\interpreter\linkResolver.cpp, line 840]

ZGC Phase Switch (0 events):
No events

VM Operations (20 events):
Event: 181.837 Executing VM operation: Cleanup done
Event: 191.939 Executing VM operation: Cleanup
Event: 191.939 Executing VM operation: Cleanup done
Event: 193.969 Executing VM operation: Cleanup
Event: 193.969 Executing VM operation: Cleanup done
Event: 197.007 Executing VM operation: Cleanup
Event: 197.007 Executing VM operation: Cleanup done
Event: 301.915 Executing VM operation: Cleanup
Event: 301.915 Executing VM operation: Cleanup done
Event: 533.939 Executing VM operation: Cleanup
Event: 533.939 Executing VM operation: Cleanup done
Event: 549.085 Executing VM operation: Cleanup
Event: 549.085 Executing VM operation: Cleanup done
Event: 733.789 Executing VM operation: Cleanup
Event: 733.789 Executing VM operation: Cleanup done
Event: 901.322 Executing VM operation: Cleanup
Event: 901.323 Executing VM operation: Cleanup done
Event: 933.652 Executing VM operation: Cleanup
Event: 933.652 Executing VM operation: Cleanup done
Event: 941.768 Executing VM operation: G1CollectForAllocation (G1 Evacuation Pause)

Events (20 events):
Event: 3.142 Thread 0x000001c0c63c81f0 Thread added: 0x000001c0c63c81f0
Event: 3.142 Thread 0x000001c0c63c4050 Thread added: 0x000001c0c63c4050
Event: 3.142 Thread 0x000001c0c63c4d70 Thread added: 0x000001c0c63c4d70
Event: 3.145 Thread 0x000001c0c63c5a90 Thread added: 0x000001c0c63c5a90
Event: 3.202 Thread 0x000001c0c63c6120 Thread added: 0x000001c0c63c6120
Event: 5.627 Thread 0x000001c0c5155890 Thread exited: 0x000001c0c5155890
Event: 5.627 Thread 0x000001c0c51521c0 Thread exited: 0x000001c0c51521c0
Event: 7.210 Thread 0x000001c0c5150c90 Thread exited: 0x000001c0c5150c90
Event: 8.635 Thread 0x000001c0c63c6120 Thread exited: 0x000001c0c63c6120
Event: 91.026 Thread 0x000001c0c514cb10 Thread exited: 0x000001c0c514cb10
Event: 191.422 Thread 0x000001c0c50af030 Thread added: 0x000001c0c50af030
Event: 191.423 Thread 0x000001c0c50adc40 Thread added: 0x000001c0c50adc40
Event: 191.423 Thread 0x000001c0c50ae2f0 Thread added: 0x000001c0c50ae2f0
Event: 195.492 Thread 0x000001c0c50ae2f0 Thread exited: 0x000001c0c50ae2f0
Event: 195.492 Thread 0x000001c0c50adc40 Thread exited: 0x000001c0c50adc40
Event: 195.494 Thread 0x000001c0c50b0bc0 Thread added: 0x000001c0c50b0bc0
Event: 195.495 Thread 0x000001c0c50adc40 Thread added: 0x000001c0c50adc40
Event: 200.508 Thread 0x000001c0c50b0bc0 Thread exited: 0x000001c0c50b0bc0
Event: 200.508 Thread 0x000001c0c50af030 Thread exited: 0x000001c0c50af030
Event: 200.508 Thread 0x000001c0c50adc40 Thread exited: 0x000001c0c50adc40


Dynamic libraries:
0x00007ff7069e0000 - 0x00007ff7069ee000 	C:\pleiades\2024-03\java\21\bin\javaw.exe
0x00007fffe6ad0000 - 0x00007fffe6ce7000 	C:\WINDOWS\SYSTEM32\ntdll.dll
0x00007fffe5e60000 - 0x00007fffe5f24000 	C:\WINDOWS\System32\KERNEL32.DLL
0x00007fffe3e80000 - 0x00007fffe422d000 	C:\WINDOWS\System32\KERNELBASE.dll
0x00007fffe4560000 - 0x00007fffe4671000 	C:\WINDOWS\System32\ucrtbase.dll
0x00007fffd1e20000 - 0x00007fffd1e38000 	C:\pleiades\2024-03\java\21\bin\jli.dll
0x00007fffe5a90000 - 0x00007fffe5c3e000 	C:\WINDOWS\System32\USER32.dll
0x00007fffe4530000 - 0x00007fffe4556000 	C:\WINDOWS\System32\win32u.dll
0x00007fffe6540000 - 0x00007fffe6569000 	C:\WINDOWS\System32\GDI32.dll
0x00007fffe46f0000 - 0x00007fffe4809000 	C:\WINDOWS\System32\gdi32full.dll
0x00007fffe43d0000 - 0x00007fffe446a000 	C:\WINDOWS\System32\msvcp_win.dll
0x00007fffcd960000 - 0x00007fffcd97b000 	C:\pleiades\2024-03\java\21\bin\VCRUNTIME140.dll
0x00007fffce600000 - 0x00007fffce893000 	C:\WINDOWS\WinSxS\amd64_microsoft.windows.common-controls_6595b64144ccf1df_6.0.22621.3672_none_2713b9d173822955\COMCTL32.dll
0x00007fffe5da0000 - 0x00007fffe5e47000 	C:\WINDOWS\System32\msvcrt.dll
0x00007fffe6420000 - 0x00007fffe6451000 	C:\WINDOWS\System32\IMM32.DLL
0x00007fffdc3d0000 - 0x00007fffdc3dc000 	C:\pleiades\2024-03\java\21\bin\vcruntime140_1.dll
0x00007fffab510000 - 0x00007fffab59e000 	C:\pleiades\2024-03\java\21\bin\msvcp140.dll
0x00007fff44690000 - 0x00007fff45413000 	C:\pleiades\2024-03\java\21\bin\server\jvm.dll
0x00007fffe4c90000 - 0x00007fffe4d42000 	C:\WINDOWS\System32\ADVAPI32.dll
0x00007fffe6140000 - 0x00007fffe61e9000 	C:\WINDOWS\System32\sechost.dll
0x00007fffe43a0000 - 0x00007fffe43c8000 	C:\WINDOWS\System32\bcrypt.dll
0x00007fffe6220000 - 0x00007fffe6334000 	C:\WINDOWS\System32\RPCRT4.dll
0x00007fffe64c0000 - 0x00007fffe6531000 	C:\WINDOWS\System32\WS2_32.dll
0x00007fffe2b60000 - 0x00007fffe2bad000 	C:\WINDOWS\SYSTEM32\POWRPROF.dll
0x00007fffdb590000 - 0x00007fffdb5c4000 	C:\WINDOWS\SYSTEM32\WINMM.dll
0x00007fffd8c10000 - 0x00007fffd8c1a000 	C:\WINDOWS\SYSTEM32\VERSION.dll
0x00007fffe2b40000 - 0x00007fffe2b53000 	C:\WINDOWS\SYSTEM32\UMPDC.dll
0x00007fffe2df0000 - 0x00007fffe2e08000 	C:\WINDOWS\SYSTEM32\kernel.appcore.dll
0x00007fffdf190000 - 0x00007fffdf19a000 	C:\pleiades\2024-03\java\21\bin\jimage.dll
0x00007fffce3c0000 - 0x00007fffce5f2000 	C:\WINDOWS\SYSTEM32\DBGHELP.DLL
0x00007fffe6570000 - 0x00007fffe68f8000 	C:\WINDOWS\System32\combase.dll
0x00007fffe6340000 - 0x00007fffe6417000 	C:\WINDOWS\System32\OLEAUT32.dll
0x00007fffcddf0000 - 0x00007fffcde22000 	C:\WINDOWS\SYSTEM32\dbgcore.DLL
0x00007fffe3e00000 - 0x00007fffe3e7b000 	C:\WINDOWS\System32\bcryptPrimitives.dll
0x00007fffc17a0000 - 0x00007fffc17dc000 	C:\pleiades\2024-03\java\21\bin\jdwp.dll
0x00007fffdf080000 - 0x00007fffdf08f000 	C:\pleiades\2024-03\java\21\bin\instrument.dll
0x00007fffdc810000 - 0x00007fffdc82f000 	C:\pleiades\2024-03\java\21\bin\java.dll
0x00007fffe4da0000 - 0x00007fffe55ff000 	C:\WINDOWS\System32\SHELL32.dll
0x00007fffe1a30000 - 0x00007fffe232c000 	C:\WINDOWS\SYSTEM32\windows.storage.dll
0x00007fffe18f0000 - 0x00007fffe1a2f000 	C:\WINDOWS\SYSTEM32\wintypes.dll
0x00007fffe6900000 - 0x00007fffe69f4000 	C:\WINDOWS\System32\SHCORE.dll
0x00007fffe6460000 - 0x00007fffe64be000 	C:\WINDOWS\System32\shlwapi.dll
0x00007fffe3d30000 - 0x00007fffe3d51000 	C:\WINDOWS\SYSTEM32\profapi.dll
0x00007fffdc830000 - 0x00007fffdc83c000 	C:\pleiades\2024-03\java\21\bin\dt_socket.dll
0x00007fffe2580000 - 0x00007fffe25ad000 	C:\WINDOWS\SYSTEM32\IPHLPAPI.DLL
0x00007fffe3390000 - 0x00007fffe33f9000 	C:\WINDOWS\system32\mswsock.dll
0x00007fffe25b0000 - 0x00007fffe26a8000 	C:\WINDOWS\SYSTEM32\DNSAPI.dll
0x00007fffe5840000 - 0x00007fffe5849000 	C:\WINDOWS\System32\NSI.dll
0x00007fffd8c20000 - 0x00007fffd8c2a000 	C:\Windows\System32\rasadhlp.dll
0x00007fffdb1c0000 - 0x00007fffdb243000 	C:\WINDOWS\System32\fwpuclnt.dll
0x00007fffd19d0000 - 0x00007fffd19e8000 	C:\pleiades\2024-03\java\21\bin\zip.dll
0x00007fffdc800000 - 0x00007fffdc810000 	C:\pleiades\2024-03\java\21\bin\net.dll
0x00007fffe2e10000 - 0x00007fffe2f46000 	C:\WINDOWS\SYSTEM32\WINHTTP.dll
0x00007fffcda70000 - 0x00007fffcda86000 	C:\pleiades\2024-03\java\21\bin\nio.dll
0x00007fffd1e10000 - 0x00007fffd1e1a000 	C:\pleiades\2024-03\java\21\bin\management.dll
0x00007fffce040000 - 0x00007fffce04b000 	C:\pleiades\2024-03\java\21\bin\management_ext.dll
0x00007fffe5850000 - 0x00007fffe5858000 	C:\WINDOWS\System32\PSAPI.DLL
0x00007fffc3ce0000 - 0x00007fffc3cf7000 	C:\WINDOWS\system32\napinsp.dll
0x00007fffc3cc0000 - 0x00007fffc3cdb000 	C:\WINDOWS\system32\pnrpnsp.dll
0x00007fffc3c50000 - 0x00007fffc3c61000 	C:\WINDOWS\System32\winrnr.dll
0x00007fffdbb80000 - 0x00007fffdbb95000 	C:\WINDOWS\system32\wshbth.dll
0x00007fffc3c20000 - 0x00007fffc3c47000 	C:\WINDOWS\system32\nlansp_c.dll
0x00007fffdb770000 - 0x00007fffdb780000 	C:\pleiades\2024-03\java\21\bin\verify.dll
0x00007fffe3630000 - 0x00007fffe364b000 	C:\WINDOWS\SYSTEM32\CRYPTSP.dll
0x00007fffe2d50000 - 0x00007fffe2d85000 	C:\WINDOWS\system32\rsaenh.dll
0x00007fffe3430000 - 0x00007fffe3458000 	C:\WINDOWS\SYSTEM32\USERENV.dll
0x00007fffe3610000 - 0x00007fffe361c000 	C:\WINDOWS\SYSTEM32\CRYPTBASE.dll
0x00007fffdb6a0000 - 0x00007fffdb6a9000 	C:\pleiades\2024-03\java\21\bin\extnet.dll
0x00007fffdc730000 - 0x00007fffdc73e000 	C:\pleiades\2024-03\java\21\bin\sunmscapi.dll
0x00007fffe4230000 - 0x00007fffe4397000 	C:\WINDOWS\System32\CRYPT32.dll
0x00007fffe3730000 - 0x00007fffe375e000 	C:\WINDOWS\SYSTEM32\ncrypt.dll
0x00007fffe36f0000 - 0x00007fffe3727000 	C:\WINDOWS\SYSTEM32\NTASN1.dll

dbghelp: loaded successfully - version: 4.0.5 - missing functions: none
symbol engine: initialized successfully - sym options: 0x614 - pdb path: .;C:\pleiades\2024-03\java\21\bin;C:\WINDOWS\SYSTEM32;C:\WINDOWS\WinSxS\amd64_microsoft.windows.common-controls_6595b64144ccf1df_6.0.22621.3672_none_2713b9d173822955;C:\pleiades\2024-03\java\21\bin\server

VM Arguments:
jvm_args: -XX:+ShowCodeDetailsInExceptionMessages -agentlib:jdwp=transport=dt_socket,suspend=y,address=localhost:52590 -Dcom.sun.management.jmxremote -Dcom.sun.management.jmxremote.port=52589 -Dcom.sun.management.jmxremote.authenticate=false -Dcom.sun.management.jmxremote.ssl=false -Djava.rmi.server.hostname=localhost -Dspring.jmx.enabled=true -Dmanagement.endpoints.jmx.exposure.include=* -Dspring.application.admin.enabled=true -XX:TieredStopAtLevel=1 -Dspring.boot.project.name=myportfolio -javaagent:C:\pleiades\2024-03\eclipse\configuration\org.eclipse.osgi\251\0\.cp\lib\javaagent-shaded.jar -Dfile.encoding=UTF-8 -Dstdout.encoding=UTF-8 -Dstderr.encoding=UTF-8 
java_command: com.example.demo.MyportfolioApplication --spring.output.ansi.enabled=always
java_class_path (initial): C:\pleiades\2024-06\myportfolio\bin\main;C:\Users\cq\.gradle\caches\modules-2\files-2.1\org.projectlombok\lombok\1.18.32\17d46b3e205515e1e8efd3ee4d57ce8018914163\lombok-1.18.32.jar;C:\Users\cq\.gradle\caches\modules-2\files-2.1\org.springframework.boot\spring-boot-starter-data-jdbc\3.3.0\6e1ccba31a556b499ae7aa2349992500924c89ed\spring-boot-starter-data-jdbc-3.3.0.jar;C:\Users\cq\.gradle\caches\modules-2\files-2.1\org.springframework.boot\spring-boot-starter-thymeleaf\3.3.0\b5321bd6f080ec0f373793b54d55a62f380aa815\spring-boot-starter-thymeleaf-3.3.0.jar;C:\Users\cq\.gradle\caches\modules-2\files-2.1\org.springframework.boot\spring-boot-starter-validation\3.3.0\567b0ee4be72f0888addbbb52f66979d5e6ecf1\spring-boot-starter-validation-3.3.0.jar;C:\Users\cq\.gradle\caches\modules-2\files-2.1\org.springframework.boot\spring-boot-starter-web\3.3.0\d8f587bc52e6c31dc4f161a49ce8f5e19f8853a9\spring-boot-starter-web-3.3.0.jar;C:\Users\cq\.gradle\caches\modules-2\files-2.1\org.mybatis.spring.boot\mybatis-spring-boot-starter\3.0.3\19528356bf8bad2be5f8bf796dfc30bcc4996054\mybatis-spring-boot-starter-3.0.3.jar;C:\Users\cq\.gradle\caches\modules-2\files-2.1\org.springframework.boot\spring-boot-starter-security\3.3.0\2d20fb8d3b186343c689a16bd26798cb32309c8\spring-boot-starter-security-3.3.0.jar;C:\Users\cq\.gradle\caches\modules-2\files-2.1\org.thymeleaf.extras\thymeleaf-extras-springsecurity6\3.1.2.RELEASE\574c188eb147191e2f162419e9fc780fcf3256d7\thymeleaf-extras-springsecurity6-3.1.2.RELEASE.jar;C:\Users\cq\.gradle\caches\modules-2\files-2.1\org.springframework.boot\spring-boot-starter-jdbc\3.3.0\d2521191455fbf05c8d5bb49f39cb6d8fcb004b\spring-boot-starter-jdbc-3.3.0.jar;C:\Users\cq\.gradle\caches\modules-2\files-2.1\org.springframework.data\spring-data-jdbc\3.3.0\30419346c0a126584d18d2be37ad505837bd2646\spring-data-jdbc-3.3.0.jar;C:\Users\cq\.gradle\caches\modules-2\files-2.1\org.springframework.boot\spring-boot-starter-json\3.3.0\1c9938093b372602f121e2b073f490897388cc71\spring-boot-starter-json-3.3.0.jar;C:\Users\cq\.gradle\caches\modules-2\files-2.1\org.springframework.boot\spring-boot-starter\3.3.0\1af929e0fcb10c2bfc3f3619f4ca9049bd927b\spring-boot-starter-3.3.0.jar;C:\Users\cq\.gradle\caches\modules-2\files-2.1\org.thymeleaf\thymeleaf-spring6\3.1.2.RELEASE\6030c7b4e260c41336f378e53da6e8531263f24b\thymeleaf-spring6-3.1.2.RELEASE.jar;C:\Users\cq\.gradle\caches\modules-2\files-2.1\org.springframework.boot\spring-boot-starter-tomcat\3.3.0\f9cdd6f3976d307e10cce065349e331d7162faf2\spring-boot-starter-tomcat-3.3.0.jar;C:\Users\cq\.gradle\caches\modules-2\files-2.1\org.apache.tomcat.embed\tomcat-embed-el\10.1.24\6e9c9dce63c10f903cb0aaaeff45f5f7092f5527\tomcat-embed-el-10.1.24.jar;C:\Users\cq\.gradle\caches\modules-2\files-2.1\org.hibernate.validator\hibernate-validator\8.0.1.Final\e49e116b3d3928060599b176b3538bb848718e95\hibernate-validator-8.0.1.Final.jar;C:\Users\cq\.gradle\caches\modules-2\files-2.1\org.springframework\spring-webmvc\6.1.8\8496f8c010625bc0b857d19d2e93a9bdd691c1af\spring-webmvc-6.1.8.jar;C:\Users\cq\.gradle\caches\modules-2\files-2.1\org.springframework.security\spring-security-web\6.3.0\dfdec2d22d6dff861af9e17e0893e3edc742694a\spring-security-web-6.3.0.jar;C:\Users\cq\.gradle\caches\modules-2\files-2.1\org.springframework\spring-web\6.1.8\1461405dc325c82a0a058df033bee3d8c6dd6e41\spring-web-6.1.8.jar;C:\Users\cq\.gradle\caches\modules-2\files-2.1\org.mybatis.spring.boot\mybatis-spring-boot-autoconfigure\3.0.3\b73a2effa4f60a2eeca98aa12ea3437faede0f73\mybatis-spring-boot-autoconfigure-3.0.3.jar;C:\Users\cq\.gradle\caches\modules-2\files-2.1\org.mybatis\mybatis\3.5.14\d94d2267d1caf1c31748123e671dcea5ad1a6f8\mybatis-3.5.14.jar;C:\Users\cq\.gradle\caches\modules-2\files-2.1\org.mybatis\mybatis-spring\3.0.3\5a4ab31bfb62bca615b39ade93de2a607e9b9403\mybatis-spring-3.0.3.jar;C:\Users\cq\.gradle\caches\modules-2\files-2.1\org.springframework.security\spring-security-config\6.3.0\51f6d9efa687095543086735578f34241200bf83\spring-security-config-6.3.0.jar;C:\Users\cq\.gradle\caches\modules-2\files-2.1\org.springframework.data\spring-data-relational\3.3.0\886b09da220c4c99dbf3a2efe4a151202cf8806b\spring-data-relational-3.3.0.jar;C:\Users\cq\.gradle\caches\modules-2\files-2.1\org.springframework.boot\spring-boot-autoconfigure\3.3.0\1d98cfa94223e6a3a0e0ad301822cef90cc04fbc\spring-boot-autoconfigure-3.3.0.jar;C:\Users\cq\.gradle\caches\modules-2\files-2.1\org.springframework.boot\spring-boot\3.3.0\83d42f81f312d71b9425f58d1d3f9e8970e51b22\spring-boot-3.3.0.jar;C:\Users\cq\.gradle\caches\modules-2\files-2.1\org.springframework.security\spring-security-core\6.3.0\5775b401f2764e72bc8a47300a940b2d1e4ea719\spring-security-core-6.3.0.jar;C:\Users\cq\.gradle\caches\modules-2\files-2.1\org.springframework\spring-context\6.1.8\21219a0df58e5b96ef489a172b449232573352e8\spring-context-6.1.8.jar;C:\Users\cq\.gradle\caches\modules-2\files-2.1\org.springframework\spring-aop\6.1.8\ef793a21e405a88d9d32b92cb459c845ee12b271\spring-aop-6.1.8.jar;C:\Users\cq\.gradle\caches\modules-2\files-2.1\com.zaxxer\HikariCP\5.1.0\8c96e36c14461fc436bb02b264b96ef3ca5dca8c\HikariCP-5.1.0.jar;C:\Users\cq\.gradle\caches\modules-2\files-2.1\org.springframework.data\spring-data-commons\3.3.0\4dc8ab6219476c3893b27f29ea232ad71911c86e\spring-data-commons-3.3.0.jar;C:\Users\cq\.gradle\caches\modules-2\files-2.1\org.thymeleaf\thymeleaf\3.1.2.RELEASE\273997509a4c7aef86cee0521750140c587d9be2\thymeleaf-3.1.2.RELEASE.jar;C:\Users\cq\.gradle\caches\modules-2\files-2.1\org.springframework.boot\spring-boot-starter-logging\3.3.0\79a400c9d7ce3a7cecf296fda402e3100a099bce\spring-boot-starter-logging-3.3.0.jar;C:\Users\cq\.gradle\caches\modules-2\files-2.1\ch.qos.logback\logback-classic\1.5.6\afc75d260d838a3bddfb8f207c2805ed7d1b34f9\logback-classic-1.5.6.jar;C:\Users\cq\.gradle\caches\modules-2\files-2.1\org.apache.logging.log4j\log4j-to-slf4j\2.23.1\425ad1eb8a39904d2830e907a324e956fb456520\log4j-to-slf4j-2.23.1.jar;C:\Users\cq\.gradle\caches\modules-2\files-2.1\org.slf4j\jul-to-slf4j\2.0.13\a3bcd9d9dd50c71ce69f06b1fd05e40fdeff6ba5\jul-to-slf4j-2.0.13.jar;C:\Users\cq\.gradle\caches\modules-2\files-2.1\org.slf4j\slf4j-api\2.0.13\80229737f704b121a318bba5d5deacbcf395bc77\slf4j-api-2.0.13.jar;C:\Users\cq\.gradle\caches\modules-2\files-2.1\org.springframework\spring-jdbc\6.1.8\a744f02da5a64f2b497f143c461a5d5d675051e6\spring-jdbc-6.1.8.jar;C:\Users\cq\.gradle\caches\modules-2\files-2.1\org.springframework\spring-tx\6.1.8\1f0249f1785d39f9e21694aaeb4b02916abda632\spring-tx-6.1.8.jar;C:\Users\cq\.gradle\caches\modules-2\files-2.1\org.springframework\spring-beans\6.1.8\79a5e45383542ff514b5328fe277410cf4054f3b\spring-beans-6.1.8.jar;C:\Users\cq\.gradle\caches\modules-2\files-2.1\org.springframework\spring-expression\6.1.8\dcf78ef442c24f32ff8c6a9746e7f5209b330111\spring-expression-6.1.8.jar;C:\Users\cq\.gradle\caches\modules-2\files-2.1\org.springframework\spring-core\6.1.8\141fc11a5dbaa503fe361150312ad0fa9d9c03da\spring-core-6.1.8.jar;C:\Users\cq\.gradle\caches\modules-2\files-2.1\jakarta.annotation\jakarta.annotation-api\2.1.1\48b9bda22b091b1f48b13af03fe36db3be6e1ae3\jakarta.annotation-api-2.1.1.jar;C:\Users\cq\.gradle\caches\modules-2\files-2.1\org.yaml\snakeyaml\2.2\3af797a25458550a16bf89acc8e4ab2b7f2bfce0\snakeyaml-2.2.jar;C:\Users\cq\.gradle\caches\modules-2\files-2.1\jakarta.validation\jakarta.validation-api\3.0.2\92b6631659ba35ca09e44874d3eb936edfeee532\jakarta.validation-api-3.0.2.jar;C:\Users\cq\.gradle\caches\modules-2\files-2.1\org.jboss.logging\jboss-logging\3.5.3.Final\c88fc1d8a96d4c3491f55d4317458ccad53ca663\jboss-logging-3.5.3.Final.jar;C:\Users\cq\.gradle\caches\modules-2\files-2.1\com.fasterxml\classmate\1.7.0\e98374da1f2143ac8e6e0a95036994bb19137a3\classmate-1.7.0.jar;C:\Users\cq\.gradle\caches\modules-2\files-2.1\com.fasterxml.jackson.datatype\jackson-datatype-jsr310\2.17.1\969b0c3cb8c75d759e9a6c585c44c9b9f3a4f75\jackson-datatype-jsr310-2.17.1.jar;C:\Users\cq\.gradle\caches\modules-2\files-2.1\com.fasterxml.jackson.module\jackson-module-parameter-names\2.17.1\74a998f6fbcedbddedf0a27e8ce72078b2e516a6\jackson-module-parameter-names-2.17.1.jar;C:\Users\cq\.gradle\caches\modules-2\files-2.1\com.fasterxml.jackson.core\jackson-annotations\2.17.1\fca7ef6192c9ad05d07bc50da991bf937a84af3a\jackson-annotations-2.17.1.jar;C:\Users\cq\.gradle\caches\modules-2\files-2.1\com.fasterxml.jackson.core\jackson-core\2.17.1\5e52a11644cd59a28ef79f02bddc2cc3bab45edb\jackson-core-2.17.1.jar;C:\Users\cq\.gradle\caches\modules-2\files-2.1\com.fasterxml.jackson.datatype\jackson-datatype-jdk8\2.17.1\76b495194c36058904c82e288d285a1bd13f0ffa\jackson-datatype-jdk8-2.17.1.jar;C:\Users\cq\.gradle\caches\modules-2\files-2.1\com.fasterxml.jackson.core\jackson-databind\2.17.1\524dcbcccdde7d45a679dfc333e4763feb09079\jackson-databind-2.17.1.jar;C:\Users\cq\.gradle\caches\modules-2\files-2.1\org.apache.tomcat.embed\tomcat-embed-websocket\10.1.24\938419aba5a4f4645b9cd23a9e1d5453e85d09b9\tomcat-embed-websocket-10.1.24.jar;C:\Users\cq\.gradle\caches\modules-2\files-2.1\org.apache.tomcat.embed\tomcat-embed-core\10.1.24\cd9358f0a26d26e1a2c7200f69cb9a302c20ceb4\tomcat-embed-core-10.1.24.jar;C:\Users\cq\.gradle\caches\modules-2\files-2.1\io.micrometer\micrometer-observation\1.13.0\5aa75fbb4367dc3b28e557d14535d21335dc8985\micrometer-observation-1.13.0.jar;C:\Users\cq\.gradle\caches\modules-2\files-2.1\com.github.jsqlparser\jsqlparser\4.6\a4d1bda17df913c8b3ff12d39e35e9efd3a4e01f\jsqlparser-4.6.jar;C:\Users\cq\.gradle\caches\modules-2\files-2.1\org.springframework\spring-jcl\6.1.8\a545266a6efac9283353a922783a0a06f197ec0\spring-jcl-6.1.8.jar;C:\Users\cq\.gradle\caches\modules-2\files-2.1\org.attoparser\attoparser\2.0.7.RELEASE\e5d0e988d9124139d645bb5872b24dfa23e283cc\attoparser-2.0.7.RELEASE.jar;C:\Users\cq\.gradle\caches\modules-2\files-2.1\org.unbescape\unbescape\1.1.6.RELEASE\7b90360afb2b860e09e8347112800d12c12b2a13\unbescape-1.1.6.RELEASE.jar;C:\Users\cq\.gradle\caches\modules-2\files-2.1\io.micrometer\micrometer-commons\1.13.0\156a59aff8d72c5e631eb4a2d739373ed5881609\micrometer-commons-1.13.0.jar;C:\Users\cq\.gradle\caches\modules-2\files-2.1\org.springframework.security\spring-security-crypto\6.3.0\78f15b86c791fc7af446cec84ccd941e2eee32cb\spring-security-crypto-6.3.0.jar;C:\Users\cq\.gradle\caches\modules-2\files-2.1\ch.qos.logback\logback-core\1.5.6\41cbe874701200c5624c19e0ab50d1b88dfcc77d\logback-core-1.5.6.jar;C:\Users\cq\.gradle\caches\modules-2\files-2.1\org.apache.logging.log4j\log4j-api\2.23.1\9c15c29c526d9c6783049c0a77722693c66706e1\log4j-api-2.23.1.jar;C:\Users\cq\.gradle\caches\modules-2\files-2.1\org.springframework.boot\spring-boot-devtools\3.3.0\39c6e0d1648deda614d6876524a2778cbd3ddc3c\spring-boot-devtools-3.3.0.jar;C:\Users\cq\.gradle\caches\modules-2\files-2.1\com.h2database\h2\2.2.224\7bdade27d8cd197d9b5ce9dc251f41d2edc5f7ad\h2-2.2.224.jar;C:\Users\cq\.gradle\caches\modules-2\files-2.1\com.mysql\mysql-connector-j\8.3.0\1cc7fa5d61f4bbc113531a4ba6d85d41cf3d57e1\mysql-connector-j-8.3.0.jar
Launcher Type: SUN_STANDARD

[Global flags]
     intx CICompilerCount                          = 4                                         {product} {ergonomic}
     uint ConcGCThreads                            = 3                                         {product} {ergonomic}
     uint G1ConcRefinementThreads                  = 10                                        {product} {ergonomic}
   size_t G1HeapRegionSize                         = 4194304                                   {product} {ergonomic}
    uintx GCDrainStackTargetSize                   = 64                                        {product} {ergonomic}
   size_t InitialHeapSize                          = 536870912                                 {product} {ergonomic}
     bool ManagementServer                         = true                                      {product} {command line}
   size_t MarkStackSize                            = 4194304                                   {product} {ergonomic}
   size_t MaxHeapSize                              = 8552185856                                {product} {ergonomic}
   size_t MaxNewSize                               = 5129633792                                {product} {ergonomic}
   size_t MinHeapDeltaBytes                        = 4194304                                   {product} {ergonomic}
   size_t MinHeapSize                              = 8388608                                   {product} {ergonomic}
    uintx NonNMethodCodeHeapSize                   = 4096                                   {pd product} {ergonomic}
    uintx NonProfiledCodeHeapSize                  = 0                                      {pd product} {ergonomic}
     bool ProfileInterpreter                       = false                                  {pd product} {command line}
    uintx ProfiledCodeHeapSize                     = 0                                      {pd product} {ergonomic}
     bool ShowCodeDetailsInExceptionMessages       = true                                   {manageable} {command line}
   size_t SoftMaxHeapSize                          = 8552185856                             {manageable} {ergonomic}
     intx TieredStopAtLevel                        = 1                                         {product} {command line}
     bool UseCompressedOops                        = true                           {product lp64_product} {ergonomic}
     bool UseG1GC                                  = true                                      {product} {ergonomic}
     bool UseLargePagesIndividualAllocation        = false                                  {pd product} {ergonomic}

Logging:
Log output configuration:
 #0: stdout all=warning uptime,level,tags foldmultilines=false
 #1: stderr all=off uptime,level,tags foldmultilines=false

Environment Variables:
PATH=C:/pleiades/2024-03/java/21/bin/server;C:/pleiades/2024-03/java/21/bin;C:\MySQL Server 8.4\bin;C:\Program Files\Java\jdk-21\bin;c:\spring-3.0.13\bin;C:\Gradle\gradle-8.7\bin;C:\Program Files\Common Files\Oracle\Java\javapath;C:\Program Files (x86)\Common Files\Intel\Shared Libraries\redist\intel64\compiler;C:\Program Files\ImageMagick-7.1.0-Q16-HDRI;C:\WINDOWS\system32;C:\WINDOWS;C:\WINDOWS\System32\Wbem;C:\WINDOWS\System32\WindowsPowerShell\v1.0\;C:\WINDOWS\System32\OpenSSH\;C:\Program Files\Docker\Docker\resources\bin;C:\Gradle\gradle-8.7\bin;C:\Users\cq\AppData\Local\Microsoft\WindowsApps;C:\chromedriver_win32;sers\cq\AppData\Local\Programs\Microsoft VS Code\bin;;;;C:\Users\cq\AppData\Local\Programs\Git\cmd;C:\Users\cq\AppData\Local\Programs\Microsoft VS Code\bin;C:\pleiades\2024-03\eclipse;
USERNAME=cq
OS=Windows_NT
PROCESSOR_IDENTIFIER=Intel64 Family 6 Model 158 Stepping 10, GenuineIntel
TMP=C:\Users\cq\AppData\Local\Temp
TEMP=C:\Users\cq\AppData\Local\Temp




Periodic native trim disabled

---------------  S Y S T E M  ---------------

OS:
 Windows 11 , 64 bit Build 22621 (10.0.22621.3672)
OS uptime: 1 days 5:59 hours
Hyper-V role detected

CPU: total 12 (initial active 12) (6 cores per cpu, 2 threads per core) family 6 model 158 stepping 10 microcode 0xde, cx8, cmov, fxsr, ht, mmx, 3dnowpref, sse, sse2, sse3, ssse3, sse4.1, sse4.2, popcnt, lzcnt, tsc, tscinvbit, avx, avx2, aes, erms, clmul, bmi1, bmi2, rtm, adx, fma, vzeroupper, clflush, clflushopt, hv, rdtscp, f16c
Processor Information for all 12 processors :
  Max Mhz: 3192, Current Mhz: 3192, Mhz Limit: 3192

Memory: 4k page, system-wide physical 32616M (18039M free)
TotalPageFile size 34664M (AvailPageFile size 12447M)
current process WorkingSet (physical memory assigned to process): 208M, peak: 259M
current process commit charge ("private bytes"): 251M, peak: 643M

vm_info: OpenJDK 64-Bit Server VM (21.0.2+13-LTS) for windows-amd64 JRE (21.0.2+13-LTS), built on 2024-01-16T00:00:00Z by "admin" with unknown MS VC++:1937

END.
