#
# A fatal error has been detected by the Java Runtime Environment:
#
#  EXCEPTION_ACCESS_VIOLATION (0xc0000005) at pc=0x00000266b4921050, pid=15088, tid=5252
#
# JRE version: OpenJDK Runtime Environment Temurin-21.0.2+13 (21.0.2+13) (build 21.0.2+13-LTS)
# Java VM: OpenJDK 64-Bit Server VM Temurin-21.0.2+13 (21.0.2+13-LTS, mixed mode, emulated-client, sharing, tiered, compressed oops, compressed class ptrs, g1 gc, windows-amd64)
# Problematic frame:
# v  ~BufferBlob::MethodHandles adapters 0x00000266b4921050
#
# No core dump will be written. Minidumps are not enabled by default on client versions of Windows
#
# If you would like to submit a bug report, please visit:
#   https://github.com/adoptium/adoptium-support/issues
#

---------------  S U M M A R Y ------------

Command Line: -XX:+ShowCodeDetailsInExceptionMessages -agentlib:jdwp=transport=dt_socket,suspend=y,address=localhost:51809 -Dcom.sun.management.jmxremote -Dcom.sun.management.jmxremote.port=51808 -Dcom.sun.management.jmxremote.authenticate=false -Dcom.sun.management.jmxremote.ssl=false -Djava.rmi.server.hostname=localhost -Dspring.jmx.enabled=true -Dmanagement.endpoints.jmx.exposure.include=* -Dspring.application.admin.enabled=true -XX:TieredStopAtLevel=1 -Dspring.boot.project.name=myportfolio -javaagent:C:\pleiades\2024-03\eclipse\configuration\org.eclipse.osgi\251\0\.cp\lib\javaagent-shaded.jar -Dfile.encoding=UTF-8 -Dstdout.encoding=UTF-8 -Dstderr.encoding=UTF-8 com.example.demo.MyportfolioApplication --spring.output.ansi.enabled=always

Host: Intel(R) Core(TM) i7-8700 CPU @ 3.20GHz, 12 cores, 31G,  Windows 11 , 64 bit Build 22621 (10.0.22621.3672)
Time: Tue Aug  6 20:09:40 2024  Windows 11 , 64 bit Build 22621 (10.0.22621.3672) elapsed time: 10140.729499 seconds (0d 2h 49m 0s)

---------------  T H R E A D  ---------------

Current thread (0x000002670d88c880):  JavaThread "restartedMain"        [_thread_in_Java, id=5252, stack(0x0000009704800000,0x0000009704900000) (1024K)]

Stack: [0x0000009704800000,0x0000009704900000],  sp=0x00000097048fdf78,  free space=1015k
Native frames: (J=compiled Java code, j=interpreted, Vv=VM code, C=native code)
C  0x00000266b4921050

The last pc belongs to _linkToSpecial (printed below).

siginfo: EXCEPTION_ACCESS_VIOLATION (0xc0000005), reading address 0xffffffffffffffff


Registers:
RAX=0x00000266b48f9086, RBX=0xc23a899d00000001, RCX=0x00000097048fdf80, RDX=0x0000000000000002
RSP=0x00000097048fdf78, RBP=0x00000097048fdfc8, RSI=0x000002670b973e48, RDI=0x000002670c830390
R8 =0x0000000000000004, R9 =0x0000000000000004, R10=0x00007ffc396f2ab0, R11=0x00000266c60b6430
R12=0x0000000000000000, R13=0x00000097048fdf78, R14=0x00000097048fdfe8, R15=0x000002670d88c880
RIP=0x00000266b4921050, EFLAGS=0x0000000000010202


Register to memory mapping:

RAX=0x00000266b48f9086 is at code_begin+3078 in an Interpreter codelet
return entry points  [0x00000266b48f8480, 0x00000266b48fa298]  7704 bytes
RBX=0xc23a899d00000001 is an unknown value
RCX=0x00000097048fdf80 is pointing into the stack for thread: 0x000002670d88c880
RDX=0x0000000000000002 is an unknown value
RSP=0x00000097048fdf78 is pointing into the stack for thread: 0x000002670d88c880
RBP=0x00000097048fdfc8 is pointing into the stack for thread: 0x000002670d88c880
RSI=0x000002670b973e48 points into unknown readable memory: 0x80000a2f38c938be | be 38 c9 38 2f 0a 00 80
RDI=0x000002670c830390 points into unknown readable memory: 0x0000001800000070 | 70 00 00 00 18 00 00 00
R8 =0x0000000000000004 is an unknown value
R9 =0x0000000000000004 is an unknown value
R10=0x00007ffc396f2ab0 jvm.dll
R11={method} {0x00000266c60b6438} 'newInvokeSpecial' '(Ljava/lang/Object;)Ljava/lang/Object;' in 'java/lang/invoke/DirectMethodHandle$Holder'
R12=0x0 is null
R13=0x00000097048fdf78 is pointing into the stack for thread: 0x000002670d88c880
R14=0x00000097048fdfe8 is pointing into the stack for thread: 0x000002670d88c880
R15=0x000002670d88c880 is a thread

Top of Stack: (sp=0x00000097048fdf78)
0x00000097048fdf78:   00000266b48f9086 00000097048fdf80
0x00000097048fdf88:   00000266c672d03f 0000000000000004
0x00000097048fdf98:   00000266c60b18e8 00000006149a92b8
0x00000097048fdfa8:   000000060264e158 00000266c60b6430
0x00000097048fdfb8:   00000097048fdf78 00000097048fdff0
0x00000097048fdfc8:   00000097048fe360 00000266b4d28f4b
0x00000097048fdfd8:   0000000611d44bf0 0000000611d44c98
0x00000097048fdfe8:   0000000611d44c50 0000000611d44a00
0x00000097048fdff8:   0000000000000000 00000097048fe360
0x00000097048fe008:   00000266b525fe8c 0000000000000000
0x00000097048fe018:   0000000000000000 0000000000000000
0x00000097048fe028:   0000000000000000 0000000000000000
0x00000097048fe038:   0000000000000000 0000000000000000
0x00000097048fe048:   0000000000000000 0000000000000000
0x00000097048fe058:   0000000000000000 0000000000000000
0x00000097048fe068:   00000006026449b8 00000006149a92b8
0x00000097048fe078:   0000000611d448c8 0000000611d448c8
0x00000097048fe088:   0000000611d44a00 0000000611d44c80
0x00000097048fe098:   0000000611d44a58 00000006149a92b8
0x00000097048fe0a8:   0000000000000001 00000097048fe360
0x00000097048fe0b8:   0000026600000000 0000000000000000
0x00000097048fe0c8:   0000000000000000 0000000611d44c50
0x00000097048fe0d8:   00000266b4d2e05c 0000000000000000
0x00000097048fe0e8:   0000000000000000 0000000000000000
0x00000097048fe0f8:   0000000000000000 000002670d88c880
0x00000097048fe108:   0000000000000000 0000000611d44a00
0x00000097048fe118:   0000000000000000 0000000611d448c8
0x00000097048fe128:   0000000611d44c80 0000000611d44a00
0x00000097048fe138:   0000000000000000 0000000000000000
0x00000097048fe148:   00000266b4d2846c 00000097048fe360
0x00000097048fe158:   00000266b4d253ea 0000000000000000
0x00000097048fe168:   00000266b4cf3529 000002670d88c880 

Instructions: (pc=0x00000266b4921050)
0x00000266b4920f50:   bf e0 05 00 00 00 74 03 ff 63 38 ff 63 50 e9 9d
0x00000266b4920f60:   16 00 00 66 66 66 0f 1f 84 00 00 00 00 00 66 66
0x00000266b4920f70:   66 90 66 66 0f 1f 84 00 00 00 00 00 66 66 66 90
0x00000266b4920f80:   48 8b 53 08 0f b7 52 2e 48 8b 0c d4 58 5b 50 44
0x00000266b4920f90:   8b 51 08 49 bb 00 00 00 c6 66 02 00 00 4d 03 d3
0x00000266b4920fa0:   4c 8b 5b 10 4b 8b 9c da c8 01 00 00 48 85 db 0f
0x00000266b4920fb0:   84 10 00 00 00 41 80 bf e0 05 00 00 00 74 03 ff
0x00000266b4920fc0:   63 38 ff 63 50 e9 36 16 00 00 66 66 66 0f 1f 84
0x00000266b4920fd0:   00 00 00 00 00 66 66 66 90 0f 1f 80 00 00 00 00
0x00000266b4920fe0:   58 5b 50 8b 5b 24 48 c1 e3 03 48 8b 5b 10 48 85
0x00000266b4920ff0:   db 0f 84 10 00 00 00 41 80 bf e0 05 00 00 00 74
0x00000266b4921000:   03 ff 63 38 ff 63 50 e9 f4 15 00 00 66 66 66 0f
0x00000266b4921010:   1f 84 00 00 00 00 00 66 66 66 90 0f 1f 44 00 00
0x00000266b4921020:   48 8b 53 08 0f b7 52 2e 48 8b 0c d4 58 5b 50 48
0x00000266b4921030:   3b 01 8b 5b 24 48 c1 e3 03 48 8b 5b 10 48 85 db
0x00000266b4921040:   0f 84 10 00 00 00 41 80 bf e0 05 00 00 00 74 03
0x00000266b4921050:   ff 63 38 ff 63 50 e9 a5 15 00 00 0f 1f 44 00 00
0x00000266b4921060:   48 8b 53 08 0f b7 52 2e 48 8b 0c d4 58 5b 50 44
0x00000266b4921070:   8b 51 08 49 bb 00 00 00 c6 66 02 00 00 4d 03 d3
0x00000266b4921080:   8b 43 18 48 c1 e0 03 48 8b 40 10 48 8b 5b 10 45
0x00000266b4921090:   8b 9a a0 00 00 00 4f 8d 9c da c8 01 00 00 4d 8d
0x00000266b49210a0:   14 da 49 8b 1b 48 3b c3 74 15 48 85 db 0f 84 32
0x00000266b49210b0:   00 00 00 49 83 c3 10 49 8b 1b 48 3b c3 75 eb 45
0x00000266b49210c0:   8b 5b 08 4b 8b 1c 1a 48 85 db 0f 84 10 00 00 00
0x00000266b49210d0:   41 80 bf e0 05 00 00 00 74 03 ff 63 38 ff 63 50
0x00000266b49210e0:   e9 1b 15 00 00 e9 16 12 00 00 f4 00 00 00 00 00
0x00000266b49210f0:   00 00 00 00 00 00 00 00 00 00 00 00 00 00 00 00
0x00000266b4921100:   00 00 00 00 00 00 00 00 00 00 00 00 00 00 00 00
0x00000266b4921110:   00 00 00 00 00 00 00 00 00 00 00 00 00 00 00 00
0x00000266b4921120:   00 00 00 00 00 00 00 00 00 00 00 00 00 00 00 00
0x00000266b4921130:   00 00 00 00 00 00 00 00 00 00 00 00 00 00 00 00
0x00000266b4921140:   00 00 00 00 00 00 00 00 00 00 00 00 00 00 00 00 


Stack slot to memory mapping:

stack at sp + 0 slots: 0x00000266b48f9086 is at code_begin+3078 in an Interpreter codelet
return entry points  [0x00000266b48f8480, 0x00000266b48fa298]  7704 bytes
stack at sp + 1 slots: 0x00000097048fdf80 is pointing into the stack for thread: 0x000002670d88c880
stack at sp + 2 slots: 0x00000266c672d03f is pointing into metadata
stack at sp + 3 slots: 0x0000000000000004 is an unknown value
stack at sp + 4 slots: 0x00000266c60b18e8 is pointing into metadata
stack at sp + 5 slots: 0x00000006149a92b8 is an oop: java.lang.Class 
{0x00000006149a92b8} - klass: 'java/lang/Class'
 - ---- fields (total size 14 words):
 - private volatile transient 'classRedefinedCount' 'I' @12  1 (0x00000001)
 - injected 'klass' 'J' @16  2640449865728 (0x00000266c7138800)
 - injected 'array_klass' 'J' @24  0 (0x0000000000000000)
 - injected 'oop_size' 'I' @32  14 (0x0000000e)
 - injected 'static_oop_field_count' 'I' @36  0 (0x00000000)
 - private volatile transient 'cachedConstructor' 'Ljava/lang/reflect/Constructor;' @40  null (0x00000000)
 - private transient 'name' 'Ljava/lang/String;' @44  "com.example.demo.service.LeaningDataService"{0x00000006149a9328} (0xc2935265)
 - private transient 'module' 'Ljava/lang/Module;' @48  a 'java/lang/Module'{0x0000000604c1a400} (0xc0983480)
 - private final 'classLoader' 'Ljava/lang/ClassLoader;' @52  a 'org/springframework/boot/devtools/restart/classloader/RestartClassLoader'{0x0000000604c1a370} (0xc098346e)
 - private transient 'classData' 'Ljava/lang/Object;' @56  null (0x00000000)
 - private transient 'packageName' 'Ljava/lang/String;' @60  "com.example.demo.service"{0x00000006030d11a0} (0xc061a234)
 - private final 'componentType' 'Ljava/lang/Class;' @64  null (0x00000000)
 - private volatile transient 'reflectionData' 'Ljava/lang/ref/SoftReference;' @68  a 'java/lang/ref/SoftReference'{0x0000000613bbabd0} (0xc277757a)
 - private volatile transient 'genericInfo' 'Lsun/reflect/generics/repository/ClassRepository;' @72  null (0x00000000)
 - private volatile transient 'enumConstants' '[Ljava/lang/Object;' @76  null (0x00000000)
 - private volatile transient 'enumConstantDirectory' 'Ljava/util/Map;' @80  null (0x00000000)
 - private volatile transient 'annotationData' 'Ljava/lang/Class$AnnotationData;' @84  a 'java/lang/Class$AnnotationData'{0x0000000613bbb108} (0xc2777621)
 - private volatile transient 'annotationType' 'Lsun/reflect/annotation/AnnotationType;' @88  null (0x00000000)
 - transient 'classValueMap' 'Ljava/lang/ClassValue$ClassValueMap;' @92  null (0x00000000)
 - injected 'protection_domain' 'Ljava/lang/Object;' @96  a 'java/security/ProtectionDomain'{0x0000000604d8d198} (0xc09b1a33)
 - injected 'signers_name' 'Ljava/lang/Object;' @100  null (0x00000000)
 - injected 'source_file' 'Ljava/lang/Object;' @104  null (0x00000000)
 - signature: Lcom/example/demo/service/LeaningDataService;
 - ---- static fields (0):
stack at sp + 6 slots: 0x000000060264e158 is an oop: java.lang.Class 
{0x000000060264e158} - klass: 'java/lang/Class'
 - ---- fields (total size 14 words):
 - private volatile transient 'classRedefinedCount' 'I' @12  0 (0x00000000)
 - injected 'klass' 'J' @16  2640432534712 (0x00000266c60b14b8)
 - injected 'array_klass' 'J' @24  0 (0x0000000000000000)
 - injected 'oop_size' 'I' @32  14 (0x0000000e)
 - injected 'static_oop_field_count' 'I' @36  0 (0x00000000)
 - private volatile transient 'cachedConstructor' 'Ljava/lang/reflect/Constructor;' @40  null (0x00000000)
 - private transient 'name' 'Ljava/lang/String;' @44  null (0x00000000)
 - private transient 'module' 'Ljava/lang/Module;' @48  a 'java/lang/Module'{0x000000060263b388} (0xc04c7671)
 - private final 'classLoader' 'Ljava/lang/ClassLoader;' @52  null (0x00000000)
 - private transient 'classData' 'Ljava/lang/Object;' @56  null (0x00000000)
 - private transient 'packageName' 'Ljava/lang/String;' @60  null (0x00000000)
 - private final 'componentType' 'Ljava/lang/Class;' @64  null (0x00000000)
 - private volatile transient 'reflectionData' 'Ljava/lang/ref/SoftReference;' @68  null (0x00000000)
 - private volatile transient 'genericInfo' 'Lsun/reflect/generics/repository/ClassRepository;' @72  null (0x00000000)
 - private volatile transient 'enumConstants' '[Ljava/lang/Object;' @76  null (0x00000000)
 - private volatile transient 'enumConstantDirectory' 'Ljava/util/Map;' @80  null (0x00000000)
 - private volatile transient 'annotationData' 'Ljava/lang/Class$AnnotationData;' @84  null (0x00000000)
 - private volatile transient 'annotationType' 'Lsun/reflect/annotation/AnnotationType;' @88  null (0x00000000)
 - transient 'classValueMap' 'Ljava/lang/ClassValue$ClassValueMap;' @92  null (0x00000000)
 - injected 'protection_domain' 'Ljava/lang/Object;' @96  null (0x00000000)
 - injected 'signers_name' 'Ljava/lang/Object;' @100  null (0x00000000)
 - injected 'source_file' 'Ljava/lang/Object;' @104  null (0x00000000)
 - signature: Ljava/lang/invoke/DirectMethodHandle$Holder;
 - ---- static fields (0):
stack at sp + 7 slots: {method} {0x00000266c60b6438} 'newInvokeSpecial' '(Ljava/lang/Object;)Ljava/lang/Object;' in 'java/lang/invoke/DirectMethodHandle$Holder'

MethodHandle::interpreter_entry::_linkToSpecial [0x00000266b492100c, 0x00000266b492105b] (79 bytes)
[MachCode]
  0x00000266b492100c: 6666 660f | 1f84 0000 | 0000 0066 | 6666 900f | 1f44 0000 | 488b 5308 | 0fb7 522e | 488b 0cd4 
  0x00000266b492102c: 585b 5048 | 3b01 8b5b | 2448 c1e3 | 0348 8b5b | 1048 85db | 0f84 1000 | 0000 4180 | bfe0 0500 
  0x00000266b492104c: 0000 7403 | ff63 38ff | 6350 e9a5 | 
[/MachCode]

---------------  P R O C E S S  ---------------

Threads class SMR info:
_java_thread_list=0x000002670c3e5ad0, length=38, elements={
0x00000266c25a8900, 0x00000266c25a94c0, 0x00000266c25aaeb0, 0x00000266c25ae2a0,
0x00000266c25b2580, 0x00000266c25be900, 0x00000266c25c0f80, 0x00000266c51eb6e0,
0x00000266c529afd0, 0x00000266c529fa90, 0x00000266c52a0530, 0x00000266c51ea330,
0x00000266c51e9ca0, 0x00000266c51ebd70, 0x00000266c51ea9c0, 0x00000266c51eb050,
0x00000266c51e8f80, 0x00000266c51e9610, 0x000002670b965300, 0x000002670b967a60,
0x000002670d88b4d0, 0x000002670d889a90, 0x000002670d8858f0, 0x000002670d88c880,
0x000002670d886610, 0x000002670d88a7b0, 0x000002670d886ca0, 0x000002670d88bb60,
0x000002670d885f80, 0x000002670d887330, 0x000002670d88ae40, 0x000002670d8879c0,
0x000002670d888050, 0x000002670d8886e0, 0x000002670d88a120, 0x000002670d888d70,
0x000002670d88cf10, 0x000002670d889400
}

Java Threads: ( => current thread )
  0x00000266c25a8900 JavaThread "Reference Handler"          daemon [_thread_blocked, id=14260, stack(0x0000009705200000,0x0000009705300000) (1024K)]
  0x00000266c25a94c0 JavaThread "Finalizer"                  daemon [_thread_blocked, id=22840, stack(0x0000009705300000,0x0000009705400000) (1024K)]
  0x00000266c25aaeb0 JavaThread "Signal Dispatcher"          daemon [_thread_blocked, id=24132, stack(0x0000009705400000,0x0000009705500000) (1024K)]
  0x00000266c25ae2a0 JavaThread "Attach Listener"            daemon [_thread_blocked, id=6500, stack(0x0000009705500000,0x0000009705600000) (1024K)]
  0x00000266c25b2580 JavaThread "Service Thread"             daemon [_thread_blocked, id=3652, stack(0x0000009705600000,0x0000009705700000) (1024K)]
  0x00000266c25be900 JavaThread "Monitor Deflation Thread"   daemon [_thread_blocked, id=17264, stack(0x0000009705700000,0x0000009705800000) (1024K)]
  0x00000266c25c0f80 JavaThread "C1 CompilerThread0"         daemon [_thread_blocked, id=8660, stack(0x0000009705800000,0x0000009705900000) (1024K)]
  0x00000266c51eb6e0 JavaThread "Common-Cleaner"             daemon [_thread_blocked, id=22216, stack(0x0000009705900000,0x0000009705a00000) (1024K)]
  0x00000266c529afd0 JavaThread "JDWP Transport Listener: dt_socket" daemon [_thread_blocked, id=12384, stack(0x0000009705d00000,0x0000009705e00000) (1024K)]
  0x00000266c529fa90 JavaThread "JDWP Event Helper Thread"   daemon [_thread_blocked, id=15780, stack(0x0000009705e00000,0x0000009705f00000) (1024K)]
  0x00000266c52a0530 JavaThread "JDWP Command Reader"        daemon [_thread_in_native, id=14284, stack(0x0000009705f00000,0x0000009706000000) (1024K)]
  0x00000266c51ea330 JavaThread "Notification Thread"        daemon [_thread_blocked, id=14940, stack(0x0000009706000000,0x0000009706100000) (1024K)]
  0x00000266c51e9ca0 JavaThread "RMI TCP Accept-0"           daemon [_thread_in_native, id=14608, stack(0x0000009706a00000,0x0000009706b00000) (1024K)]
  0x00000266c51ebd70 JavaThread "RMI TCP Accept-51808"       daemon [_thread_in_native, id=24044, stack(0x0000009706b00000,0x0000009706c00000) (1024K)]
  0x00000266c51ea9c0 JavaThread "RMI TCP Accept-0"           daemon [_thread_in_native, id=20060, stack(0x0000009706c00000,0x0000009706d00000) (1024K)]
  0x00000266c51eb050 JavaThread "RMI Scheduler(0)"           daemon [_thread_blocked, id=5144, stack(0x0000009706e00000,0x0000009706f00000) (1024K)]
  0x00000266c51e8f80 JavaThread "RMI TCP Connection(idle)"   daemon [_thread_blocked, id=22664, stack(0x0000009706f00000,0x0000009707000000) (1024K)]
  0x00000266c51e9610 JavaThread "JMX server connection timeout 40" daemon [_thread_blocked, id=14724, stack(0x0000009707000000,0x0000009707100000) (1024K)]
  0x000002670b965300 JavaThread "mysql-cj-abandoned-connection-cleanup" daemon [_thread_blocked, id=23704, stack(0x0000009707300000,0x0000009707400000) (1024K)]
  0x000002670b967a60 JavaThread "Live Reload Server"         daemon [_thread_in_native, id=15052, stack(0x0000009708700000,0x0000009708800000) (1024K)]
  0x000002670d88b4d0 JavaThread "DestroyJavaVM"                     [_thread_blocked, id=14312, stack(0x0000009704a00000,0x0000009704b00000) (1024K)]
  0x000002670d889a90 JavaThread "Thread-4"                          [_thread_blocked, id=10320, stack(0x0000009704700000,0x0000009704800000) (1024K)]
  0x000002670d8858f0 JavaThread "File Watcher"               daemon [_thread_blocked, id=23768, stack(0x0000009704900000,0x0000009704a00000) (1024K)]
=>0x000002670d88c880 JavaThread "restartedMain"                     [_thread_in_Java, id=5252, stack(0x0000009704800000,0x0000009704900000) (1024K)]
  0x000002670d886610 JavaThread "HikariPool-3 housekeeper"   daemon [_thread_blocked, id=9092, stack(0x0000009707100000,0x0000009707200000) (1024K)]
  0x000002670d88a7b0 JavaThread "Catalina-utility-1"                [_thread_blocked, id=24880, stack(0x0000009707200000,0x0000009707300000) (1024K)]
  0x000002670d886ca0 JavaThread "http-nio-8080-exec-1"       daemon [_thread_blocked, id=5008, stack(0x0000009707600000,0x0000009707700000) (1024K)]
  0x000002670d88bb60 JavaThread "Catalina-utility-2"                [_thread_blocked, id=24356, stack(0x0000009707700000,0x0000009707800000) (1024K)]
  0x000002670d885f80 JavaThread "http-nio-8080-exec-2"       daemon [_thread_blocked, id=4016, stack(0x0000009707800000,0x0000009707900000) (1024K)]
  0x000002670d887330 JavaThread "http-nio-8080-exec-3"       daemon [_thread_blocked, id=24836, stack(0x0000009707900000,0x0000009707a00000) (1024K)]
  0x000002670d88ae40 JavaThread "http-nio-8080-exec-4"       daemon [_thread_blocked, id=18980, stack(0x0000009707a00000,0x0000009707b00000) (1024K)]
  0x000002670d8879c0 JavaThread "http-nio-8080-exec-5"       daemon [_thread_blocked, id=15404, stack(0x0000009707b00000,0x0000009707c00000) (1024K)]
  0x000002670d888050 JavaThread "http-nio-8080-exec-6"       daemon [_thread_blocked, id=9616, stack(0x0000009707c00000,0x0000009707d00000) (1024K)]
  0x000002670d8886e0 JavaThread "http-nio-8080-exec-7"       daemon [_thread_blocked, id=25128, stack(0x0000009707d00000,0x0000009707e00000) (1024K)]
  0x000002670d88a120 JavaThread "http-nio-8080-exec-8"       daemon [_thread_blocked, id=14540, stack(0x0000009707e00000,0x0000009707f00000) (1024K)]
  0x000002670d888d70 JavaThread "http-nio-8080-exec-9"       daemon [_thread_blocked, id=14720, stack(0x0000009707f00000,0x0000009708000000) (1024K)]
  0x000002670d88cf10 JavaThread "http-nio-8080-exec-10"      daemon [_thread_blocked, id=14852, stack(0x0000009708000000,0x0000009708100000) (1024K)]
  0x000002670d889400 JavaThread "container-1"                       [_thread_blocked, id=13748, stack(0x0000009708100000,0x0000009708200000) (1024K)]
Total: 38

Other Threads:
  0x00000266c258c6c0 VMThread "VM Thread"                           [id=11992, stack(0x0000009705100000,0x0000009705200000) (1024K)] _threads_hazard_ptr=0x000002670c3e5ad0
  0x00000266c25789d0 WatcherThread "VM Periodic Task Thread"        [id=11908, stack(0x0000009705000000,0x0000009705100000) (1024K)]
  0x00000266aaae7ce0 WorkerThread "GC Thread#0"                     [id=10364, stack(0x0000009704b00000,0x0000009704c00000) (1024K)]
  0x000002670b4955a0 WorkerThread "GC Thread#1"                     [id=5744, stack(0x0000009706100000,0x0000009706200000) (1024K)]
  0x000002670b495940 WorkerThread "GC Thread#2"                     [id=23328, stack(0x0000009706200000,0x0000009706300000) (1024K)]
  0x000002670b495ce0 WorkerThread "GC Thread#3"                     [id=11104, stack(0x0000009706300000,0x0000009706400000) (1024K)]
  0x000002670b496c90 WorkerThread "GC Thread#4"                     [id=11096, stack(0x0000009706400000,0x0000009706500000) (1024K)]
  0x000002670b497850 WorkerThread "GC Thread#5"                     [id=4892, stack(0x0000009706500000,0x0000009706600000) (1024K)]
  0x000002670b497bf0 WorkerThread "GC Thread#6"                     [id=4684, stack(0x0000009706600000,0x0000009706700000) (1024K)]
  0x000002670b497f90 WorkerThread "GC Thread#7"                     [id=24532, stack(0x0000009706700000,0x0000009706800000) (1024K)]
  0x000002670b4a0e70 WorkerThread "GC Thread#8"                     [id=13740, stack(0x0000009706800000,0x0000009706900000) (1024K)]
  0x000002670b4a0730 WorkerThread "GC Thread#9"                     [id=23620, stack(0x0000009706900000,0x0000009706a00000) (1024K)]
  0x00000266c23fca10 ConcurrentGCThread "G1 Main Marker"            [id=23624, stack(0x0000009704c00000,0x0000009704d00000) (1024K)]
  0x00000266aaaed8b0 WorkerThread "G1 Conc#0"                       [id=6012, stack(0x0000009704d00000,0x0000009704e00000) (1024K)]
  0x000002670b4a1950 WorkerThread "G1 Conc#1"                       [id=14948, stack(0x0000009707400000,0x0000009707500000) (1024K)]
  0x000002670b4a1cf0 WorkerThread "G1 Conc#2"                       [id=22696, stack(0x0000009707500000,0x0000009707600000) (1024K)]
  0x00000266c24bb740 ConcurrentGCThread "G1 Refine#0"               [id=5696, stack(0x0000009704e00000,0x0000009704f00000) (1024K)]
  0x00000266c24bc2b0 ConcurrentGCThread "G1 Service"                [id=2588, stack(0x0000009704f00000,0x0000009705000000) (1024K)]
Total: 18

Threads with active compile tasks:
Total: 0

VM state: synchronizing (normal execution)

VM Mutex/Monitor currently owned by a thread:  ([mutex/lock_event])
[0x00007ffc396e3198] Threads_lock - owner thread: 0x00000266c258c6c0

Heap address: 0x0000000602400000, size: 8156 MB, Compressed Oops mode: Zero based, Oop shift amount: 3

CDS archive(s) mapped at: [0x00000266c6000000-0x00000266c6c90000-0x00000266c6c90000), size 13172736, SharedBaseAddress: 0x00000266c6000000, ArchiveRelocationMode: 1.
Compressed class space mapped at: 0x00000266c7000000-0x0000026707000000, reserved size: 1073741824
Narrow klass base: 0x00000266c6000000, Narrow klass shift: 0, Narrow klass range: 0x100000000

GC Precious Log:
 CardTable entry size: 512
 Card Set container configuration: InlinePtr #cards 4 size 8 Array Of Cards #cards 32 size 80 Howl #buckets 8 coarsen threshold 7372 Howl Bitmap #cards 1024 size 144 coarsen threshold 921 Card regions per heap region 1 cards per card region 8192
 CPUs: 12 total, 12 available
 Memory: 32616M
 Large Page Support: Disabled
 NUMA Support: Disabled
 Compressed Oops: Enabled (Zero based)
 Heap Region Size: 4M
 Heap Min Capacity: 8M
 Heap Initial Capacity: 512M
 Heap Max Capacity: 8156M
 Pre-touch: Disabled
 Parallel Workers: 10
 Concurrent Workers: 3
 Concurrent Refinement Workers: 10
 Periodic GC: Disabled

Heap:
 garbage-first heap   total 303104K, used 75587K [0x0000000602400000, 0x0000000800000000)
  region size 4096K, 14 young (57344K), 1 survivors (4096K)
 Metaspace       used 57909K, committed 58560K, reserved 1114112K
  class space    used 7773K, committed 8064K, reserved 1048576K

Heap Regions: E=young(eden), S=young(survivor), O=old, HS=humongous(starts), HC=humongous(continues), CS=collection set, F=free, TAMS=top-at-mark-start, PB=parsable bottom
|   0|0x0000000602400000, 0x00000006027ffff0, 0x0000000602800000| 99%| O|  |TAMS 0x0000000602400000| PB 0x0000000602400000| Untracked 
|   1|0x0000000602800000, 0x0000000602c00000, 0x0000000602c00000|100%| O|  |TAMS 0x0000000602800000| PB 0x0000000602800000| Untracked 
|   2|0x0000000602c00000, 0x0000000602fffff8, 0x0000000603000000| 99%| O|  |TAMS 0x0000000602c00000| PB 0x0000000602c00000| Untracked 
|   3|0x0000000603000000, 0x00000006032d1640, 0x0000000603400000| 70%| O|  |TAMS 0x0000000603000000| PB 0x0000000603000000| Untracked 
|   4|0x0000000603400000, 0x00000006037fffe8, 0x0000000603800000| 99%| O|  |TAMS 0x0000000603400000| PB 0x0000000603400000| Untracked 
|   5|0x0000000603800000, 0x0000000603800000, 0x0000000603c00000|  0%| F|  |TAMS 0x0000000603800000| PB 0x0000000603800000| Untracked 
|   6|0x0000000603c00000, 0x0000000603efff00, 0x0000000604000000| 74%| O|Cm|TAMS 0x0000000603c00000| PB 0x0000000603c00000| Complete 
|   7|0x0000000604000000, 0x0000000604000000, 0x0000000604400000|  0%| F|  |TAMS 0x0000000604000000| PB 0x0000000604000000| Untracked 
|   8|0x0000000604400000, 0x00000006045bff80, 0x0000000604800000| 43%| O|  |TAMS 0x0000000604400000| PB 0x0000000604400000| Untracked 
|   9|0x0000000604800000, 0x0000000604800000, 0x0000000604c00000|  0%| F|  |TAMS 0x0000000604800000| PB 0x0000000604800000| Untracked 
|  10|0x0000000604c00000, 0x0000000604e3fb20, 0x0000000605000000| 56%| S|CS|TAMS 0x0000000604c00000| PB 0x0000000604c00000| Complete 
|  11|0x0000000605000000, 0x0000000605000000, 0x0000000605400000|  0%| F|  |TAMS 0x0000000605000000| PB 0x0000000605000000| Untracked 
|  12|0x0000000605400000, 0x0000000605400000, 0x0000000605800000|  0%| F|  |TAMS 0x0000000605400000| PB 0x0000000605400000| Untracked 
|  13|0x0000000605800000, 0x0000000605800000, 0x0000000605c00000|  0%| F|  |TAMS 0x0000000605800000| PB 0x0000000605800000| Untracked 
|  14|0x0000000605c00000, 0x0000000605c00000, 0x0000000606000000|  0%| F|  |TAMS 0x0000000605c00000| PB 0x0000000605c00000| Untracked 
|  15|0x0000000606000000, 0x0000000606000000, 0x0000000606400000|  0%| F|  |TAMS 0x0000000606000000| PB 0x0000000606000000| Untracked 
|  16|0x0000000606400000, 0x0000000606400000, 0x0000000606800000|  0%| F|  |TAMS 0x0000000606400000| PB 0x0000000606400000| Untracked 
|  17|0x0000000606800000, 0x0000000606800000, 0x0000000606c00000|  0%| F|  |TAMS 0x0000000606800000| PB 0x0000000606800000| Untracked 
|  18|0x0000000606c00000, 0x0000000606c00000, 0x0000000607000000|  0%| F|  |TAMS 0x0000000606c00000| PB 0x0000000606c00000| Untracked 
|  19|0x0000000607000000, 0x0000000607000000, 0x0000000607400000|  0%| F|  |TAMS 0x0000000607000000| PB 0x0000000607000000| Untracked 
|  20|0x0000000607400000, 0x0000000607400000, 0x0000000607800000|  0%| F|  |TAMS 0x0000000607400000| PB 0x0000000607400000| Untracked 
|  21|0x0000000607800000, 0x0000000607800000, 0x0000000607c00000|  0%| F|  |TAMS 0x0000000607800000| PB 0x0000000607800000| Untracked 
|  22|0x0000000607c00000, 0x0000000607c00000, 0x0000000608000000|  0%| F|  |TAMS 0x0000000607c00000| PB 0x0000000607c00000| Untracked 
|  23|0x0000000608000000, 0x0000000608000000, 0x0000000608400000|  0%| F|  |TAMS 0x0000000608000000| PB 0x0000000608000000| Untracked 
|  24|0x0000000608400000, 0x0000000608400000, 0x0000000608800000|  0%| F|  |TAMS 0x0000000608400000| PB 0x0000000608400000| Untracked 
|  25|0x0000000608800000, 0x0000000608800000, 0x0000000608c00000|  0%| F|  |TAMS 0x0000000608800000| PB 0x0000000608800000| Untracked 
|  26|0x0000000608c00000, 0x0000000608c00000, 0x0000000609000000|  0%| F|  |TAMS 0x0000000608c00000| PB 0x0000000608c00000| Untracked 
|  27|0x0000000609000000, 0x0000000609000000, 0x0000000609400000|  0%| F|  |TAMS 0x0000000609000000| PB 0x0000000609000000| Untracked 
|  28|0x0000000609400000, 0x0000000609400000, 0x0000000609800000|  0%| F|  |TAMS 0x0000000609400000| PB 0x0000000609400000| Untracked 
|  29|0x0000000609800000, 0x0000000609800000, 0x0000000609c00000|  0%| F|  |TAMS 0x0000000609800000| PB 0x0000000609800000| Untracked 
|  30|0x0000000609c00000, 0x0000000609c00000, 0x000000060a000000|  0%| F|  |TAMS 0x0000000609c00000| PB 0x0000000609c00000| Untracked 
|  31|0x000000060a000000, 0x000000060a000000, 0x000000060a400000|  0%| F|  |TAMS 0x000000060a000000| PB 0x000000060a000000| Untracked 
|  32|0x000000060a400000, 0x000000060a400000, 0x000000060a800000|  0%| F|  |TAMS 0x000000060a400000| PB 0x000000060a400000| Untracked 
|  33|0x000000060a800000, 0x000000060a800000, 0x000000060ac00000|  0%| F|  |TAMS 0x000000060a800000| PB 0x000000060a800000| Untracked 
|  34|0x000000060ac00000, 0x000000060ac00000, 0x000000060b000000|  0%| F|  |TAMS 0x000000060ac00000| PB 0x000000060ac00000| Untracked 
|  35|0x000000060b000000, 0x000000060b000000, 0x000000060b400000|  0%| F|  |TAMS 0x000000060b000000| PB 0x000000060b000000| Untracked 
|  36|0x000000060b400000, 0x000000060b400000, 0x000000060b800000|  0%| F|  |TAMS 0x000000060b400000| PB 0x000000060b400000| Untracked 
|  37|0x000000060b800000, 0x000000060b800000, 0x000000060bc00000|  0%| F|  |TAMS 0x000000060b800000| PB 0x000000060b800000| Untracked 
|  38|0x000000060bc00000, 0x000000060bc00000, 0x000000060c000000|  0%| F|  |TAMS 0x000000060bc00000| PB 0x000000060bc00000| Untracked 
|  39|0x000000060c000000, 0x000000060c000000, 0x000000060c400000|  0%| F|  |TAMS 0x000000060c000000| PB 0x000000060c000000| Untracked 
|  40|0x000000060c400000, 0x000000060c400000, 0x000000060c800000|  0%| F|  |TAMS 0x000000060c400000| PB 0x000000060c400000| Untracked 
|  41|0x000000060c800000, 0x000000060c800000, 0x000000060cc00000|  0%| F|  |TAMS 0x000000060c800000| PB 0x000000060c800000| Untracked 
|  42|0x000000060cc00000, 0x000000060cc00000, 0x000000060d000000|  0%| F|  |TAMS 0x000000060cc00000| PB 0x000000060cc00000| Untracked 
|  43|0x000000060d000000, 0x000000060d000000, 0x000000060d400000|  0%| F|  |TAMS 0x000000060d000000| PB 0x000000060d000000| Untracked 
|  44|0x000000060d400000, 0x000000060d400000, 0x000000060d800000|  0%| F|  |TAMS 0x000000060d400000| PB 0x000000060d400000| Untracked 
|  45|0x000000060d800000, 0x000000060d800000, 0x000000060dc00000|  0%| F|  |TAMS 0x000000060d800000| PB 0x000000060d800000| Untracked 
|  46|0x000000060dc00000, 0x000000060dc00000, 0x000000060e000000|  0%| F|  |TAMS 0x000000060dc00000| PB 0x000000060dc00000| Untracked 
|  47|0x000000060e000000, 0x000000060e000000, 0x000000060e400000|  0%| F|  |TAMS 0x000000060e000000| PB 0x000000060e000000| Untracked 
|  48|0x000000060e400000, 0x000000060e400000, 0x000000060e800000|  0%| F|  |TAMS 0x000000060e400000| PB 0x000000060e400000| Untracked 
|  49|0x000000060e800000, 0x000000060e800000, 0x000000060ec00000|  0%| F|  |TAMS 0x000000060e800000| PB 0x000000060e800000| Untracked 
|  50|0x000000060ec00000, 0x000000060ec00000, 0x000000060f000000|  0%| F|  |TAMS 0x000000060ec00000| PB 0x000000060ec00000| Untracked 
|  51|0x000000060f000000, 0x000000060f000000, 0x000000060f400000|  0%| F|  |TAMS 0x000000060f000000| PB 0x000000060f000000| Untracked 
|  52|0x000000060f400000, 0x000000060f400000, 0x000000060f800000|  0%| F|  |TAMS 0x000000060f400000| PB 0x000000060f400000| Untracked 
|  53|0x000000060f800000, 0x000000060f800000, 0x000000060fc00000|  0%| F|  |TAMS 0x000000060f800000| PB 0x000000060f800000| Untracked 
|  54|0x000000060fc00000, 0x000000060fc00000, 0x0000000610000000|  0%| F|  |TAMS 0x000000060fc00000| PB 0x000000060fc00000| Untracked 
|  55|0x0000000610000000, 0x0000000610000000, 0x0000000610400000|  0%| F|  |TAMS 0x0000000610000000| PB 0x0000000610000000| Untracked 
|  56|0x0000000610400000, 0x0000000610400000, 0x0000000610800000|  0%| F|  |TAMS 0x0000000610400000| PB 0x0000000610400000| Untracked 
|  57|0x0000000610800000, 0x0000000610800000, 0x0000000610c00000|  0%| F|  |TAMS 0x0000000610800000| PB 0x0000000610800000| Untracked 
|  58|0x0000000610c00000, 0x0000000610c00000, 0x0000000611000000|  0%| F|  |TAMS 0x0000000610c00000| PB 0x0000000610c00000| Untracked 
|  59|0x0000000611000000, 0x0000000611000000, 0x0000000611400000|  0%| F|  |TAMS 0x0000000611000000| PB 0x0000000611000000| Untracked 
|  60|0x0000000611400000, 0x0000000611400000, 0x0000000611800000|  0%| F|  |TAMS 0x0000000611400000| PB 0x0000000611400000| Untracked 
|  61|0x0000000611800000, 0x0000000611a61820, 0x0000000611c00000| 59%| E|  |TAMS 0x0000000611800000| PB 0x0000000611800000| Complete 
|  62|0x0000000611c00000, 0x0000000612000000, 0x0000000612000000|100%| E|CS|TAMS 0x0000000611c00000| PB 0x0000000611c00000| Complete 
|  63|0x0000000612000000, 0x0000000612400000, 0x0000000612400000|100%| E|CS|TAMS 0x0000000612000000| PB 0x0000000612000000| Complete 
|  64|0x0000000612400000, 0x0000000612800000, 0x0000000612800000|100%| E|CS|TAMS 0x0000000612400000| PB 0x0000000612400000| Complete 
|  65|0x0000000612800000, 0x0000000612c00000, 0x0000000612c00000|100%| E|CS|TAMS 0x0000000612800000| PB 0x0000000612800000| Complete 
|  66|0x0000000612c00000, 0x0000000613000000, 0x0000000613000000|100%| E|CS|TAMS 0x0000000612c00000| PB 0x0000000612c00000| Complete 
|  67|0x0000000613000000, 0x0000000613400000, 0x0000000613400000|100%| E|CS|TAMS 0x0000000613000000| PB 0x0000000613000000| Complete 
|  68|0x0000000613400000, 0x0000000613800000, 0x0000000613800000|100%| E|CS|TAMS 0x0000000613400000| PB 0x0000000613400000| Complete 
|  69|0x0000000613800000, 0x0000000613c00000, 0x0000000613c00000|100%| E|CS|TAMS 0x0000000613800000| PB 0x0000000613800000| Complete 
|  70|0x0000000613c00000, 0x0000000614000000, 0x0000000614000000|100%| E|CS|TAMS 0x0000000613c00000| PB 0x0000000613c00000| Complete 
|  71|0x0000000614000000, 0x0000000614400000, 0x0000000614400000|100%| E|CS|TAMS 0x0000000614000000| PB 0x0000000614000000| Complete 
|  72|0x0000000614400000, 0x0000000614800000, 0x0000000614800000|100%| E|CS|TAMS 0x0000000614400000| PB 0x0000000614400000| Complete 
|  73|0x0000000614800000, 0x0000000614c00000, 0x0000000614c00000|100%| E|CS|TAMS 0x0000000614800000| PB 0x0000000614800000| Complete 

Card table byte_map: [0x00000266b9400000,0x00000266ba3f0000] _byte_map_base: 0x00000266b63ee000

Marking Bits: (CMBitMap*) 0x00000266aaae83e0
 Bits: [0x00000266ba3f0000, 0x00000266c2360000)

Polling page: 0x00000266aaaf0000

Metaspace:

Usage:
  Non-class:     48.96 MB used.
      Class:      7.59 MB used.
       Both:     56.55 MB used.

Virtual space:
  Non-class space:       64.00 MB reserved,      49.31 MB ( 77%) committed,  1 nodes.
      Class space:        1.00 GB reserved,       7.88 MB ( <1%) committed,  1 nodes.
             Both:        1.06 GB reserved,      57.19 MB (  5%) committed. 

Chunk freelists:
   Non-Class:  14.14 MB
       Class:  8.17 MB
        Both:  22.31 MB

MaxMetaspaceSize: unlimited
CompressedClassSpaceSize: 1.00 GB
Initial GC threshold: 21.00 MB
Current GC threshold: 94.94 MB
CDS: on
 - commit_granule_bytes: 65536.
 - commit_granule_words: 8192.
 - virtual_space_node_default_size: 8388608.
 - enlarge_chunks_in_place: 1.
 - use_allocation_guard: 0.


Internal statistics:

num_allocs_failed_limit: 6.
num_arena_births: 1410.
num_arena_deaths: 528.
num_vsnodes_births: 2.
num_vsnodes_deaths: 0.
num_space_committed: 915.
num_space_uncommitted: 0.
num_chunks_returned_to_freelist: 650.
num_chunks_taken_from_freelist: 3555.
num_chunk_merges: 165.
num_chunk_splits: 2191.
num_chunks_enlarged: 1513.
num_inconsistent_stats: 0.

CodeCache: size=49152Kb used=14843Kb max_used=16533Kb free=34308Kb
 bounds [0x00000266b48f0000, 0x00000266b5930000, 0x00000266b78f0000]
 total_blobs=7845 nmethods=7152 adapters=616
 compilation: enabled
              stopped_count=0, restarted_count=0
 full_count=0

Compilation events (20 events):
Event: 10096.840 Thread 0x000002670bbf1520 nmethod 8735 0x00000266b56d5710 code [0x00000266b56d58c0, 0x00000266b56d5a28]
Event: 10096.840 Thread 0x00000266c25c0f80 nmethod 8736 0x00000266b56d5090 code [0x00000266b56d5280, 0x00000266b56d55b8]
Event: 10096.884 Thread 0x000002670bbf1520 8737       1       sun.nio.ch.Net::localAddress (16 bytes)
Event: 10096.884 Thread 0x000002670bbf1520 nmethod 8737 0x00000266b56d3f90 code [0x00000266b56d4160, 0x00000266b56d44c0]
Event: 10096.931 Thread 0x00000266c25c0f80 8740       1       java.lang.invoke.VarHandleInts$FieldInstanceReadWrite::compareAndSet (32 bytes)
Event: 10096.932 Thread 0x00000266c25c0f80 nmethod 8740 0x00000266b56d3890 code [0x00000266b56d3a80, 0x00000266b56d3d88]
Event: 10096.933 Thread 0x00000266c25c0f80 8741       1       java.util.EnumMap::<init> (35 bytes)
Event: 10096.933 Thread 0x000002670d868920 8742       1       java.util.EnumMap::getKeyUniverse (10 bytes)
Event: 10096.933 Thread 0x00000266c25c0f80 nmethod 8741 0x00000266b56d3190 code [0x00000266b56d3360, 0x00000266b56d36c0]
Event: 10096.933 Thread 0x000002670d868920 nmethod 8742 0x00000266b56d2d10 code [0x00000266b56d2ec0, 0x00000266b56d3020]
Event: 10096.936 Thread 0x000002670bbf1520 8743       1       sun.security.ec.point.ProjectivePoint$Mutable::setValue (63 bytes)
Event: 10096.936 Thread 0x000002670bbf1520 nmethod 8743 0x00000266b56d2310 code [0x00000266b56d2500, 0x00000266b56d2988]
Event: 10096.979 Thread 0x000002670bbf1520 8744       1       java.lang.Integer::toString (8 bytes)
Event: 10096.979 Thread 0x000002670bbf1520 nmethod 8744 0x00000266b56d2010 code [0x00000266b56d21c0, 0x00000266b56d22a8]
Event: 10096.981 Thread 0x00000266c25c0f80 8746       1       sun.security.util.math.intpoly.IntegerPolynomial::evaluate (46 bytes)
Event: 10096.981 Thread 0x00000266c25c0f80 nmethod 8746 0x00000266b56d1690 code [0x00000266b56d1860, 0x00000266b56d1a68]
Event: 10097.075 Thread 0x000002670d9f07e0 8748       1       java.security.AccessController::getContext (23 bytes)
Event: 10097.075 Thread 0x000002670d9f07e0 nmethod 8748 0x00000266b56d0c10 code [0x00000266b56d0dc0, 0x00000266b56d0f58]
Event: 10097.188 Thread 0x000002670d9f07e0 8749   !   1       java.security.AlgorithmParameters::getInstance (67 bytes)
Event: 10097.188 Thread 0x000002670d9f07e0 nmethod 8749 0x00000266b56cfc90 code [0x00000266b56cfee0, 0x00000266b56d0790]

GC Heap History (20 events):
Event: 6.856 GC heap before
{Heap before GC invocations=13 (full 0):
 garbage-first heap   total 303104K, used 109197K [0x0000000602400000, 0x0000000800000000)
  region size 4096K, 24 young (98304K), 2 survivors (8192K)
 Metaspace       used 52250K, committed 52928K, reserved 1114112K
  class space    used 7046K, committed 7360K, reserved 1048576K
}
Event: 6.863 GC heap after
{Heap after GC invocations=14 (full 0):
 garbage-first heap   total 303104K, used 27746K [0x0000000602400000, 0x0000000800000000)
  region size 4096K, 3 young (12288K), 3 survivors (12288K)
 Metaspace       used 52250K, committed 52928K, reserved 1114112K
  class space    used 7046K, committed 7360K, reserved 1048576K
}
Event: 37.201 GC heap before
{Heap before GC invocations=15 (full 0):
 garbage-first heap   total 122880K, used 89186K [0x0000000602400000, 0x0000000800000000)
  region size 4096K, 18 young (73728K), 3 survivors (12288K)
 Metaspace       used 56922K, committed 57664K, reserved 1114112K
  class space    used 7630K, committed 7936K, reserved 1048576K
}
Event: 37.208 GC heap after
{Heap after GC invocations=16 (full 0):
 garbage-first heap   total 122880K, used 30485K [0x0000000602400000, 0x0000000800000000)
  region size 4096K, 2 young (8192K), 2 survivors (8192K)
 Metaspace       used 56922K, committed 57664K, reserved 1114112K
  class space    used 7630K, committed 7936K, reserved 1048576K
}
Event: 1598.701 GC heap before
{Heap before GC invocations=16 (full 0):
 garbage-first heap   total 122880K, used 96021K [0x0000000602400000, 0x0000000800000000)
  region size 4096K, 18 young (73728K), 2 survivors (8192K)
 Metaspace       used 57522K, committed 58304K, reserved 1114112K
  class space    used 7725K, committed 8064K, reserved 1048576K
}
Event: 1598.708 GC heap after
{Heap after GC invocations=17 (full 0):
 garbage-first heap   total 122880K, used 30864K [0x0000000602400000, 0x0000000800000000)
  region size 4096K, 1 young (4096K), 1 survivors (4096K)
 Metaspace       used 57522K, committed 58304K, reserved 1114112K
  class space    used 7725K, committed 8064K, reserved 1048576K
}
Event: 3455.038 GC heap before
{Heap before GC invocations=17 (full 0):
 garbage-first heap   total 122880K, used 100496K [0x0000000602400000, 0x0000000800000000)
  region size 4096K, 18 young (73728K), 1 survivors (4096K)
 Metaspace       used 57553K, committed 58304K, reserved 1114112K
  class space    used 7730K, committed 8064K, reserved 1048576K
}
Event: 3455.042 GC heap after
{Heap after GC invocations=18 (full 0):
 garbage-first heap   total 122880K, used 30714K [0x0000000602400000, 0x0000000800000000)
  region size 4096K, 1 young (4096K), 1 survivors (4096K)
 Metaspace       used 57553K, committed 58304K, reserved 1114112K
  class space    used 7730K, committed 8064K, reserved 1048576K
}
Event: 5297.607 GC heap before
{Heap before GC invocations=18 (full 0):
 garbage-first heap   total 122880K, used 100346K [0x0000000602400000, 0x0000000800000000)
  region size 4096K, 18 young (73728K), 1 survivors (4096K)
 Metaspace       used 57553K, committed 58304K, reserved 1114112K
  class space    used 7730K, committed 8064K, reserved 1048576K
}
Event: 5297.611 GC heap after
{Heap after GC invocations=19 (full 0):
 garbage-first heap   total 122880K, used 31006K [0x0000000602400000, 0x0000000800000000)
  region size 4096K, 2 young (8192K), 2 survivors (8192K)
 Metaspace       used 57553K, committed 58304K, reserved 1114112K
  class space    used 7730K, committed 8064K, reserved 1048576K
}
Event: 7018.417 GC heap before
{Heap before GC invocations=20 (full 0):
 garbage-first heap   total 122880K, used 96542K [0x0000000602400000, 0x0000000800000000)
  region size 4096K, 18 young (73728K), 2 survivors (8192K)
 Metaspace       used 57101K, committed 58304K, reserved 1114112K
  class space    used 7616K, committed 8064K, reserved 1048576K
}
Event: 7018.427 GC heap after
{Heap after GC invocations=21 (full 0):
 garbage-first heap   total 122880K, used 31025K [0x0000000602400000, 0x0000000800000000)
  region size 4096K, 2 young (8192K), 2 survivors (8192K)
 Metaspace       used 57101K, committed 58304K, reserved 1114112K
  class space    used 7616K, committed 8064K, reserved 1048576K
}
Event: 8746.675 GC heap before
{Heap before GC invocations=21 (full 0):
 garbage-first heap   total 122880K, used 96561K [0x0000000602400000, 0x0000000800000000)
  region size 4096K, 18 young (73728K), 2 survivors (8192K)
 Metaspace       used 57103K, committed 58304K, reserved 1114112K
  class space    used 7617K, committed 8064K, reserved 1048576K
}
Event: 8746.684 GC heap after
{Heap after GC invocations=22 (full 0):
 garbage-first heap   total 122880K, used 30447K [0x0000000602400000, 0x0000000800000000)
  region size 4096K, 2 young (8192K), 2 survivors (8192K)
 Metaspace       used 57103K, committed 58304K, reserved 1114112K
  class space    used 7617K, committed 8064K, reserved 1048576K
}
Event: 9702.410 GC heap before
{Heap before GC invocations=22 (full 0):
 garbage-first heap   total 122880K, used 71407K [0x0000000602400000, 0x0000000800000000)
  region size 4096K, 13 young (53248K), 2 survivors (8192K)
 Metaspace       used 57292K, committed 58368K, reserved 1114112K
  class space    used 7659K, committed 8064K, reserved 1048576K
}
Event: 9702.468 GC heap after
{Heap after GC invocations=23 (full 1):
 garbage-first heap   total 81920K, used 22341K [0x0000000602400000, 0x0000000800000000)
  region size 4096K, 0 young (0K), 0 survivors (0K)
 Metaspace       used 57272K, committed 58368K, reserved 1114112K
  class space    used 7654K, committed 8064K, reserved 1048576K
}
Event: 9702.975 GC heap before
{Heap before GC invocations=23 (full 1):
 garbage-first heap   total 81920K, used 71493K [0x0000000602400000, 0x0000000800000000)
  region size 4096K, 12 young (49152K), 0 survivors (0K)
 Metaspace       used 57431K, committed 58368K, reserved 1114112K
  class space    used 7689K, committed 8064K, reserved 1048576K
}
Event: 9702.979 GC heap after
{Heap after GC invocations=24 (full 1):
 garbage-first heap   total 81920K, used 27029K [0x0000000602400000, 0x0000000800000000)
  region size 4096K, 2 young (8192K), 2 survivors (8192K)
 Metaspace       used 57431K, committed 58368K, reserved 1114112K
  class space    used 7689K, committed 8064K, reserved 1048576K
}
Event: 10096.437 GC heap before
{Heap before GC invocations=25 (full 1):
 garbage-first heap   total 81920K, used 59797K [0x0000000602400000, 0x0000000800000000)
  region size 4096K, 11 young (45056K), 2 survivors (8192K)
 Metaspace       used 57797K, committed 58496K, reserved 1114112K
  class space    used 7756K, committed 8064K, reserved 1048576K
}
Event: 10096.441 GC heap after
{Heap after GC invocations=26 (full 1):
 garbage-first heap   total 303104K, used 26435K [0x0000000602400000, 0x0000000800000000)
  region size 4096K, 1 young (4096K), 1 survivors (4096K)
 Metaspace       used 57797K, committed 58496K, reserved 1114112K
  class space    used 7756K, committed 8064K, reserved 1048576K
}

Dll operation events (12 events):
Event: 0.008 Loaded shared library C:\pleiades\2024-03\java\21\bin\java.dll
Event: 0.222 Loaded shared library C:\pleiades\2024-03\java\21\bin\zip.dll
Event: 0.229 Loaded shared library C:\pleiades\2024-03\java\21\bin\instrument.dll
Event: 0.234 Loaded shared library C:\pleiades\2024-03\java\21\bin\net.dll
Event: 0.235 Loaded shared library C:\pleiades\2024-03\java\21\bin\nio.dll
Event: 0.243 Loaded shared library C:\pleiades\2024-03\java\21\bin\zip.dll
Event: 0.364 Loaded shared library C:\pleiades\2024-03\java\21\bin\jimage.dll
Event: 0.410 Loaded shared library C:\pleiades\2024-03\java\21\bin\management.dll
Event: 0.418 Loaded shared library C:\pleiades\2024-03\java\21\bin\management_ext.dll
Event: 0.617 Loaded shared library C:\pleiades\2024-03\java\21\bin\verify.dll
Event: 0.708 Loaded shared library C:\pleiades\2024-03\java\21\bin\extnet.dll
Event: 1.994 Loaded shared library C:\pleiades\2024-03\java\21\bin\sunmscapi.dll

Deoptimization events (20 events):
Event: 10096.764 Thread 0x000002670d88c880 DEOPT PACKING pc=0x00000266b50ebf6c sp=0x00000097048f8ac0
Event: 10096.764 Thread 0x000002670d88c880 DEOPT UNPACKING pc=0x00000266b4944e42 sp=0x00000097048f7ff8 mode 1
Event: 10096.764 Thread 0x000002670d88c880 DEOPT PACKING pc=0x00000266b50ed2f4 sp=0x00000097048f8bb0
Event: 10096.764 Thread 0x000002670d88c880 DEOPT UNPACKING pc=0x00000266b4944e42 sp=0x00000097048f8160 mode 1
Event: 10096.764 Thread 0x000002670d88c880 DEOPT PACKING pc=0x00000266b50ee62c sp=0x00000097048f8d20
Event: 10096.764 Thread 0x000002670d88c880 DEOPT UNPACKING pc=0x00000266b4944e42 sp=0x00000097048f82e0 mode 1
Event: 10096.764 Thread 0x000002670d88c880 DEOPT PACKING pc=0x00000266b50ebf6c sp=0x00000097048fa9d0
Event: 10096.764 Thread 0x000002670d88c880 DEOPT UNPACKING pc=0x00000266b4944e42 sp=0x00000097048f9f08 mode 1
Event: 10096.764 Thread 0x000002670d88c880 DEOPT PACKING pc=0x00000266b50ed2f4 sp=0x00000097048faac0
Event: 10096.764 Thread 0x000002670d88c880 DEOPT UNPACKING pc=0x00000266b4944e42 sp=0x00000097048fa070 mode 1
Event: 10096.764 Thread 0x000002670d88c880 DEOPT PACKING pc=0x00000266b50ee62c sp=0x00000097048fac30
Event: 10096.764 Thread 0x000002670d88c880 DEOPT UNPACKING pc=0x00000266b4944e42 sp=0x00000097048fa1f0 mode 1
Event: 10096.765 Thread 0x000002670d88c880 DEOPT PACKING pc=0x00000266b50cba34 sp=0x00000097048fbde0
Event: 10096.765 Thread 0x000002670d88c880 DEOPT UNPACKING pc=0x00000266b4944e42 sp=0x00000097048fb340 mode 1
Event: 10096.765 Thread 0x000002670d88c880 DEOPT PACKING pc=0x00000266b553cbec sp=0x00000097048fbf00
Event: 10096.765 Thread 0x000002670d88c880 DEOPT UNPACKING pc=0x00000266b4944e42 sp=0x00000097048fb3d0 mode 1
Event: 10096.765 Thread 0x000002670d88c880 DEOPT PACKING pc=0x00000266b50cba34 sp=0x00000097048fbdd0
Event: 10096.765 Thread 0x000002670d88c880 DEOPT UNPACKING pc=0x00000266b4944e42 sp=0x00000097048fb348 mode 1
Event: 10140.676 Thread 0x000002670d88c880 DEOPT PACKING pc=0x00000266b4d37934 sp=0x00000097048fdf80
Event: 10140.676 Thread 0x000002670d88c880 DEOPT UNPACKING pc=0x00000266b4944e42 sp=0x00000097048fd438 mode 0

Classes loaded (20 events):
Event: 9702.384 Loading class java/util/concurrent/locks/AbstractQueuedSynchronizer$SharedNode
Event: 9702.385 Loading class java/util/concurrent/locks/AbstractQueuedSynchronizer$SharedNode done
Event: 9702.403 Loading class sun/util/locale/LocaleExtensions
Event: 9702.403 Loading class sun/util/locale/LocaleExtensions done
Event: 9702.403 Loading class java/util/Locale$FilteringMode
Event: 9702.403 Loading class java/util/Locale$FilteringMode done
Event: 9702.403 Loading class java/util/Locale$IsoCountryCode
Event: 9702.403 Loading class java/util/Locale$IsoCountryCode done
Event: 9702.404 Loading class java/io/ObjectOutputStream$PutFieldImpl
Event: 9702.404 Loading class java/io/ObjectOutputStream$PutField
Event: 9702.404 Loading class java/io/ObjectOutputStream$PutField done
Event: 9702.404 Loading class java/io/ObjectOutputStream$PutFieldImpl done
Event: 9702.404 Loading class java/io/FileOutputStream$1
Event: 9702.404 Loading class java/io/FileOutputStream$1 done
Event: 9702.469 Loading class java/lang/ref/Finalizer$2
Event: 9702.469 Loading class java/lang/ref/Finalizer$2 done
Event: 9702.469 Loading class java/lang/ref/Finalizer$1
Event: 9702.469 Loading class java/lang/ref/Finalizer$1 done
Event: 9703.048 Loading class java/time/DurationEditor
Event: 9703.048 Loading class java/time/DurationEditor done

Classes unloaded (20 events):
Event: 9702.998 Thread 0x00000266c258c6c0 Unloading class 0x00000266c7400c00 'java/lang/invoke/LambdaForm$MH+0x00000266c7400c00'
Event: 9702.998 Thread 0x00000266c258c6c0 Unloading class 0x00000266c7401000 'java/lang/invoke/LambdaForm$MH+0x00000266c7401000'
Event: 9702.998 Thread 0x00000266c258c6c0 Unloading class 0x00000266c741d000 'java/lang/invoke/LambdaForm$MH+0x00000266c741d000'
Event: 9702.998 Thread 0x00000266c258c6c0 Unloading class 0x00000266c7434800 'java/lang/invoke/LambdaForm$MH+0x00000266c7434800'
Event: 9702.998 Thread 0x00000266c258c6c0 Unloading class 0x00000266c7435c00 'java/lang/invoke/LambdaForm$MH+0x00000266c7435c00'
Event: 9702.998 Thread 0x00000266c258c6c0 Unloading class 0x00000266c7438000 'java/lang/invoke/LambdaForm$MH+0x00000266c7438000'
Event: 9702.998 Thread 0x00000266c258c6c0 Unloading class 0x00000266c7450800 'java/lang/invoke/LambdaForm$MH+0x00000266c7450800'
Event: 9702.998 Thread 0x00000266c258c6c0 Unloading class 0x00000266c765d000 'java/lang/invoke/LambdaForm$MH+0x00000266c765d000'
Event: 9702.998 Thread 0x00000266c258c6c0 Unloading class 0x00000266c765d800 'java/lang/invoke/LambdaForm$MH+0x00000266c765d800'
Event: 9702.998 Thread 0x00000266c258c6c0 Unloading class 0x00000266c7660000 'java/lang/invoke/LambdaForm$MH+0x00000266c7660000'
Event: 9702.998 Thread 0x00000266c258c6c0 Unloading class 0x00000266c768c400 'java/lang/invoke/LambdaForm$MH+0x00000266c768c400'
Event: 9702.998 Thread 0x00000266c258c6c0 Unloading class 0x00000266c76d1000 'java/lang/invoke/LambdaForm$MH+0x00000266c76d1000'
Event: 9702.998 Thread 0x00000266c258c6c0 Unloading class 0x00000266c76d2400 'java/lang/invoke/LambdaForm$MH+0x00000266c76d2400'
Event: 9702.998 Thread 0x00000266c258c6c0 Unloading class 0x00000266c76d3000 'java/lang/invoke/LambdaForm$MH+0x00000266c76d3000'
Event: 9702.998 Thread 0x00000266c258c6c0 Unloading class 0x00000266c76e1c00 'java/lang/invoke/LambdaForm$MH+0x00000266c76e1c00'
Event: 9702.998 Thread 0x00000266c258c6c0 Unloading class 0x00000266c76e9800 'java/lang/invoke/LambdaForm$MH+0x00000266c76e9800'
Event: 9702.998 Thread 0x00000266c258c6c0 Unloading class 0x00000266c76eb400 'jdk/internal/reflect/GeneratedSerializationConstructorAccessor33'
Event: 9702.998 Thread 0x00000266c258c6c0 Unloading class 0x00000266c76f8800 'jdk/internal/reflect/GeneratedSerializationConstructorAccessor32'
Event: 9702.998 Thread 0x00000266c258c6c0 Unloading class 0x00000266c76f9400 'jdk/internal/reflect/GeneratedSerializationConstructorAccessor31'
Event: 9702.998 Thread 0x00000266c258c6c0 Unloading class 0x00000266c76fa000 'jdk/internal/reflect/GeneratedSerializationConstructorAccessor30'

Classes redefined (1 events):
Event: 10140.700 Thread 0x00000266c258c6c0 redefined class name=com.example.demo.service.LeaningDataService, count=1

Internal exceptions (20 events):
Event: 9702.807 Thread 0x000002670d88a120 Exception <a 'java/lang/NoClassDefFoundError'{0x0000000605513798}: org/springframework/batch/core/repository/JobRepository> (0x0000000605513798) 
thrown [s\src\hotspot\share\oops\constantPool.cpp, line 871]
Event: 9702.809 Thread 0x000002670d88a120 Exception <a 'java/lang/NoClassDefFoundError'{0x0000000605513df0}: org/quartz/Scheduler> (0x0000000605513df0) 
thrown [s\src\hotspot\share\oops\constantPool.cpp, line 871]
Event: 9702.810 Thread 0x000002670d88a120 Exception <a 'java/lang/NoClassDefFoundError'{0x0000000605514470}: org/springframework/session/jdbc/JdbcIndexedSessionRepository> (0x0000000605514470) 
thrown [s\src\hotspot\share\oops\constantPool.cpp, line 871]
Event: 9702.813 Thread 0x000002670d88a120 Exception <a 'java/lang/NoClassDefFoundError'{0x0000000605573fe8}: org/jooq/DSLContext> (0x0000000605573fe8) 
thrown [s\src\hotspot\share\oops\constantPool.cpp, line 871]
Event: 9702.814 Thread 0x000002670d88a120 Exception <a 'java/lang/NoClassDefFoundError'{0x00000006055758c8}: jakarta/persistence/EntityManagerFactory> (0x00000006055758c8) 
thrown [s\src\hotspot\share\oops\constantPool.cpp, line 871]
Event: 9702.872 Thread 0x000002670d88a120 Exception <a 'java/lang/NoSuchMethodError'{0x0000000604c6ad70}: 'int java.lang.invoke.DirectMethodHandle$Holder.invokeVirtual(java.lang.Object, java.lang.Object, java.lang.Object, java.lang.Object)'> (0x0000000604c6ad70) 
thrown [s\src\hotspot\share\interpreter\linkResolver.cpp, line 773]
Event: 9702.872 Thread 0x000002670d88a120 Exception <a 'java/lang/NoSuchMethodError'{0x0000000604c6e338}: 'int java.lang.invoke.DelegatingMethodHandle$Holder.reinvoke_L(java.lang.Object, java.lang.Object, java.lang.Object, java.lang.Object)'> (0x0000000604c6e338) 
thrown [s\src\hotspot\share\interpreter\linkResolver.cpp, line 773]
Event: 9702.880 Thread 0x000002670d88a120 Exception <a 'java/io/FileNotFoundException'{0x0000000604cfa160}> (0x0000000604cfa160) 
thrown [s\src\hotspot\share\prims\jni.cpp, line 520]
Event: 9703.139 Thread 0x000002670d887330 Exception <a 'java/lang/InterruptedException'{0x0000000606b21800}: sleep interrupted> (0x0000000606b21800) 
thrown [s\src\hotspot\share\prims\jvm.cpp, line 3074]
Event: 9703.162 Thread 0x000002670d88a120 Exception <a 'java/lang/NoClassDefFoundError'{0x00000006065a10e0}: liquibase/exception/ChangeLogParseException> (0x00000006065a10e0) 
thrown [s\src\hotspot\share\classfile\systemDictionary.cpp, line 301]
Event: 9904.852 Thread 0x00000266c51e8f80 Exception <a 'java/lang/NoSuchMethodError'{0x0000000605df8860}: static [B.<clinit>()V> (0x0000000605df8860) 
thrown [s\src\hotspot\share\prims\jni.cpp, line 1106]
Event: 10096.365 Thread 0x000002670d88c880 Exception <a 'sun/nio/fs/WindowsException'{0x00000006054fd9d8}> (0x00000006054fd9d8) 
thrown [s\src\hotspot\share\prims\jni.cpp, line 520]
Event: 10096.606 Thread 0x000002670d88c880 Exception <a 'java/lang/NoClassDefFoundError'{0x0000000613b9a838}: org/flywaydb/core/Flyway> (0x0000000613b9a838) 
thrown [s\src\hotspot\share\oops\constantPool.cpp, line 871]
Event: 10096.607 Thread 0x000002670d88c880 Exception <a 'java/lang/NoClassDefFoundError'{0x0000000613b9ae98}: liquibase/integration/spring/SpringLiquibase> (0x0000000613b9ae98) 
thrown [s\src\hotspot\share\oops\constantPool.cpp, line 871]
Event: 10096.610 Thread 0x000002670d88c880 Exception <a 'java/lang/NoClassDefFoundError'{0x0000000613bb5ac0}: org/springframework/batch/core/repository/JobRepository> (0x0000000613bb5ac0) 
thrown [s\src\hotspot\share\oops\constantPool.cpp, line 871]
Event: 10096.611 Thread 0x000002670d88c880 Exception <a 'java/lang/NoClassDefFoundError'{0x0000000613bb6118}: org/quartz/Scheduler> (0x0000000613bb6118) 
thrown [s\src\hotspot\share\oops\constantPool.cpp, line 871]
Event: 10096.612 Thread 0x000002670d88c880 Exception <a 'java/lang/NoClassDefFoundError'{0x0000000613bb6798}: org/springframework/session/jdbc/JdbcIndexedSessionRepository> (0x0000000613bb6798) 
thrown [s\src\hotspot\share\oops\constantPool.cpp, line 871]
Event: 10096.616 Thread 0x000002670d88c880 Exception <a 'java/lang/NoClassDefFoundError'{0x0000000613402370}: org/jooq/DSLContext> (0x0000000613402370) 
thrown [s\src\hotspot\share\oops\constantPool.cpp, line 871]
Event: 10096.617 Thread 0x000002670d88c880 Exception <a 'java/lang/NoClassDefFoundError'{0x0000000613403c50}: jakarta/persistence/EntityManagerFactory> (0x0000000613403c50) 
thrown [s\src\hotspot\share\oops\constantPool.cpp, line 871]
Event: 10096.658 Thread 0x000002670d88c880 Exception <a 'java/io/FileNotFoundException'{0x00000006132774f8}> (0x00000006132774f8) 
thrown [s\src\hotspot\share\prims\jni.cpp, line 520]

ZGC Phase Switch (0 events):
No events

VM Operations (20 events):
Event: 10097.078 Executing VM operation: get/set locals
Event: 10097.078 Executing VM operation: get/set locals done
Event: 10097.079 Executing VM operation: get/set locals
Event: 10097.079 Executing VM operation: get/set locals done
Event: 10097.080 Executing VM operation: get/set locals
Event: 10097.080 Executing VM operation: get/set locals done
Event: 10097.081 Executing VM operation: get/set locals
Event: 10097.082 Executing VM operation: get/set locals done
Event: 10102.818 Executing VM operation: HandshakeAllThreads (HandshakeForDeflation)
Event: 10102.818 Executing VM operation: HandshakeAllThreads (HandshakeForDeflation) done
Event: 10102.818 Executing VM operation: RendezvousGCThreads
Event: 10102.818 Executing VM operation: RendezvousGCThreads done
Event: 10140.676 Executing VM operation: ChangeSingleStep
Event: 10140.676 Executing VM operation: ChangeSingleStep done
Event: 10140.677 Executing VM operation: ChangeSingleStep
Event: 10140.677 Executing VM operation: ChangeSingleStep done
Event: 10140.691 Executing VM operation: RedefineClasses
Event: 10140.717 Executing VM operation: RedefineClasses done
Event: 10140.718 Executing VM operation: ChangeSingleStep
Event: 10140.718 Executing VM operation: ChangeSingleStep done

Events (20 events):
Event: 10096.685 Thread 0x000002670d868920 Thread added: 0x000002670d868920
Event: 10096.687 Thread 0x000002670d886610 Thread added: 0x000002670d886610
Event: 10096.701 Thread 0x000002670d88a7b0 Thread added: 0x000002670d88a7b0
Event: 10096.702 Thread 0x000002670d886ca0 Thread added: 0x000002670d886ca0
Event: 10096.702 Thread 0x000002670d88bb60 Thread added: 0x000002670d88bb60
Event: 10096.702 Thread 0x000002670d885f80 Thread added: 0x000002670d885f80
Event: 10096.702 Thread 0x000002670d887330 Thread added: 0x000002670d887330
Event: 10096.702 Thread 0x000002670d88ae40 Thread added: 0x000002670d88ae40
Event: 10096.702 Thread 0x000002670d8879c0 Thread added: 0x000002670d8879c0
Event: 10096.703 Thread 0x000002670d888050 Thread added: 0x000002670d888050
Event: 10096.703 Thread 0x000002670d8886e0 Thread added: 0x000002670d8886e0
Event: 10096.703 Thread 0x000002670d88a120 Thread added: 0x000002670d88a120
Event: 10096.703 Thread 0x000002670d888d70 Thread added: 0x000002670d888d70
Event: 10096.703 Thread 0x000002670d88cf10 Thread added: 0x000002670d88cf10
Event: 10096.704 Thread 0x000002670d889400 Thread added: 0x000002670d889400
Event: 10096.789 Thread 0x000002670d88c1f0 Thread added: 0x000002670d88c1f0
Event: 10102.187 Thread 0x000002670d868920 Thread exited: 0x000002670d868920
Event: 10102.187 Thread 0x000002670bbf1520 Thread exited: 0x000002670bbf1520
Event: 10102.235 Thread 0x000002670d88c1f0 Thread exited: 0x000002670d88c1f0
Event: 10107.197 Thread 0x000002670d9f07e0 Thread exited: 0x000002670d9f07e0


Dynamic libraries:
0x00007ff716390000 - 0x00007ff71639e000 	C:\pleiades\2024-03\java\21\bin\javaw.exe
0x00007ffd259d0000 - 0x00007ffd25be7000 	C:\WINDOWS\SYSTEM32\ntdll.dll
0x00007ffd24b10000 - 0x00007ffd24bd4000 	C:\WINDOWS\System32\KERNEL32.DLL
0x00007ffd23240000 - 0x00007ffd235ed000 	C:\WINDOWS\System32\KERNELBASE.dll
0x00007ffd23120000 - 0x00007ffd23231000 	C:\WINDOWS\System32\ucrtbase.dll
0x00007ffd0f880000 - 0x00007ffd0f898000 	C:\pleiades\2024-03\java\21\bin\jli.dll
0x00007ffd11360000 - 0x00007ffd1137b000 	C:\pleiades\2024-03\java\21\bin\VCRUNTIME140.dll
0x00007ffd24be0000 - 0x00007ffd24d8e000 	C:\WINDOWS\System32\USER32.dll
0x00007ffd0edb0000 - 0x00007ffd0f043000 	C:\WINDOWS\WinSxS\amd64_microsoft.windows.common-controls_6595b64144ccf1df_6.0.22621.3672_none_2713b9d173822955\COMCTL32.dll
0x00007ffd22dc0000 - 0x00007ffd22de6000 	C:\WINDOWS\System32\win32u.dll
0x00007ffd23850000 - 0x00007ffd238f7000 	C:\WINDOWS\System32\msvcrt.dll
0x00007ffd258e0000 - 0x00007ffd25909000 	C:\WINDOWS\System32\GDI32.dll
0x00007ffd235f0000 - 0x00007ffd23709000 	C:\WINDOWS\System32\gdi32full.dll
0x00007ffd23080000 - 0x00007ffd2311a000 	C:\WINDOWS\System32\msvcp_win.dll
0x00007ffd241c0000 - 0x00007ffd241f1000 	C:\WINDOWS\System32\IMM32.DLL
0x00007ffd11a40000 - 0x00007ffd11a4c000 	C:\pleiades\2024-03\java\21\bin\vcruntime140_1.dll
0x00007ffd01c40000 - 0x00007ffd01cce000 	C:\pleiades\2024-03\java\21\bin\msvcp140.dll
0x00007ffc38a40000 - 0x00007ffc397c3000 	C:\pleiades\2024-03\java\21\bin\server\jvm.dll
0x00007ffd23710000 - 0x00007ffd237c2000 	C:\WINDOWS\System32\ADVAPI32.dll
0x00007ffd23900000 - 0x00007ffd239a9000 	C:\WINDOWS\System32\sechost.dll
0x00007ffd22fd0000 - 0x00007ffd22ff8000 	C:\WINDOWS\System32\bcrypt.dll
0x00007ffd25770000 - 0x00007ffd25884000 	C:\WINDOWS\System32\RPCRT4.dll
0x00007ffd25910000 - 0x00007ffd25981000 	C:\WINDOWS\System32\WS2_32.dll
0x00007ffd21a60000 - 0x00007ffd21aad000 	C:\WINDOWS\SYSTEM32\POWRPROF.dll
0x00007ffd1ad80000 - 0x00007ffd1adb4000 	C:\WINDOWS\SYSTEM32\WINMM.dll
0x00007ffd17a30000 - 0x00007ffd17a3a000 	C:\WINDOWS\SYSTEM32\VERSION.dll
0x00007ffd21a40000 - 0x00007ffd21a53000 	C:\WINDOWS\SYSTEM32\UMPDC.dll
0x00007ffd21cf0000 - 0x00007ffd21d08000 	C:\WINDOWS\SYSTEM32\kernel.appcore.dll
0x00007ffd0f8b0000 - 0x00007ffd0f8ba000 	C:\pleiades\2024-03\java\21\bin\jimage.dll
0x00007ffd0eb70000 - 0x00007ffd0eda2000 	C:\WINDOWS\SYSTEM32\DBGHELP.DLL
0x00007ffd23c90000 - 0x00007ffd24018000 	C:\WINDOWS\System32\combase.dll
0x00007ffd25690000 - 0x00007ffd25767000 	C:\WINDOWS\System32\OLEAUT32.dll
0x00007ffd0f900000 - 0x00007ffd0f932000 	C:\WINDOWS\SYSTEM32\dbgcore.DLL
0x00007ffd23000000 - 0x00007ffd2307b000 	C:\WINDOWS\System32\bcryptPrimitives.dll
0x00007ffd0c850000 - 0x00007ffd0c88c000 	C:\pleiades\2024-03\java\21\bin\jdwp.dll
0x00007ffd0f8a0000 - 0x00007ffd0f8af000 	C:\pleiades\2024-03\java\21\bin\instrument.dll
0x00007ffd0f860000 - 0x00007ffd0f87f000 	C:\pleiades\2024-03\java\21\bin\java.dll
0x00007ffd242b0000 - 0x00007ffd24b0f000 	C:\WINDOWS\System32\SHELL32.dll
0x00007ffd20940000 - 0x00007ffd2123c000 	C:\WINDOWS\SYSTEM32\windows.storage.dll
0x00007ffd20800000 - 0x00007ffd2093f000 	C:\WINDOWS\SYSTEM32\wintypes.dll
0x00007ffd239b0000 - 0x00007ffd23aa4000 	C:\WINDOWS\System32\SHCORE.dll
0x00007ffd24160000 - 0x00007ffd241be000 	C:\WINDOWS\System32\shlwapi.dll
0x00007ffd22c30000 - 0x00007ffd22c51000 	C:\WINDOWS\SYSTEM32\profapi.dll
0x00007ffd0b920000 - 0x00007ffd0b92c000 	C:\pleiades\2024-03\java\21\bin\dt_socket.dll
0x00007ffd21490000 - 0x00007ffd214bd000 	C:\WINDOWS\SYSTEM32\IPHLPAPI.DLL
0x00007ffd22290000 - 0x00007ffd222f9000 	C:\WINDOWS\system32\mswsock.dll
0x00007ffd214c0000 - 0x00007ffd215b8000 	C:\WINDOWS\SYSTEM32\DNSAPI.dll
0x00007ffd23ab0000 - 0x00007ffd23ab9000 	C:\WINDOWS\System32\NSI.dll
0x00007ffd17780000 - 0x00007ffd1778a000 	C:\Windows\System32\rasadhlp.dll
0x00007ffd19390000 - 0x00007ffd19413000 	C:\WINDOWS\System32\fwpuclnt.dll
0x00007ffd03e70000 - 0x00007ffd03e88000 	C:\pleiades\2024-03\java\21\bin\zip.dll
0x00007ffd0f6c0000 - 0x00007ffd0f6d0000 	C:\pleiades\2024-03\java\21\bin\net.dll
0x00007ffd21d10000 - 0x00007ffd21e46000 	C:\WINDOWS\SYSTEM32\WINHTTP.dll
0x00007ffd03e50000 - 0x00007ffd03e66000 	C:\pleiades\2024-03\java\21\bin\nio.dll
0x00007ffd0b7f0000 - 0x00007ffd0b7fa000 	C:\pleiades\2024-03\java\21\bin\management.dll
0x00007ffd08070000 - 0x00007ffd0807b000 	C:\pleiades\2024-03\java\21\bin\management_ext.dll
0x00007ffd24150000 - 0x00007ffd24158000 	C:\WINDOWS\System32\PSAPI.DLL
0x00007ffd02f80000 - 0x00007ffd02f97000 	C:\WINDOWS\system32\napinsp.dll
0x00007ffd02f60000 - 0x00007ffd02f7b000 	C:\WINDOWS\system32\pnrpnsp.dll
0x00007ffd02eb0000 - 0x00007ffd02ec1000 	C:\WINDOWS\System32\winrnr.dll
0x00007ffd1a490000 - 0x00007ffd1a4a5000 	C:\WINDOWS\system32\wshbth.dll
0x00007ffd02e80000 - 0x00007ffd02ea7000 	C:\WINDOWS\system32\nlansp_c.dll
0x00007ffd06f40000 - 0x00007ffd06f50000 	C:\pleiades\2024-03\java\21\bin\verify.dll
0x00007ffd22530000 - 0x00007ffd2254b000 	C:\WINDOWS\SYSTEM32\CRYPTSP.dll
0x00007ffd21c50000 - 0x00007ffd21c85000 	C:\WINDOWS\system32\rsaenh.dll
0x00007ffd22330000 - 0x00007ffd22358000 	C:\WINDOWS\SYSTEM32\USERENV.dll
0x00007ffd22510000 - 0x00007ffd2251c000 	C:\WINDOWS\SYSTEM32\CRYPTBASE.dll
0x00007ffd1df00000 - 0x00007ffd1df09000 	C:\pleiades\2024-03\java\21\bin\extnet.dll
0x00007ffd11a80000 - 0x00007ffd11a8e000 	C:\pleiades\2024-03\java\21\bin\sunmscapi.dll
0x00007ffd22e60000 - 0x00007ffd22fc7000 	C:\WINDOWS\System32\CRYPT32.dll
0x00007ffd22630000 - 0x00007ffd2265e000 	C:\WINDOWS\SYSTEM32\ncrypt.dll
0x00007ffd225f0000 - 0x00007ffd22627000 	C:\WINDOWS\SYSTEM32\NTASN1.dll
0x00007ffd06f50000 - 0x00007ffd06f58000 	C:\WINDOWS\system32\wshunix.dll

dbghelp: loaded successfully - version: 4.0.5 - missing functions: none
symbol engine: initialized successfully - sym options: 0x614 - pdb path: .;C:\pleiades\2024-03\java\21\bin;C:\WINDOWS\SYSTEM32;C:\WINDOWS\WinSxS\amd64_microsoft.windows.common-controls_6595b64144ccf1df_6.0.22621.3672_none_2713b9d173822955;C:\pleiades\2024-03\java\21\bin\server

VM Arguments:
jvm_args: -XX:+ShowCodeDetailsInExceptionMessages -agentlib:jdwp=transport=dt_socket,suspend=y,address=localhost:51809 -Dcom.sun.management.jmxremote -Dcom.sun.management.jmxremote.port=51808 -Dcom.sun.management.jmxremote.authenticate=false -Dcom.sun.management.jmxremote.ssl=false -Djava.rmi.server.hostname=localhost -Dspring.jmx.enabled=true -Dmanagement.endpoints.jmx.exposure.include=* -Dspring.application.admin.enabled=true -XX:TieredStopAtLevel=1 -Dspring.boot.project.name=myportfolio -javaagent:C:\pleiades\2024-03\eclipse\configuration\org.eclipse.osgi\251\0\.cp\lib\javaagent-shaded.jar -Dfile.encoding=UTF-8 -Dstdout.encoding=UTF-8 -Dstderr.encoding=UTF-8 
java_command: com.example.demo.MyportfolioApplication --spring.output.ansi.enabled=always
java_class_path (initial): C:\pleiades\2024-06\myportfolio\bin\main;C:\Users\cq\.gradle\caches\modules-2\files-2.1\org.projectlombok\lombok\1.18.32\17d46b3e205515e1e8efd3ee4d57ce8018914163\lombok-1.18.32.jar;C:\Users\cq\.gradle\caches\modules-2\files-2.1\org.springframework.boot\spring-boot-starter-data-jdbc\3.3.0\6e1ccba31a556b499ae7aa2349992500924c89ed\spring-boot-starter-data-jdbc-3.3.0.jar;C:\Users\cq\.gradle\caches\modules-2\files-2.1\org.springframework.boot\spring-boot-starter-thymeleaf\3.3.0\b5321bd6f080ec0f373793b54d55a62f380aa815\spring-boot-starter-thymeleaf-3.3.0.jar;C:\Users\cq\.gradle\caches\modules-2\files-2.1\org.springframework.boot\spring-boot-starter-validation\3.3.0\567b0ee4be72f0888addbbb52f66979d5e6ecf1\spring-boot-starter-validation-3.3.0.jar;C:\Users\cq\.gradle\caches\modules-2\files-2.1\org.springframework.boot\spring-boot-starter-web\3.3.0\d8f587bc52e6c31dc4f161a49ce8f5e19f8853a9\spring-boot-starter-web-3.3.0.jar;C:\Users\cq\.gradle\caches\modules-2\files-2.1\org.mybatis.spring.boot\mybatis-spring-boot-starter\3.0.3\19528356bf8bad2be5f8bf796dfc30bcc4996054\mybatis-spring-boot-starter-3.0.3.jar;C:\Users\cq\.gradle\caches\modules-2\files-2.1\org.springframework.boot\spring-boot-starter-security\3.3.0\2d20fb8d3b186343c689a16bd26798cb32309c8\spring-boot-starter-security-3.3.0.jar;C:\Users\cq\.gradle\caches\modules-2\files-2.1\org.thymeleaf.extras\thymeleaf-extras-springsecurity6\3.1.2.RELEASE\574c188eb147191e2f162419e9fc780fcf3256d7\thymeleaf-extras-springsecurity6-3.1.2.RELEASE.jar;C:\Users\cq\.gradle\caches\modules-2\files-2.1\org.springframework.boot\spring-boot-starter-jdbc\3.3.0\d2521191455fbf05c8d5bb49f39cb6d8fcb004b\spring-boot-starter-jdbc-3.3.0.jar;C:\Users\cq\.gradle\caches\modules-2\files-2.1\org.springframework.data\spring-data-jdbc\3.3.0\30419346c0a126584d18d2be37ad505837bd2646\spring-data-jdbc-3.3.0.jar;C:\Users\cq\.gradle\caches\modules-2\files-2.1\org.springframework.boot\spring-boot-starter-json\3.3.0\1c9938093b372602f121e2b073f490897388cc71\spring-boot-starter-json-3.3.0.jar;C:\Users\cq\.gradle\caches\modules-2\files-2.1\org.springframework.boot\spring-boot-starter\3.3.0\1af929e0fcb10c2bfc3f3619f4ca9049bd927b\spring-boot-starter-3.3.0.jar;C:\Users\cq\.gradle\caches\modules-2\files-2.1\org.thymeleaf\thymeleaf-spring6\3.1.2.RELEASE\6030c7b4e260c41336f378e53da6e8531263f24b\thymeleaf-spring6-3.1.2.RELEASE.jar;C:\Users\cq\.gradle\caches\modules-2\files-2.1\org.springframework.boot\spring-boot-starter-tomcat\3.3.0\f9cdd6f3976d307e10cce065349e331d7162faf2\spring-boot-starter-tomcat-3.3.0.jar;C:\Users\cq\.gradle\caches\modules-2\files-2.1\org.apache.tomcat.embed\tomcat-embed-el\10.1.24\6e9c9dce63c10f903cb0aaaeff45f5f7092f5527\tomcat-embed-el-10.1.24.jar;C:\Users\cq\.gradle\caches\modules-2\files-2.1\org.hibernate.validator\hibernate-validator\8.0.1.Final\e49e116b3d3928060599b176b3538bb848718e95\hibernate-validator-8.0.1.Final.jar;C:\Users\cq\.gradle\caches\modules-2\files-2.1\org.springframework\spring-webmvc\6.1.8\8496f8c010625bc0b857d19d2e93a9bdd691c1af\spring-webmvc-6.1.8.jar;C:\Users\cq\.gradle\caches\modules-2\files-2.1\org.springframework.security\spring-security-web\6.3.0\dfdec2d22d6dff861af9e17e0893e3edc742694a\spring-security-web-6.3.0.jar;C:\Users\cq\.gradle\caches\modules-2\files-2.1\org.springframework\spring-web\6.1.8\1461405dc325c82a0a058df033bee3d8c6dd6e41\spring-web-6.1.8.jar;C:\Users\cq\.gradle\caches\modules-2\files-2.1\org.mybatis.spring.boot\mybatis-spring-boot-autoconfigure\3.0.3\b73a2effa4f60a2eeca98aa12ea3437faede0f73\mybatis-spring-boot-autoconfigure-3.0.3.jar;C:\Users\cq\.gradle\caches\modules-2\files-2.1\org.mybatis\mybatis\3.5.14\d94d2267d1caf1c31748123e671dcea5ad1a6f8\mybatis-3.5.14.jar;C:\Users\cq\.gradle\caches\modules-2\files-2.1\org.mybatis\mybatis-spring\3.0.3\5a4ab31bfb62bca615b39ade93de2a607e9b9403\mybatis-spring-3.0.3.jar;C:\Users\cq\.gradle\caches\modules-2\files-2.1\org.springframework.security\spring-security-config\6.3.0\51f6d9efa687095543086735578f34241200bf83\spring-security-config-6.3.0.jar;C:\Users\cq\.gradle\caches\modules-2\files-2.1\org.springframework.data\spring-data-relational\3.3.0\886b09da220c4c99dbf3a2efe4a151202cf8806b\spring-data-relational-3.3.0.jar;C:\Users\cq\.gradle\caches\modules-2\files-2.1\org.springframework.boot\spring-boot-autoconfigure\3.3.0\1d98cfa94223e6a3a0e0ad301822cef90cc04fbc\spring-boot-autoconfigure-3.3.0.jar;C:\Users\cq\.gradle\caches\modules-2\files-2.1\org.springframework.boot\spring-boot\3.3.0\83d42f81f312d71b9425f58d1d3f9e8970e51b22\spring-boot-3.3.0.jar;C:\Users\cq\.gradle\caches\modules-2\files-2.1\org.springframework.security\spring-security-core\6.3.0\5775b401f2764e72bc8a47300a940b2d1e4ea719\spring-security-core-6.3.0.jar;C:\Users\cq\.gradle\caches\modules-2\files-2.1\org.springframework\spring-context\6.1.8\21219a0df58e5b96ef489a172b449232573352e8\spring-context-6.1.8.jar;C:\Users\cq\.gradle\caches\modules-2\files-2.1\org.springframework\spring-aop\6.1.8\ef793a21e405a88d9d32b92cb459c845ee12b271\spring-aop-6.1.8.jar;C:\Users\cq\.gradle\caches\modules-2\files-2.1\com.zaxxer\HikariCP\5.1.0\8c96e36c14461fc436bb02b264b96ef3ca5dca8c\HikariCP-5.1.0.jar;C:\Users\cq\.gradle\caches\modules-2\files-2.1\org.springframework.data\spring-data-commons\3.3.0\4dc8ab6219476c3893b27f29ea232ad71911c86e\spring-data-commons-3.3.0.jar;C:\Users\cq\.gradle\caches\modules-2\files-2.1\org.thymeleaf\thymeleaf\3.1.2.RELEASE\273997509a4c7aef86cee0521750140c587d9be2\thymeleaf-3.1.2.RELEASE.jar;C:\Users\cq\.gradle\caches\modules-2\files-2.1\org.springframework.boot\spring-boot-starter-logging\3.3.0\79a400c9d7ce3a7cecf296fda402e3100a099bce\spring-boot-starter-logging-3.3.0.jar;C:\Users\cq\.gradle\caches\modules-2\files-2.1\ch.qos.logback\logback-classic\1.5.6\afc75d260d838a3bddfb8f207c2805ed7d1b34f9\logback-classic-1.5.6.jar;C:\Users\cq\.gradle\caches\modules-2\files-2.1\org.apache.logging.log4j\log4j-to-slf4j\2.23.1\425ad1eb8a39904d2830e907a324e956fb456520\log4j-to-slf4j-2.23.1.jar;C:\Users\cq\.gradle\caches\modules-2\files-2.1\org.slf4j\jul-to-slf4j\2.0.13\a3bcd9d9dd50c71ce69f06b1fd05e40fdeff6ba5\jul-to-slf4j-2.0.13.jar;C:\Users\cq\.gradle\caches\modules-2\files-2.1\org.slf4j\slf4j-api\2.0.13\80229737f704b121a318bba5d5deacbcf395bc77\slf4j-api-2.0.13.jar;C:\Users\cq\.gradle\caches\modules-2\files-2.1\org.springframework\spring-jdbc\6.1.8\a744f02da5a64f2b497f143c461a5d5d675051e6\spring-jdbc-6.1.8.jar;C:\Users\cq\.gradle\caches\modules-2\files-2.1\org.springframework\spring-tx\6.1.8\1f0249f1785d39f9e21694aaeb4b02916abda632\spring-tx-6.1.8.jar;C:\Users\cq\.gradle\caches\modules-2\files-2.1\org.springframework\spring-beans\6.1.8\79a5e45383542ff514b5328fe277410cf4054f3b\spring-beans-6.1.8.jar;C:\Users\cq\.gradle\caches\modules-2\files-2.1\org.springframework\spring-expression\6.1.8\dcf78ef442c24f32ff8c6a9746e7f5209b330111\spring-expression-6.1.8.jar;C:\Users\cq\.gradle\caches\modules-2\files-2.1\org.springframework\spring-core\6.1.8\141fc11a5dbaa503fe361150312ad0fa9d9c03da\spring-core-6.1.8.jar;C:\Users\cq\.gradle\caches\modules-2\files-2.1\jakarta.annotation\jakarta.annotation-api\2.1.1\48b9bda22b091b1f48b13af03fe36db3be6e1ae3\jakarta.annotation-api-2.1.1.jar;C:\Users\cq\.gradle\caches\modules-2\files-2.1\org.yaml\snakeyaml\2.2\3af797a25458550a16bf89acc8e4ab2b7f2bfce0\snakeyaml-2.2.jar;C:\Users\cq\.gradle\caches\modules-2\files-2.1\jakarta.validation\jakarta.validation-api\3.0.2\92b6631659ba35ca09e44874d3eb936edfeee532\jakarta.validation-api-3.0.2.jar;C:\Users\cq\.gradle\caches\modules-2\files-2.1\org.jboss.logging\jboss-logging\3.5.3.Final\c88fc1d8a96d4c3491f55d4317458ccad53ca663\jboss-logging-3.5.3.Final.jar;C:\Users\cq\.gradle\caches\modules-2\files-2.1\com.fasterxml\classmate\1.7.0\e98374da1f2143ac8e6e0a95036994bb19137a3\classmate-1.7.0.jar;C:\Users\cq\.gradle\caches\modules-2\files-2.1\com.fasterxml.jackson.datatype\jackson-datatype-jsr310\2.17.1\969b0c3cb8c75d759e9a6c585c44c9b9f3a4f75\jackson-datatype-jsr310-2.17.1.jar;C:\Users\cq\.gradle\caches\modules-2\files-2.1\com.fasterxml.jackson.module\jackson-module-parameter-names\2.17.1\74a998f6fbcedbddedf0a27e8ce72078b2e516a6\jackson-module-parameter-names-2.17.1.jar;C:\Users\cq\.gradle\caches\modules-2\files-2.1\com.fasterxml.jackson.core\jackson-annotations\2.17.1\fca7ef6192c9ad05d07bc50da991bf937a84af3a\jackson-annotations-2.17.1.jar;C:\Users\cq\.gradle\caches\modules-2\files-2.1\com.fasterxml.jackson.core\jackson-core\2.17.1\5e52a11644cd59a28ef79f02bddc2cc3bab45edb\jackson-core-2.17.1.jar;C:\Users\cq\.gradle\caches\modules-2\files-2.1\com.fasterxml.jackson.datatype\jackson-datatype-jdk8\2.17.1\76b495194c36058904c82e288d285a1bd13f0ffa\jackson-datatype-jdk8-2.17.1.jar;C:\Users\cq\.gradle\caches\modules-2\files-2.1\com.fasterxml.jackson.core\jackson-databind\2.17.1\524dcbcccdde7d45a679dfc333e4763feb09079\jackson-databind-2.17.1.jar;C:\Users\cq\.gradle\caches\modules-2\files-2.1\org.apache.tomcat.embed\tomcat-embed-websocket\10.1.24\938419aba5a4f4645b9cd23a9e1d5453e85d09b9\tomcat-embed-websocket-10.1.24.jar;C:\Users\cq\.gradle\caches\modules-2\files-2.1\org.apache.tomcat.embed\tomcat-embed-core\10.1.24\cd9358f0a26d26e1a2c7200f69cb9a302c20ceb4\tomcat-embed-core-10.1.24.jar;C:\Users\cq\.gradle\caches\modules-2\files-2.1\io.micrometer\micrometer-observation\1.13.0\5aa75fbb4367dc3b28e557d14535d21335dc8985\micrometer-observation-1.13.0.jar;C:\Users\cq\.gradle\caches\modules-2\files-2.1\com.github.jsqlparser\jsqlparser\4.6\a4d1bda17df913c8b3ff12d39e35e9efd3a4e01f\jsqlparser-4.6.jar;C:\Users\cq\.gradle\caches\modules-2\files-2.1\org.springframework\spring-jcl\6.1.8\a545266a6efac9283353a922783a0a06f197ec0\spring-jcl-6.1.8.jar;C:\Users\cq\.gradle\caches\modules-2\files-2.1\org.attoparser\attoparser\2.0.7.RELEASE\e5d0e988d9124139d645bb5872b24dfa23e283cc\attoparser-2.0.7.RELEASE.jar;C:\Users\cq\.gradle\caches\modules-2\files-2.1\org.unbescape\unbescape\1.1.6.RELEASE\7b90360afb2b860e09e8347112800d12c12b2a13\unbescape-1.1.6.RELEASE.jar;C:\Users\cq\.gradle\caches\modules-2\files-2.1\io.micrometer\micrometer-commons\1.13.0\156a59aff8d72c5e631eb4a2d739373ed5881609\micrometer-commons-1.13.0.jar;C:\Users\cq\.gradle\caches\modules-2\files-2.1\org.springframework.security\spring-security-crypto\6.3.0\78f15b86c791fc7af446cec84ccd941e2eee32cb\spring-security-crypto-6.3.0.jar;C:\Users\cq\.gradle\caches\modules-2\files-2.1\ch.qos.logback\logback-core\1.5.6\41cbe874701200c5624c19e0ab50d1b88dfcc77d\logback-core-1.5.6.jar;C:\Users\cq\.gradle\caches\modules-2\files-2.1\org.apache.logging.log4j\log4j-api\2.23.1\9c15c29c526d9c6783049c0a77722693c66706e1\log4j-api-2.23.1.jar;C:\Users\cq\.gradle\caches\modules-2\files-2.1\org.springframework.boot\spring-boot-devtools\3.3.0\39c6e0d1648deda614d6876524a2778cbd3ddc3c\spring-boot-devtools-3.3.0.jar;C:\Users\cq\.gradle\caches\modules-2\files-2.1\com.h2database\h2\2.2.224\7bdade27d8cd197d9b5ce9dc251f41d2edc5f7ad\h2-2.2.224.jar;C:\Users\cq\.gradle\caches\modules-2\files-2.1\com.mysql\mysql-connector-j\8.3.0\1cc7fa5d61f4bbc113531a4ba6d85d41cf3d57e1\mysql-connector-j-8.3.0.jar
Launcher Type: SUN_STANDARD

[Global flags]
     intx CICompilerCount                          = 4                                         {product} {ergonomic}
     uint ConcGCThreads                            = 3                                         {product} {ergonomic}
     uint G1ConcRefinementThreads                  = 10                                        {product} {ergonomic}
   size_t G1HeapRegionSize                         = 4194304                                   {product} {ergonomic}
    uintx GCDrainStackTargetSize                   = 64                                        {product} {ergonomic}
   size_t InitialHeapSize                          = 536870912                                 {product} {ergonomic}
     bool ManagementServer                         = true                                      {product} {command line}
   size_t MarkStackSize                            = 4194304                                   {product} {ergonomic}
   size_t MaxHeapSize                              = 8552185856                                {product} {ergonomic}
   size_t MaxNewSize                               = 5129633792                                {product} {ergonomic}
   size_t MinHeapDeltaBytes                        = 4194304                                   {product} {ergonomic}
   size_t MinHeapSize                              = 8388608                                   {product} {ergonomic}
    uintx NonNMethodCodeHeapSize                   = 4096                                   {pd product} {ergonomic}
    uintx NonProfiledCodeHeapSize                  = 0                                      {pd product} {ergonomic}
     bool ProfileInterpreter                       = false                                  {pd product} {command line}
    uintx ProfiledCodeHeapSize                     = 0                                      {pd product} {ergonomic}
     bool ShowCodeDetailsInExceptionMessages       = true                                   {manageable} {command line}
   size_t SoftMaxHeapSize                          = 8552185856                             {manageable} {ergonomic}
     intx TieredStopAtLevel                        = 1                                         {product} {command line}
     bool UseCompressedOops                        = true                           {product lp64_product} {ergonomic}
     bool UseG1GC                                  = true                                      {product} {ergonomic}
     bool UseLargePagesIndividualAllocation        = false                                  {pd product} {ergonomic}

Logging:
Log output configuration:
 #0: stdout all=warning uptime,level,tags foldmultilines=false
 #1: stderr all=off uptime,level,tags foldmultilines=false

Environment Variables:
PATH=C:/pleiades/2024-03/java/21/bin/server;C:/pleiades/2024-03/java/21/bin;C:\MySQL Server 8.4\bin;C:\Program Files\Java\jdk-21\bin;c:\spring-3.0.13\bin;C:\Gradle\gradle-8.7\bin;C:\Program Files\Common Files\Oracle\Java\javapath;C:\Program Files (x86)\Common Files\Intel\Shared Libraries\redist\intel64\compiler;C:\Program Files\ImageMagick-7.1.0-Q16-HDRI;C:\WINDOWS\system32;C:\WINDOWS;C:\WINDOWS\System32\Wbem;C:\WINDOWS\System32\WindowsPowerShell\v1.0\;C:\WINDOWS\System32\OpenSSH\;C:\Program Files\Docker\Docker\resources\bin;C:\Gradle\gradle-8.7\bin;C:\Users\cq\AppData\Local\Microsoft\WindowsApps;C:\chromedriver_win32;sers\cq\AppData\Local\Programs\Microsoft VS Code\bin;;;;C:\Users\cq\AppData\Local\Programs\Git\cmd;C:\Users\cq\AppData\Local\Programs\Microsoft VS Code\bin;C:\pleiades\2024-03\eclipse;
USERNAME=cq
OS=Windows_NT
PROCESSOR_IDENTIFIER=Intel64 Family 6 Model 158 Stepping 10, GenuineIntel
TMP=C:\Users\cq\AppData\Local\Temp
TEMP=C:\Users\cq\AppData\Local\Temp




Periodic native trim disabled

---------------  S Y S T E M  ---------------

OS:
 Windows 11 , 64 bit Build 22621 (10.0.22621.3672)
OS uptime: 0 days 10:12 hours
Hyper-V role detected

CPU: total 12 (initial active 12) (6 cores per cpu, 2 threads per core) family 6 model 158 stepping 10 microcode 0xde, cx8, cmov, fxsr, ht, mmx, 3dnowpref, sse, sse2, sse3, ssse3, sse4.1, sse4.2, popcnt, lzcnt, tsc, tscinvbit, avx, avx2, aes, erms, clmul, bmi1, bmi2, rtm, adx, fma, vzeroupper, clflush, clflushopt, hv, rdtscp, f16c
Processor Information for all 12 processors :
  Max Mhz: 3192, Current Mhz: 3192, Mhz Limit: 3192

Memory: 4k page, system-wide physical 32616M (20175M free)
TotalPageFile size 34664M (AvailPageFile size 17206M)
current process WorkingSet (physical memory assigned to process): 270M, peak: 318M
current process commit charge ("private bytes"): 500M, peak: 643M

vm_info: OpenJDK 64-Bit Server VM (21.0.2+13-LTS) for windows-amd64 JRE (21.0.2+13-LTS), built on 2024-01-16T00:00:00Z by "admin" with unknown MS VC++:1937

END.
